#
# There is insufficient memory for the Java Runtime Environment to continue.
# Native memory allocation (mmap) failed to map 77070336 bytes for committing reserved memory.
# Possible reasons:
#   The system is out of physical RAM or swap space
#   In 32 bit mode, the process size limit was hit
# Possible solutions:
#   Reduce memory load on the system
#   Increase physical memory or swap space
#   Check if swap backing store is full
#   Use 64 bit Java on a 64 bit OS
#   Decrease Java heap size (-Xmx/-Xms)
#   Decrease number of Java threads
#   Decrease Java thread stack sizes (-Xss)
#   Set larger code cache with -XX:ReservedCodeCacheSize=
# This output file may be truncated or incomplete.
#
#  Out of Memory Error (os_linux.cpp:2640), pid=8088, tid=0x00007f6317dfd700
#
# JRE version: Java(TM) SE Runtime Environment (8.0_161-b12) (build 1.8.0_161-b12)
# Java VM: Java HotSpot(TM) 64-Bit Server VM (25.161-b12 mixed mode linux-amd64 compressed oops)
# Failed to write core dump. Core dumps have been disabled. To enable core dumping, try "ulimit -c unlimited" before starting Java again
#

---------------  T H R E A D  ---------------

Current thread (0x00007f6330077000):  VMThread [stack: 0x00007f6317cfd000,0x00007f6317dfe000] [id=8096]

Stack: [0x00007f6317cfd000,0x00007f6317dfe000],  sp=0x00007f6317dfc150,  free space=1020k
Native frames: (J=compiled Java code, j=interpreted, Vv=VM code, C=native code)
V  [libjvm.so+0xacf94a]  VMError::report_and_die()+0x2ba
V  [libjvm.so+0x50050b]  report_vm_out_of_memory(char const*, int, unsigned long, VMErrorType, char const*)+0x8b
V  [libjvm.so+0x92b133]  os::Linux::commit_memory_impl(char*, unsigned long, bool)+0x103
V  [libjvm.so+0x92b5c9]  os::pd_commit_memory(char*, unsigned long, unsigned long, bool)+0x29
V  [libjvm.so+0x924c0a]  os::commit_memory(char*, unsigned long, unsigned long, bool)+0x2a
V  [libjvm.so+0x99ab53]  PSVirtualSpace::expand_by(unsigned long)+0x53
V  [libjvm.so+0x99bf58]  PSYoungGen::resize_generation(unsigned long, unsigned long)+0xf8
V  [libjvm.so+0x99b0b2]  PSYoungGen::resize(unsigned long, unsigned long)+0x22
V  [libjvm.so+0x99838b]  PSScavenge::invoke_no_policy()+0xf3b
V  [libjvm.so+0x998b11]  PSScavenge::invoke()+0x41
V  [libjvm.so+0x94f5a0]  ParallelScavengeHeap::failed_mem_allocate(unsigned long)+0x70
V  [libjvm.so+0xad13c7]  VM_ParallelGCFailedAllocation::doit()+0x97
V  [libjvm.so+0xad8ed5]  VM_Operation::evaluate()+0x55
V  [libjvm.so+0xad729a]  VMThread::evaluate_operation(VM_Operation*)+0xba
V  [libjvm.so+0xad761e]  VMThread::loop()+0x1ce
V  [libjvm.so+0xad7a90]  VMThread::run()+0x70
V  [libjvm.so+0x92da28]  java_start(Thread*)+0x108

VM_Operation (0x00007f62be2454a0): ParallelGCFailedAllocation, mode: safepoint, requested by thread 0x00007f62d4c2b000


---------------  P R O C E S S  ---------------

Java Threads: ( => current thread )
  0x00007f62d4c2b000 JavaThread "Task worker for ':' Thread 2" [_thread_blocked, id=8137, stack(0x00007f62be148000,0x00007f62be249000)]
  0x00007f62d4c2a000 JavaThread "Task worker for ':'" [_thread_blocked, id=8136, stack(0x00007f62be249000,0x00007f62be34a000)]
  0x00007f62d4c17800 JavaThread "Cache worker for task history cache (/home/mat/dev/snapcast/android/.gradle/4.1/taskHistory)" [_thread_blocked, id=8135, stack(0x00007f62be34a000,0x00007f62be44b000)]
  0x00007f62d4cbf000 JavaThread "Cache worker for file content cache (/home/mat/dev/snapcast/android/.gradle/4.1/fileContent)" [_thread_blocked, id=8134, stack(0x00007f62be44b000,0x00007f62be54c000)]
  0x00007f62d526f000 JavaThread "Memory manager" [_thread_blocked, id=8131, stack(0x00007f62bf362000,0x00007f62bf463000)]
  0x00007f62d51e5800 JavaThread "pool-1-thread-1" [_thread_blocked, id=8130, stack(0x00007f62bf664000,0x00007f62bf765000)]
  0x00007f62d4590000 JavaThread "build operations Thread 3" [_thread_blocked, id=8128, stack(0x00007f62bfdfe000,0x00007f62bfeff000)]
  0x00007f62d4592000 JavaThread "build operations Thread 2" [_thread_blocked, id=8127, stack(0x00007f62bfeff000,0x00007f62c0000000)]
  0x00007f62d458d800 JavaThread "build operations" [_thread_blocked, id=8126, stack(0x00007f63140d8000,0x00007f63141d9000)]
  0x00007f62d449a800 JavaThread "Cache worker for Artifact transforms cache (/home/mat/.gradle/caches/transforms-1)" [_thread_blocked, id=8125, stack(0x00007f63143d9000,0x00007f63144da000)]
  0x00007f62d420d800 JavaThread "Cache worker for file hash cache (/home/mat/dev/snapcast/android/.gradle/4.1/fileHashes)" [_thread_blocked, id=8117, stack(0x00007f6314dd7000,0x00007f6314ed8000)]
  0x00007f62d4122000 JavaThread "File lock request listener" [_thread_in_native, id=8116, stack(0x00007f63150d8000,0x00007f63151d9000)]
  0x00007f62d4115800 JavaThread "Cache worker for file hash cache (/home/mat/.gradle/caches/4.1/fileHashes)" [_thread_blocked, id=8115, stack(0x00007f63151d9000,0x00007f63152da000)]
  0x00007f62d4015000 JavaThread "Stdin handler" [_thread_blocked, id=8114, stack(0x00007f63154da000,0x00007f63155db000)]
  0x00007f62d400f800 JavaThread "Asynchronous log dispatcher for DefaultDaemonConnection: socket connection from /0:0:0:0:0:0:0:1:34777 to /0:0:0:0:0:0:0:1:60712" [_thread_blocked, id=8113, stack(0x00007f63155db000,0x00007f63156dc000)]
  0x00007f62d800c000 JavaThread "Daemon worker" [_thread_blocked, id=8110, stack(0x00007f63156dc000,0x00007f63157dd000)]
  0x00007f62d800a800 JavaThread "Cancel handler" [_thread_blocked, id=8109, stack(0x00007f63157dd000,0x00007f63158de000)]
  0x00007f62d8004000 JavaThread "Handler for socket connection from /0:0:0:0:0:0:0:1:34777 to /0:0:0:0:0:0:0:1:60712" [_thread_in_native, id=8108, stack(0x00007f63158de000,0x00007f63159df000)]
  0x00007f62e0038000 JavaThread "Daemon" [_thread_blocked, id=8107, stack(0x00007f63159df000,0x00007f6315ae0000)]
  0x00007f6330d19800 JavaThread "Daemon periodic checks" [_thread_blocked, id=8106, stack(0x00007f6315ae0000,0x00007f6315be1000)]
  0x00007f6330cf7000 JavaThread "Incoming local TCP Connector on port 34777" [_thread_in_native, id=8105, stack(0x00007f6315be8000,0x00007f6315ce9000)]
  0x00007f6330cb9800 JavaThread "Daemon health stats" [_thread_blocked, id=8104, stack(0x00007f6315eee000,0x00007f6315fef000)]
  0x00007f63300be000 JavaThread "Service Thread" daemon [_thread_blocked, id=8102, stack(0x00007f631741b000,0x00007f631751c000)]
  0x00007f63300bb000 JavaThread "C1 CompilerThread1" daemon [_thread_blocked, id=8101, stack(0x00007f631751c000,0x00007f631761d000)]
  0x00007f63300b8000 JavaThread "C2 CompilerThread0" daemon [_thread_blocked, id=8100, stack(0x00007f631761d000,0x00007f631771e000)]
  0x00007f63300b6800 JavaThread "Signal Dispatcher" daemon [_thread_blocked, id=8099, stack(0x00007f631771e000,0x00007f631781f000)]
  0x00007f6330083800 JavaThread "Finalizer" daemon [_thread_blocked, id=8098, stack(0x00007f6317afb000,0x00007f6317bfc000)]
  0x00007f633007f000 JavaThread "Reference Handler" daemon [_thread_blocked, id=8097, stack(0x00007f6317bfc000,0x00007f6317cfd000)]
  0x00007f633000b000 JavaThread "main" [_thread_blocked, id=8090, stack(0x00007f63386ba000,0x00007f63387bb000)]

Other Threads:
=>0x00007f6330077000 VMThread [stack: 0x00007f6317cfd000,0x00007f6317dfe000] [id=8096]
  0x00007f63300c3000 WatcherThread [stack: 0x00007f631731a000,0x00007f631741b000] [id=8103]

VM state:at safepoint (normal execution)

VM Mutex/Monitor currently owned by a thread:  ([mutex/lock_event])
[0x00007f6330007b00] Threads_lock - owner thread: 0x00007f6330077000
[0x00007f6330008000] Heap_lock - owner thread: 0x00007f62d4c2b000

Heap:
 PSYoungGen      total 178176K, used 14828K [0x00000000d5580000, 0x00000000e1200000, 0x0000000100000000)
  eden space 163328K, 0% used [0x00000000d5580000,0x00000000d5580000,0x00000000df500000)
  from space 14848K, 99% used [0x00000000df500000,0x00000000e037b308,0x00000000e0380000)
  to   space 11776K, 0% used [0x00000000e0680000,0x00000000e0680000,0x00000000e1200000)
 ParOldGen       total 54272K, used 26070K [0x0000000080000000, 0x0000000083500000, 0x00000000d5580000)
  object space 54272K, 48% used [0x0000000080000000,0x0000000081975b10,0x0000000083500000)
 Metaspace       used 53210K, capacity 54760K, committed 55088K, reserved 1097728K
  class space    used 7347K, capacity 7679K, committed 7728K, reserved 1048576K

Card table byte_map: [0x00007f6334fe2000,0x00007f63353e3000] byte_map_base: 0x00007f6334be2000

Marking Bits: (ParMarkBitMap*) 0x00007f6337b68920
 Begin Bits: [0x00007f631d000000, 0x00007f631f000000)
 End Bits:   [0x00007f631f000000, 0x00007f6321000000)

Polling page: 0x00007f63387d5000

CodeCache: size=245760Kb used=15101Kb max_used=15912Kb free=230658Kb
 bounds [0x00007f6321000000, 0x00007f6321fa0000, 0x00007f6330000000]
 total_blobs=6418 nmethods=5661 adapters=670
 compilation: enabled

Compilation events (10 events):
Event: 14.511 Thread 0x00007f63300bb000 6600       2       com.google.common.collect.ImmutableList::iterator (5 bytes)
Event: 14.511 Thread 0x00007f63300bb000 nmethod 6600 0x00007f63211b9a10 code [0x00007f63211b9b80, 0x00007f63211b9d08]
Event: 14.511 Thread 0x00007f63300bb000 6604       2       com.google.common.collect.AbstractMapBasedMultimap::put (92 bytes)
Event: 14.514 Thread 0x00007f63300b8000 6505       4       java.lang.Character::charCount (12 bytes)
Event: 14.514 Thread 0x00007f63300b8000 nmethod 6505 0x00007f63213d9750 code [0x00007f63213d98a0, 0x00007f63213d98f8]
Event: 14.515 Thread 0x00007f63300b8000 6584       4       com.sun.org.apache.xerces.internal.dom.DeferredDocumentImpl::clearChunkIndex (57 bytes)
Event: 14.516 Thread 0x00007f63300b8000 nmethod 6584 0x00007f6321727250 code [0x00007f63217273a0, 0x00007f63217274f8]
Event: 14.516 Thread 0x00007f63300b8000 6467       4       com.sun.org.apache.xerces.internal.impl.XMLEntityScanner::scanChar (236 bytes)
Event: 14.517 Thread 0x00007f63300b8000 nmethod 6467 0x00007f63211b43d0 code [0x00007f63211b4520, 0x00007f63211b46b8]
Event: 14.518 Thread 0x00007f63300b8000 6466       4       com.sun.org.apache.xerces.internal.utils.XMLLimitAnalyzer::addValue (260 bytes)

GC Heap History (10 events):
Event: 6.981 GC heap after
Heap after GC invocations=8 (full 1):
 PSYoungGen      total 130048K, used 10223K [0x00000000d5580000, 0x00000000de480000, 0x0000000100000000)
  eden space 119808K, 0% used [0x00000000d5580000,0x00000000d5580000,0x00000000dca80000)
  from space 10240K, 99% used [0x00000000dce80000,0x00000000dd87be38,0x00000000dd880000)
  to   space 12288K, 0% used [0x00000000dd880000,0x00000000dd880000,0x00000000de480000)
 ParOldGen       total 47104K, used 15730K [0x0000000080000000, 0x0000000082e00000, 0x00000000d5580000)
  object space 47104K, 33% used [0x0000000080000000,0x0000000080f5c9d8,0x0000000082e00000)
 Metaspace       used 34525K, capacity 35142K, committed 35376K, reserved 1079296K
  class space    used 4821K, capacity 5065K, committed 5168K, reserved 1048576K
}
Event: 7.064 GC heap before
{Heap before GC invocations=9 (full 1):
 PSYoungGen      total 130048K, used 16706K [0x00000000d5580000, 0x00000000de480000, 0x0000000100000000)
  eden space 119808K, 5% used [0x00000000d5580000,0x00000000d5bd4c90,0x00000000dca80000)
  from space 10240K, 99% used [0x00000000dce80000,0x00000000dd87be38,0x00000000dd880000)
  to   space 12288K, 0% used [0x00000000dd880000,0x00000000dd880000,0x00000000de480000)
 ParOldGen       total 47104K, used 15730K [0x0000000080000000, 0x0000000082e00000, 0x00000000d5580000)
  object space 47104K, 33% used [0x0000000080000000,0x0000000080f5c9d8,0x0000000082e00000)
 Metaspace       used 34784K, capacity 35302K, committed 35496K, reserved 1079296K
  class space    used 4870K, capacity 5097K, committed 5168K, reserved 1048576K
Event: 7.080 GC heap after
Heap after GC invocations=9 (full 1):
 PSYoungGen      total 134144K, used 6432K [0x00000000d5580000, 0x00000000e3000000, 0x0000000100000000)
  eden space 121856K, 0% used [0x00000000d5580000,0x00000000d5580000,0x00000000dcc80000)
  from space 12288K, 52% used [0x00000000dd880000,0x00000000ddec8000,0x00000000de480000)
  to   space 12288K, 0% used [0x00000000dcc80000,0x00000000dcc80000,0x00000000dd880000)
 ParOldGen       total 47104K, used 15738K [0x0000000080000000, 0x0000000082e00000, 0x00000000d5580000)
  object space 47104K, 33% used [0x0000000080000000,0x0000000080f5e9d8,0x0000000082e00000)
 Metaspace       used 34784K, capacity 35302K, committed 35496K, reserved 1079296K
  class space    used 4870K, capacity 5097K, committed 5168K, reserved 1048576K
}
Event: 7.080 GC heap before
{Heap before GC invocations=10 (full 2):
 PSYoungGen      total 134144K, used 6432K [0x00000000d5580000, 0x00000000e3000000, 0x0000000100000000)
  eden space 121856K, 0% used [0x00000000d5580000,0x00000000d5580000,0x00000000dcc80000)
  from space 12288K, 52% used [0x00000000dd880000,0x00000000ddec8000,0x00000000de480000)
  to   space 12288K, 0% used [0x00000000dcc80000,0x00000000dcc80000,0x00000000dd880000)
 ParOldGen       total 47104K, used 15738K [0x0000000080000000, 0x0000000082e00000, 0x00000000d5580000)
  object space 47104K, 33% used [0x0000000080000000,0x0000000080f5e9d8,0x0000000082e00000)
 Metaspace       used 34784K, capacity 35302K, committed 35496K, reserved 1079296K
  class space    used 4870K, capacity 5097K, committed 5168K, reserved 1048576K
Event: 7.152 GC heap after
Heap after GC invocations=10 (full 2):
 PSYoungGen      total 134144K, used 0K [0x00000000d5580000, 0x00000000e3000000, 0x0000000100000000)
  eden space 121856K, 0% used [0x00000000d5580000,0x00000000d5580000,0x00000000dcc80000)
  from space 12288K, 0% used [0x00000000dd880000,0x00000000dd880000,0x00000000de480000)
  to   space 12288K, 0% used [0x00000000dcc80000,0x00000000dcc80000,0x00000000dd880000)
 ParOldGen       total 54272K, used 13140K [0x0000000080000000, 0x0000000083500000, 0x00000000d5580000)
  object space 54272K, 24% used [0x0000000080000000,0x0000000080cd5110,0x0000000083500000)
 Metaspace       used 34784K, capacity 35302K, committed 35496K, reserved 1079296K
  class space    used 4870K, capacity 5097K, committed 5168K, reserved 1048576K
}
Event: 8.363 GC heap before
{Heap before GC invocations=11 (full 2):
 PSYoungGen      total 134144K, used 121856K [0x00000000d5580000, 0x00000000e3000000, 0x0000000100000000)
  eden space 121856K, 100% used [0x00000000d5580000,0x00000000dcc80000,0x00000000dcc80000)
  from space 12288K, 0% used [0x00000000dd880000,0x00000000dd880000,0x00000000de480000)
  to   space 12288K, 0% used [0x00000000dcc80000,0x00000000dcc80000,0x00000000dd880000)
 ParOldGen       total 54272K, used 13140K [0x0000000080000000, 0x0000000083500000, 0x00000000d5580000)
  object space 54272K, 24% used [0x0000000080000000,0x0000000080cd5110,0x0000000083500000)
 Metaspace       used 39962K, capacity 40714K, committed 41008K, reserved 1085440K
  class space    used 5552K, capacity 5831K, committed 5936K, reserved 1048576K
Event: 8.382 GC heap after
Heap after GC invocations=11 (full 2):
 PSYoungGen      total 134144K, used 11946K [0x00000000d5580000, 0x00000000e1400000, 0x0000000100000000)
  eden space 121856K, 0% used [0x00000000d5580000,0x00000000d5580000,0x00000000dcc80000)
  from space 12288K, 97% used [0x00000000dcc80000,0x00000000dd82a810,0x00000000dd880000)
  to   space 13824K, 0% used [0x00000000e0680000,0x00000000e0680000,0x00000000e1400000)
 ParOldGen       total 54272K, used 13148K [0x0000000080000000, 0x0000000083500000, 0x00000000d5580000)
  object space 54272K, 24% used [0x0000000080000000,0x0000000080cd7110,0x0000000083500000)
 Metaspace       used 39962K, capacity 40714K, committed 41008K, reserved 1085440K
  class space    used 5552K, capacity 5831K, committed 5936K, reserved 1048576K
}
Event: 10.383 GC heap before
{Heap before GC invocations=12 (full 2):
 PSYoungGen      total 134144K, used 133802K [0x00000000d5580000, 0x00000000e1400000, 0x0000000100000000)
  eden space 121856K, 100% used [0x00000000d5580000,0x00000000dcc80000,0x00000000dcc80000)
  from space 12288K, 97% used [0x00000000dcc80000,0x00000000dd82a810,0x00000000dd880000)
  to   space 13824K, 0% used [0x00000000e0680000,0x00000000e0680000,0x00000000e1400000)
 ParOldGen       total 54272K, used 13148K [0x0000000080000000, 0x0000000083500000, 0x00000000d5580000)
  object space 54272K, 24% used [0x0000000080000000,0x0000000080cd7110,0x0000000083500000)
 Metaspace       used 44826K, capacity 45674K, committed 46000K, reserved 1089536K
  class space    used 6178K, capacity 6473K, committed 6576K, reserved 1048576K
Event: 10.398 GC heap after
Heap after GC invocations=12 (full 2):
 PSYoungGen      total 175104K, used 10735K [0x00000000d5580000, 0x00000000e1200000, 0x0000000100000000)
  eden space 163328K, 0% used [0x00000000d5580000,0x00000000d5580000,0x00000000df500000)
  from space 11776K, 91% used [0x00000000e0680000,0x00000000e10fbe20,0x00000000e1200000)
  to   space 14848K, 0% used [0x00000000df500000,0x00000000df500000,0x00000000e0380000)
 ParOldGen       total 54272K, used 13220K [0x0000000080000000, 0x0000000083500000, 0x00000000d5580000)
  object space 54272K, 24% used [0x0000000080000000,0x0000000080ce9120,0x0000000083500000)
 Metaspace       used 44826K, capacity 45674K, committed 46000K, reserved 1089536K
  class space    used 6178K, capacity 6473K, committed 6576K, reserved 1048576K
}
Event: 14.529 GC heap before
{Heap before GC invocations=13 (full 2):
 PSYoungGen      total 175104K, used 174063K [0x00000000d5580000, 0x00000000e1200000, 0x0000000100000000)
  eden space 163328K, 100% used [0x00000000d5580000,0x00000000df500000,0x00000000df500000)
  from space 11776K, 91% used [0x00000000e0680000,0x00000000e10fbe20,0x00000000e1200000)
  to   space 14848K, 0% used [0x00000000df500000,0x00000000df500000,0x00000000e0380000)
 ParOldGen       total 54272K, used 13220K [0x0000000080000000, 0x0000000083500000, 0x00000000d5580000)
  object space 54272K, 24% used [0x0000000080000000,0x0000000080ce9120,0x0000000083500000)
 Metaspace       used 53210K, capacity 54760K, committed 55088K, reserved 1097728K
  class space    used 7347K, capacity 7679K, committed 7728K, reserved 1048576K

Deoptimization events (10 events):
Event: 13.734 Thread 0x00007f62d4c17800 Uncommon trap: reason=bimorphic action=maybe_recompile pc=0x00007f6321702404 method=java.io.BufferedInputStream.read1([BII)I @ 39
Event: 13.736 Thread 0x00007f62d4c17800 Uncommon trap: reason=bimorphic action=maybe_recompile pc=0x00007f6321702404 method=java.io.BufferedInputStream.read1([BII)I @ 39
Event: 13.738 Thread 0x00007f62d4c17800 Uncommon trap: reason=bimorphic action=maybe_recompile pc=0x00007f6321702404 method=java.io.BufferedInputStream.read1([BII)I @ 39
Event: 14.155 Thread 0x00007f62d4c17800 Uncommon trap: reason=bimorphic action=maybe_recompile pc=0x00007f6321702404 method=java.io.BufferedInputStream.read1([BII)I @ 39
Event: 14.157 Thread 0x00007f62d4c17800 Uncommon trap: reason=unstable_if action=reinterpret pc=0x00007f6321927668 method=org.gradle.internal.io.StreamByteBuffer.prepareRead()I @ 20
Event: 14.305 Thread 0x00007f62d4c2b000 Uncommon trap: reason=unstable_if action=reinterpret pc=0x00007f6321c05814 method=com.sun.org.apache.xerces.internal.impl.XMLEntityScanner.checkBeforeLoad(Lcom/sun/xml/internal/stream/Entity$ScannedEntity;II)I @ 18
Event: 14.320 Thread 0x00007f62d4c2b000 Uncommon trap: reason=class_check action=maybe_recompile pc=0x00007f632114e7a8 method=com.sun.org.apache.xerces.internal.impl.XMLEntityScanner.load(IZZ)Z @ 81
Event: 14.333 Thread 0x00007f62d4c2b000 Uncommon trap: reason=unstable_if action=reinterpret pc=0x00007f6321bbe800 method=com.sun.org.apache.xerces.internal.impl.XMLEntityScanner.scanContent(Lcom/sun/org/apache/xerces/internal/xni/XMLString;)I @ 44
Event: 14.340 Thread 0x00007f62d4c2b000 Uncommon trap: reason=unstable_if action=reinterpret pc=0x00007f6321715308 method=com.sun.org.apache.xerces.internal.impl.XMLEntityScanner.scanLiteral(ILcom/sun/org/apache/xerces/internal/xni/XMLString;Z)I @ 44
Event: 14.352 Thread 0x00007f62d4c2b000 Uncommon trap: reason=class_check action=maybe_recompile pc=0x00007f632114e7a8 method=com.sun.org.apache.xerces.internal.impl.XMLEntityScanner.load(IZZ)Z @ 81

Classes redefined (0 events):
No events

Internal exceptions (10 events):
Event: 11.756 Thread 0x00007f62d800c000 Exception <a 'java/lang/ClassNotFoundException': org/gradle/platform/base/BinaryContainer_ImplCustomizer> (0x00000000db082a88) thrown at [/HUDSON/workspace/8-2-build-linux-amd64/jdk8u161/10277/hotspot/src/share/vm/classfile/systemDictionary.cpp, line 210]
Event: 11.827 Thread 0x00007f62d800c000 Exception <a 'java/lang/ClassNotFoundException': org/gradle/api/plugins/JavaPluginConventionBeanInfo> (0x00000000db508cf0) thrown at [/HUDSON/workspace/8-2-build-linux-amd64/jdk8u161/10277/hotspot/src/share/vm/classfile/systemDictionary.cpp, line 210]
Event: 11.827 Thread 0x00007f62d800c000 Exception <a 'java/lang/ClassNotFoundException': org/gradle/api/plugins/JavaPluginConventionCustomizer> (0x00000000db528a60) thrown at [/HUDSON/workspace/8-2-build-linux-amd64/jdk8u161/10277/hotspot/src/share/vm/classfile/systemDictionary.cpp, line 210]
Event: 11.837 Thread 0x00007f62d800c000 Exception <a 'java/lang/ClassNotFoundException': java/lang/IntegerBeanInfo> (0x00000000db5a80a0) thrown at [/HUDSON/workspace/8-2-build-linux-amd64/jdk8u161/10277/hotspot/src/share/vm/classfile/systemDictionary.cpp, line 210]
Event: 11.837 Thread 0x00007f62d800c000 Exception <a 'java/lang/ClassNotFoundException': java/lang/NumberBeanInfo> (0x00000000db5ae750) thrown at [/HUDSON/workspace/8-2-build-linux-amd64/jdk8u161/10277/hotspot/src/share/vm/classfile/systemDictionary.cpp, line 210]
Event: 11.837 Thread 0x00007f62d800c000 Exception <a 'java/lang/ClassNotFoundException': java/lang/NumberCustomizer> (0x00000000db5b4e20) thrown at [/HUDSON/workspace/8-2-build-linux-amd64/jdk8u161/10277/hotspot/src/share/vm/classfile/systemDictionary.cpp, line 210]
Event: 11.838 Thread 0x00007f62d800c000 Exception <a 'java/lang/ClassNotFoundException': java/lang/IntegerCustomizer> (0x00000000db5be8b8) thrown at [/HUDSON/workspace/8-2-build-linux-amd64/jdk8u161/10277/hotspot/src/share/vm/classfile/systemDictionary.cpp, line 210]
Event: 12.033 Thread 0x00007f62d526f000 Exception <a 'java/io/IOException'> (0x00000000dbd65778) thrown at [/HUDSON/workspace/8-2-build-linux-amd64/jdk8u161/10277/hotspot/src/share/vm/prims/jni.cpp, line 709]
Event: 12.261 Thread 0x00007f62d800c000 Implicit null exception at 0x00007f632149377c to 0x00007f6321493c91
Event: 12.634 Thread 0x00007f62d4592000 Implicit null exception at 0x00007f6321a6bf18 to 0x00007f6321a6c014

Events (10 events):
Event: 14.518 Thread 0x00007f63300b8000 flushing nmethod 0x00007f6321d102d0
Event: 14.518 Thread 0x00007f63300b8000 flushing nmethod 0x00007f6321d12450
Event: 14.518 Thread 0x00007f63300b8000 flushing nmethod 0x00007f6321d12990
Event: 14.518 Thread 0x00007f63300b8000 flushing nmethod 0x00007f6321d12fd0
Event: 14.518 Thread 0x00007f63300b8000 flushing nmethod 0x00007f6321d2c890
Event: 14.518 Thread 0x00007f63300b8000 flushing nmethod 0x00007f6321d34750
Event: 14.518 Thread 0x00007f63300b8000 flushing nmethod 0x00007f6321d3d550
Event: 14.518 Thread 0x00007f63300b8000 flushing nmethod 0x00007f6321dc14d0
Event: 14.518 Thread 0x00007f63300b8000 flushing nmethod 0x00007f6321dc66d0
Event: 14.520 Executing VM operation: ParallelGCFailedAllocation


Dynamic libraries:
00400000-00401000 r-xp 00000000 08:01 1582647                            /usr/lib/jvm/jdk1.8.0_161/bin/java
00600000-00601000 rw-p 00000000 08:01 1582647                            /usr/lib/jvm/jdk1.8.0_161/bin/java
01578000-01599000 rw-p 00000000 00:00 0                                  [heap]
80000000-83500000 rw-p 00000000 00:00 0 
83500000-d5580000 ---p 00000000 00:00 0 
d5580000-e1200000 rw-p 00000000 00:00 0 
e5b80000-100000000 ---p 00000000 00:00 0 
100000000-10078c000 rw-p 00000000 00:00 0 
10078c000-140000000 ---p 00000000 00:00 0 
7f62bdd48000-7f62bdd88000 rw-p 00000000 00:00 0 
7f62bdd88000-7f62bdf48000 ---p 00000000 00:00 0 
7f62bdf48000-7f62be148000 rw-p 00000000 00:00 0 
7f62be148000-7f62be14b000 ---p 00000000 00:00 0 
7f62be14b000-7f62be249000 rw-p 00000000 00:00 0 
7f62be249000-7f62be24c000 ---p 00000000 00:00 0 
7f62be24c000-7f62be34a000 rw-p 00000000 00:00 0 
7f62be34a000-7f62be34d000 ---p 00000000 00:00 0 
7f62be34d000-7f62be44b000 rw-p 00000000 00:00 0 
7f62be44b000-7f62be44e000 ---p 00000000 00:00 0 
7f62be44e000-7f62be74c000 rw-p 00000000 00:00 0 
7f62be74c000-7f62be94c000 rw-p 00000000 00:00 0 
7f62be94c000-7f62beb4c000 rw-p 00000000 00:00 0 
7f62beb4c000-7f62bed4c000 rw-p 00000000 00:00 0 
7f62bed4c000-7f62bed5f000 r--s 00345000 08:01 1704819                    /usr/lib/jvm/jdk1.8.0_161/jre/lib/resources.jar
7f62bed5f000-7f62bef5f000 rw-p 00000000 00:00 0 
7f62bef5f000-7f62bf15f000 rw-p 00000000 00:00 0 
7f62bf15f000-7f62bf162000 r--s 0001a000 08:01 1710056                    /usr/lib/jvm/jdk1.8.0_161/jre/lib/jce.jar
7f62bf162000-7f62bf362000 rw-p 00000000 00:00 0 
7f62bf362000-7f62bf365000 ---p 00000000 00:00 0 
7f62bf365000-7f62bf463000 rw-p 00000000 00:00 0 
7f62bf463000-7f62bf464000 r--p 00000000 08:01 136742                     /usr/share/locale-langpack/en_GB/LC_MESSAGES/libc.mo
7f62bf464000-7f62bf664000 rw-p 00000000 00:00 0 
7f62bf664000-7f62bf667000 ---p 00000000 00:00 0 
7f62bf667000-7f62bf965000 rw-p 00000000 00:00 0 
7f62bf965000-7f62bf970000 r--s 00081000 08:01 1084205                    /home/mat/.gradle/caches/modules-2/files-2.1/org.jetbrains.trove4j/trove4j/20160824/33c3e174a9c8368d93761d3d12712db18e903959/trove4j-20160824.jar
7f62bf970000-7f62bf9f3000 r--s 00758000 08:01 1084204                    /home/mat/.gradle/caches/modules-2/files-2.1/com.android.tools.external.com-intellij/intellij-core/26.0.1/a373ed549821cb9a932b87c79792790f6d018727/intellij-core-26.0.1.jar
7f62bf9f3000-7f62bf9f9000 r--s 00033000 08:01 1084203                    /home/mat/.gradle/caches/modules-2/files-2.1/commons-codec/commons-codec/1.6/b7f0fc8f61ecadeb3695f0b9464755eee44374d4/commons-codec-1.6.jar
7f62bf9f9000-7f62bf9fb000 r--s 0000d000 08:01 1071472                    /home/mat/.gradle/caches/modules-2/files-2.1/commons-logging/commons-logging/1.1.1/5043bfebc3db072ed80fbd362e7caf00e885d8ae/commons-logging-1.1.1.jar
7f62bf9fb000-7f62bfa01000 r--s 00032000 08:01 1084202                    /home/mat/.gradle/caches/modules-2/files-2.1/org.apache.httpcomponents/httpcore/4.2.5/472f0f5f8dba5d1962cb9d7739feed739a31c30d/httpcore-4.2.5.jar
7f62bfa01000-7f62bfa02000 r--s 00004000 08:01 1071470                    /home/mat/.gradle/caches/modules-2/files-2.1/com.intellij/annotations/12.0/bbcf6448f6d40abe506e2c83b70a3e8bfd2b4539/annotations-12.0.jar
7f62bfa02000-7f62bfa03000 r--s 00000000 08:01 1084201                    /home/mat/.gradle/caches/modules-2/files-2.1/org.codehaus.mojo/animal-sniffer-annotations/1.14/775b7e22fb10026eed3f86e8dc556dfafe35f2d5/animal-sniffer-annotations-1.14.jar
7f62bfa03000-7f62bfa05000 r--s 00001000 08:01 1084200                    /home/mat/.gradle/caches/modules-2/files-2.1/com.google.j2objc/j2objc-annotations/1.1/976d8d30bebc251db406f2bdb3eb01962b5685b3/j2objc-annotations-1.1.jar
7f62bfa05000-7f62bfa06000 r--s 00002000 08:01 1084199                    /home/mat/.gradle/caches/modules-2/files-2.1/com.google.errorprone/error_prone_annotations/2.0.18/5f65affce1684999e2f4024983835efc3504012e/error_prone_annotations-2.0.18.jar
7f62bfa06000-7f62bfa09000 r--s 00006000 08:01 1084198                    /home/mat/.gradle/caches/modules-2/files-2.1/com.google.code.findbugs/jsr305/1.3.9/40719ea6961c0cb6afaeb6a921eaa1f6afd4cfdf/jsr305-1.3.9.jar
7f62bfa09000-7f62bfa0a000 r--s 0000a000 08:01 1071469                    /home/mat/.gradle/caches/modules-2/files-2.1/net.sf.kxml/kxml2/2.3.0/ccbc77a5fd907ef863c29f3596c6f54ffa4e9442/kxml2-2.3.0.jar
7f62bfa0a000-7f62bfa0c000 r--s 00005000 08:01 1071467                    /home/mat/.gradle/caches/modules-2/files-2.1/org.apache.httpcomponents/httpmime/4.1/9ba2dcdf94ce35c8a8e9bff242db0618ca932e92/httpmime-4.1.jar
7f62bfa0c000-7f62bfa16000 r--s 00061000 08:01 1084197                    /home/mat/.gradle/caches/modules-2/files-2.1/org.apache.httpcomponents/httpclient/4.2.6/e4ca30a6a3a075053a61c6fc850d2432dc012ba7/httpclient-4.2.6.jar
7f62bfa16000-7f62bfa1f000 r--s 00064000 08:01 1084196                    /home/mat/.gradle/caches/modules-2/files-2.1/org.apache.commons/commons-compress/1.12/84caa68576e345eb5e7ae61a0e5a9229eb100d7b/commons-compress-1.12.jar
7f62bfa1f000-7f62bfa24000 r--s 0002e000 08:01 1084195                    /home/mat/.gradle/caches/modules-2/files-2.1/com.google.code.gson/gson/2.3/5fc52c41ef0239d1093a1eb7c3697036183677ce/gson-2.3.jar
7f62bfa24000-7f62bfa34000 r--s 000d6000 08:01 1084194                    /home/mat/.gradle/caches/modules-2/files-2.1/net.sf.proguard/proguard-base/5.3.3/988b6b0636ce343d4962b3b37f6319dcc6e99a61/proguard-base-5.3.3.jar
7f62bfa34000-7f62bfa36000 r--s 00003000 08:01 1084193                    /home/mat/.gradle/caches/modules-2/files-2.1/org.jetbrains/annotations/13.0/919f0dfe192fb4e063e7dacadee7f8bb9a2672a9/annotations-13.0.jar
7f62bfa36000-7f62bfa37000 r--s 00001000 08:01 1084192                    /home/mat/.gradle/caches/modules-2/files-2.1/com.android.tools/annotations/26.0.1/29012758503f56c7dc0714eda494f7f140fd3db8/annotations-26.0.1.jar
7f62bfa37000-7f62bfa3a000 r--s 00033000 08:01 1071459                    /home/mat/.gradle/caches/modules-2/files-2.1/com.googlecode.juniversalchardet/juniversalchardet/1.0.3/cd49678784c46aa8789c060538e0154013bb421b/juniversalchardet-1.0.3.jar
7f62bfa3a000-7f62bfa3e000 r--s 0002a000 08:01 1071458                    /home/mat/.gradle/caches/modules-2/files-2.1/commons-io/commons-io/2.4/b1b6ea3b7e4aa4f492509a4952029cd8e48019ad/commons-io-2.4.jar
7f62bfa3e000-7f62bfa55000 r--s 00154000 08:01 1071457                    /home/mat/.gradle/caches/modules-2/files-2.1/org.antlr/antlr4/4.5.3/f35db7e4b2446e4174ba6a73db7bd6b3e6bb5da1/antlr4-4.5.3.jar
7f62bfa55000-7f62bfa56000 r--s 00003000 08:01 1084191                    /home/mat/.gradle/caches/modules-2/files-2.1/com.android.databinding/baseLibrary/3.0.1/cc0483d84342e82c261aeb5fd0ef2f876b587489/baseLibrary-3.0.1.jar
7f62bfa56000-7f62bfa86000 r--s 00245000 08:01 1084188                    /home/mat/.gradle/caches/modules-2/files-2.1/com.google.guava/guava/22.0/3564ef3803de51fb0530a8377ec6100b33b0d073/guava-22.0.jar
7f62bfa86000-7f62bfa8e000 r--s 000a8000 08:01 1071453                    /home/mat/.gradle/caches/modules-2/files-2.1/com.android.tools.external.lombok/lombok-ast/0.2.3/528b6f8bde3157f17530aa366631f2aad2a6cf9/lombok-ast-0.2.3.jar
7f62bfa8e000-7f62bfbb3000 r--s 00f5d000 08:01 1084186                    /home/mat/.gradle/caches/modules-2/files-2.1/it.unimi.dsi/fastutil/7.2.0/5ad3a2bb04143f70aa0765fc29fc29571a7d6b34/fastutil-7.2.0.jar
7f62bfbb3000-7f62bfbfe000 r--s 002ff000 08:01 1084185                    /home/mat/.gradle/caches/modules-2/files-2.1/org.bouncycastle/bcprov-jdk15on/1.56/a153c6f9744a3e9dd6feab5e210e1c9861362ec7/bcprov-jdk15on-1.56.jar
7f62bfbfe000-7f62bfdfe000 rw-p 00000000 00:00 0 
7f62bfdfe000-7f62bfe01000 ---p 00000000 00:00 0 
7f62bfe01000-7f62bfeff000 rw-p 00000000 00:00 0 
7f62bfeff000-7f62bff02000 ---p 00000000 00:00 0 
7f62bff02000-7f62c0000000 rw-p 00000000 00:00 0 
7f62c0000000-7f62c003a000 rw-p 00000000 00:00 0 
7f62c003a000-7f62c4000000 ---p 00000000 00:00 0 
7f62c4000000-7f62c4021000 rw-p 00000000 00:00 0 
7f62c4021000-7f62c8000000 ---p 00000000 00:00 0 
7f62c8000000-7f62c8293000 rw-p 00000000 00:00 0 
7f62c8293000-7f62cc000000 ---p 00000000 00:00 0 
7f62cc000000-7f62cc043000 rw-p 00000000 00:00 0 
7f62cc043000-7f62d0000000 ---p 00000000 00:00 0 
7f62d0000000-7f62d0021000 rw-p 00000000 00:00 0 
7f62d0021000-7f62d4000000 ---p 00000000 00:00 0 
7f62d4000000-7f62d554c000 rw-p 00000000 00:00 0 
7f62d554c000-7f62d8000000 ---p 00000000 00:00 0 
7f62d8000000-7f62d803f000 rw-p 00000000 00:00 0 
7f62d803f000-7f62dc000000 ---p 00000000 00:00 0 
7f62dc000000-7f62dc02b000 rw-p 00000000 00:00 0 
7f62dc02b000-7f62e0000000 ---p 00000000 00:00 0 
7f62e0000000-7f62e00f6000 rw-p 00000000 00:00 0 
7f62e00f6000-7f62e4000000 ---p 00000000 00:00 0 
7f62e4000000-7f62e4039000 rw-p 00000000 00:00 0 
7f62e4039000-7f62e8000000 ---p 00000000 00:00 0 
7f62e8000000-7f62e8021000 rw-p 00000000 00:00 0 
7f62e8021000-7f62ec000000 ---p 00000000 00:00 0 
7f62ec000000-7f62ec021000 rw-p 00000000 00:00 0 
7f62ec021000-7f62f0000000 ---p 00000000 00:00 0 
7f62f0000000-7f62f0950000 rw-p 00000000 00:00 0 
7f62f0950000-7f62f4000000 ---p 00000000 00:00 0 
7f62f4000000-7f62f4021000 rw-p 00000000 00:00 0 
7f62f4021000-7f62f8000000 ---p 00000000 00:00 0 
7f62f8000000-7f62f8021000 rw-p 00000000 00:00 0 
7f62f8021000-7f62fc000000 ---p 00000000 00:00 0 
7f62fc000000-7f62fdf11000 rw-p 00000000 00:00 0 
7f62fdf11000-7f6300000000 ---p 00000000 00:00 0 
7f6300000000-7f6300021000 rw-p 00000000 00:00 0 
7f6300021000-7f6304000000 ---p 00000000 00:00 0 
7f6304000000-7f6304021000 rw-p 00000000 00:00 0 
7f6304021000-7f6308000000 ---p 00000000 00:00 0 
7f6308000000-7f6308021000 rw-p 00000000 00:00 0 
7f6308021000-7f630c000000 ---p 00000000 00:00 0 
7f630c000000-7f630c291000 rw-p 00000000 00:00 0 
7f630c291000-7f6310000000 ---p 00000000 00:00 0 
7f6310000000-7f6310041000 rw-p 00000000 00:00 0 
7f6310041000-7f6314000000 ---p 00000000 00:00 0 
7f6314000000-7f6314004000 r--s 0002f000 08:01 1071454                    /home/mat/.gradle/caches/modules-2/files-2.1/com.google.jimfs/jimfs/1.1/8fbd0579dc68aba6186935cc1bee21d2f3e7ec1c/jimfs-1.1.jar
7f6314004000-7f6314017000 r--s 00241000 08:01 1071452                    /home/mat/.gradle/caches/modules-2/files-2.1/org.eclipse.jdt.core.compiler/ecj/4.6.1/5555607add54eb79c5a0729134e663fe2e6300c2/ecj-4.6.1.jar
7f6314017000-7f6314018000 r--s 00003000 08:01 1084187                    /home/mat/.gradle/caches/modules-2/files-2.1/com.googlecode.json-simple/json-simple/1.1/5e303a03d04e6788dddfa3655272580ae0fc13bb/json-simple-1.1.jar
7f6314018000-7f6314029000 r--s 00097000 08:01 1084184                    /home/mat/.gradle/caches/modules-2/files-2.1/org.bouncycastle/bcpkix-jdk15on/1.56/4648af70268b6fdb24674fb1fd7c1fcc73db1231/bcpkix-jdk15on-1.56.jar
7f6314029000-7f631402b000 r--s 00002000 08:01 1071449                    /home/mat/.gradle/caches/modules-2/files-2.1/com.squareup/javawriter/2.5.0/81241ff7078ef14f42ea2a8995fa09c096256e6b/javawriter-2.5.0.jar
7f631402b000-7f6314030000 r--s 0003b000 08:01 1084183                    /home/mat/.gradle/caches/modules-2/files-2.1/com.android.tools.build/apksig/3.0.1/535b9323a1bd47e3a9c860d11f4e11a80db13f2b/apksig-3.0.1.jar
7f6314030000-7f6314033000 r--s 00024000 08:01 1084182                    /home/mat/.gradle/caches/modules-2/files-2.1/com.android.tools/common/26.0.1/38e362a43a905b6745d609bea37faddb0c5bffab/common-26.0.1.jar
7f6314033000-7f6314035000 r--s 00006000 08:01 1084181                    /home/mat/.gradle/caches/modules-2/files-2.1/com.android.tools/dvlib/26.0.1/46f3eeaf812811374b4ea2c49ad52687a7ff6a87/dvlib-26.0.1.jar
7f6314035000-7f6314038000 r--s 00014000 08:01 1084180                    /home/mat/.gradle/caches/modules-2/files-2.1/com.android.tools.layoutlib/layoutlib-api/26.0.1/4eb1f46803873ff996f2457d1dd64c5c305818d8/layoutlib-api-26.0.1.jar
7f6314038000-7f631403d000 r--s 0004d000 08:01 1084179                    /home/mat/.gradle/caches/modules-2/files-2.1/com.android.tools.ddms/ddmlib/26.0.1/d4bcdb3a578812688ccc34f1359702601fea955d/ddmlib-26.0.1.jar
7f631403d000-7f631403e000 r--s 00003000 08:01 1084177                    /home/mat/.gradle/caches/modules-2/files-2.1/com.android.tools.build/builder-test-api/3.0.1/5f084a2888a7f638c4c89c3278760345b1fb4c8/builder-test-api-3.0.1.jar
7f631403e000-7f6314041000 r--s 00007000 08:01 1084176                    /home/mat/.gradle/caches/modules-2/files-2.1/com.android.tools.build/builder-model/3.0.1/e9de7e34339a8eb90fda30ac6bf580d5f2c4f282/builder-model-3.0.1.jar
7f6314041000-7f6314050000 r--s 00130000 08:01 1071435                    /home/mat/.gradle/caches/modules-2/files-2.1/com.google.protobuf/protobuf-java/3.0.0/6d325aa7c921661d84577c0a93d82da4df9fa4c8/protobuf-java-3.0.0.jar
7f6314050000-7f6314063000 r--s 001a8000 08:01 1084178                    /home/mat/.gradle/caches/modules-2/files-2.1/com.android.tools.analytics-library/protos/26.0.1/7719e7ed7498e25ec555bdfcb7a4de0e88a47ea/protos-26.0.1.jar
7f6314063000-7f6314064000 r--s 00005000 08:01 1084174                    /home/mat/.gradle/caches/modules-2/files-2.1/com.android.tools.analytics-library/shared/26.0.1/5cfc3811c2fd6cddfce2ec1bb5fbbec87e0fc462/shared-26.0.1.jar
7f6314064000-7f6314066000 r--s 00004000 08:01 1084175                    /home/mat/.gradle/caches/modules-2/files-2.1/com.android.tools.analytics-library/tracker/26.0.1/15f0c0560c8a97700651d2dd5219937baa80c166/tracker-26.0.1.jar
7f6314066000-7f6314068000 r--s 00002000 08:01 1084173                    /home/mat/.gradle/caches/modules-2/files-2.1/net.sf.proguard/proguard-gradle/5.3.3/ad23a0505f58d0dfc95bb1472decc397460406c9/proguard-gradle-5.3.3.jar
7f6314068000-7f631406a000 r--s 0000f000 08:01 1071431                    /home/mat/.gradle/caches/modules-2/files-2.1/net.sf.jopt-simple/jopt-simple/4.9/ee9e9eaa0a35360dcfeac129ff4923215fd65904/jopt-simple-4.9.jar
7f631406a000-7f631406e000 r--s 0001e000 08:01 1084172                    /home/mat/.gradle/caches/modules-2/files-2.1/org.jacoco/org.jacoco.core/0.7.4.201502262128/31482f50411a3a5769b6c78fa9b97ba731c205e7/org.jacoco.core-0.7.4.201502262128.jar
7f631406e000-7f6314071000 r--s 00020000 08:01 1084170                    /home/mat/.gradle/caches/modules-2/files-2.1/org.jacoco/org.jacoco.report/0.7.4.201502262128/5c6bb5f95ae695dc4510b95f7d5ad0397e4881ad/org.jacoco.report-0.7.4.201502262128.jar
7f6314071000-7f6314073000 r--s 0000c000 08:01 1084169                    /home/mat/.gradle/caches/modules-2/files-2.1/org.ow2.asm/asm/5.1/5ef31c4fe953b1fd00b8a88fa1d6820e8785bb45/asm-5.1.jar
7f6314073000-7f6314075000 r--s 00006000 08:01 1084167                    /home/mat/.gradle/caches/modules-2/files-2.1/org.ow2.asm/asm-tree/5.1/87b38c12a0ea645791ead9d3e74ae5268d1d6c34/asm-tree-5.1.jar
7f6314075000-7f6314077000 r--s 0000a000 08:01 1084165                    /home/mat/.gradle/caches/modules-2/files-2.1/org.ow2.asm/asm-commons/5.1/25d8a575034dd9cfcb375a39b5334f0ba9c8474e/asm-commons-5.1.jar
7f6314077000-7f6314086000 r--s 000c8000 08:01 1084162                    /home/mat/.gradle/caches/modules-2/files-2.1/org.jetbrains.kotlin/kotlin-stdlib/1.1.3-2/9b44c139a4ec57031e0c84ba0e49ba16df6d801c/kotlin-stdlib-1.1.3-2.jar
7f6314086000-7f63140b8000 r--s 0021b000 08:01 1084161                    /home/mat/.gradle/caches/modules-2/files-2.1/org.jetbrains.kotlin/kotlin-reflect/1.1.3-2/2104f139db2a2d230c529b004c34a0993c4c2f19/kotlin-reflect-1.1.3-2.jar
7f63140b8000-7f63140be000 r--s 00030000 08:01 1084159                    /home/mat/.gradle/caches/modules-2/files-2.1/com.android.tools/repository/26.0.1/bc0dfe02af8d075f6b7ad63a202ed4c63a6a647d/repository-26.0.1.jar
7f63140be000-7f63140c9000 r--s 0009b000 08:01 1084160                    /home/mat/.gradle/caches/modules-2/files-2.1/com.android.tools/sdklib/26.0.1/bdb4723f8e3791f1d3911b1f191acf25840f352a/sdklib-26.0.1.jar
7f63140c9000-7f63140d8000 r--s 000da000 08:01 1084157                    /home/mat/.gradle/caches/modules-2/files-2.1/com.android.tools/sdk-common/26.0.1/9ddd2fa552e7b49548c421c0be4e65dc9a245f69/sdk-common-26.0.1.jar
7f63140d8000-7f63140db000 ---p 00000000 00:00 0 
7f63140db000-7f63143d9000 rw-p 00000000 00:00 0 
7f63143d9000-7f63143dc000 ---p 00000000 00:00 0 
7f63143dc000-7f63146da000 rw-p 00000000 00:00 0 
7f63146da000-7f63148da000 rw-p 00000000 00:00 0 
7f63148da000-7f6314ada000 rw-p 00000000 00:00 0 
7f6314ada000-7f6314adb000 r--s 0000a000 08:01 1084166                    /home/mat/.gradle/caches/modules-2/files-2.1/org.ow2.asm/asm-util/5.1/b60e33a6bd0d71831e0c249816d01e6c1dd90a47/asm-util-5.1.jar
7f6314adb000-7f6314adc000 r--s 00004000 08:01 1084164                    /home/mat/.gradle/caches/modules-2/files-2.1/org.ow2.asm/asm-analysis/5.1/6d1bf8989fc7901f868bee3863c44f21aa63d110/asm-analysis-5.1.jar
7f6314adc000-7f6314add000 r--s 00000000 08:01 1084171                    /home/mat/.gradle/caches/modules-2/files-2.1/com.android.tools.build/transform-api/2.0.0-deprecated-use-gradle-api/47f6c56527c42425742fa9b56ffd3fd80763fe03/transform-api-2.0.0-deprecated-use-gradle-api.jar
7f6314add000-7f6314ae1000 r--s 00023000 08:01 1084158                    /home/mat/.gradle/caches/modules-2/files-2.1/com.android.tools.build/manifest-merger/26.0.1/700cbb1ed4066f48d4970f5669c44a51bd03142/manifest-merger-26.0.1.jar
7f6314ae1000-7f6314ae5000 r--s 0002e000 08:01 1084156                    /home/mat/.gradle/caches/modules-2/files-2.1/com.android.databinding/compilerCommon/3.0.1/7f51b3e1636063e491131a0b0436512131cb1bdc/compilerCommon-3.0.1.jar
7f6314ae5000-7f6314ae7000 r--s 00003000 08:01 1084154                    /home/mat/.gradle/caches/modules-2/files-2.1/com.android.tools.build/gradle-api/3.0.1/92640ae3c543aa3faee7b954ce641d03949d4401/gradle-api-3.0.1.jar
7f6314ae7000-7f6314af6000 r--s 000cb000 08:01 1084155                    /home/mat/.gradle/caches/modules-2/files-2.1/com.android.tools.external.org-jetbrains/uast/26.0.1/663906c592ce867fa2e9bcbffbe2130397078132/uast-26.0.1.jar
7f6314af6000-7f6314afd000 r--s 0007f000 08:01 1084153                    /home/mat/.gradle/caches/modules-2/files-2.1/com.android.tools.lint/lint-api/26.0.1/2d4dd9f4676fbb152e4baf6f6f4cbbb868521832/lint-api-26.0.1.jar
7f6314afd000-7f6314b06000 r--s 000ff000 08:01 1084152                    /home/mat/.gradle/caches/modules-2/files-2.1/com.android.tools.lint/lint-checks/26.0.1/a5df32c64598e190808accaa03820fb9db9f8201/lint-checks-26.0.1.jar
7f6314b06000-7f6314b09000 r--s 00039000 08:01 1084151                    /home/mat/.gradle/caches/modules-2/files-2.1/com.android.tools.lint/lint/26.0.1/541bfb082a95a3b55d0158d69b067f1d7c623122/lint-26.0.1.jar
7f6314b09000-7f6314b39000 r--s 01983000 08:01 1084150                    /home/mat/.gradle/caches/modules-2/files-2.1/com.android.tools.build/builder/3.0.1/1f896967507729bb35ac727c03d3b9306fe87b7d/builder-3.0.1.jar
7f6314b39000-7f6314b5c000 r--s 0020b000 08:01 1084147                    /home/mat/.gradle/caches/modules-2/files-2.1/com.android.tools.build/gradle-core/3.0.1/c2945119335b491ca56e4042f7c8c55dccf5c9c2/gradle-core-3.0.1.jar
7f6314b5c000-7f6314b5e000 r--s 0000f000 08:01 1084149                    /home/mat/.gradle/caches/modules-2/files-2.1/com.android.tools.build/gradle/3.0.1/cfa107d4db0c11c11f445a11e768adf61c72ce06/gradle-3.0.1.jar
7f6314b5e000-7f6314d5e000 rw-p 00000000 00:00 0 
7f6314d5e000-7f6314dd7000 r--s 010f9000 08:01 1582774                    /usr/lib/jvm/jdk1.8.0_161/lib/tools.jar
7f6314dd7000-7f6314dda000 ---p 00000000 00:00 0 
7f6314dda000-7f63150d8000 rw-p 00000000 00:00 0 
7f63150d8000-7f63150db000 ---p 00000000 00:00 0 
7f63150db000-7f63151d9000 rw-p 00000000 00:00 0 
7f63151d9000-7f63151dc000 ---p 00000000 00:00 0 
7f63151dc000-7f63154da000 rw-p 00000000 00:00 0 
7f63154da000-7f63154dd000 ---p 00000000 00:00 0 
7f63154dd000-7f63155db000 rw-p 00000000 00:00 0 
7f63155db000-7f63155de000 ---p 00000000 00:00 0 
7f63155de000-7f63156dc000 rw-p 00000000 00:00 0 
7f63156dc000-7f63156df000 ---p 00000000 00:00 0 
7f63156df000-7f63157dd000 rw-p 00000000 00:00 0 
7f63157dd000-7f63157e0000 ---p 00000000 00:00 0 
7f63157e0000-7f63158de000 rw-p 00000000 00:00 0 
7f63158de000-7f63158e1000 ---p 00000000 00:00 0 
7f63158e1000-7f63159df000 rw-p 00000000 00:00 0 
7f63159df000-7f63159e2000 ---p 00000000 00:00 0 
7f63159e2000-7f6315ae0000 rw-p 00000000 00:00 0 
7f6315ae0000-7f6315ae3000 ---p 00000000 00:00 0 
7f6315ae3000-7f6315be1000 rw-p 00000000 00:00 0 
7f6315be1000-7f6315be8000 r--s 00000000 08:01 1718174                    /usr/lib/x86_64-linux-gnu/gconv/gconv-modules.cache
7f6315be8000-7f6315beb000 ---p 00000000 00:00 0 
7f6315beb000-7f6315ce9000 rw-p 00000000 00:00 0 
7f6315ce9000-7f6315cee000 r--s 0009d000 08:01 1704838                    /usr/lib/jvm/jdk1.8.0_161/jre/lib/jsse.jar
7f6315cee000-7f6315eee000 rw-p 00000000 00:00 0 
7f6315eee000-7f6315ef1000 ---p 00000000 00:00 0 
7f6315ef1000-7f6315fef000 rw-p 00000000 00:00 0 
7f6315fef000-7f6315ff8000 r-xp 00000000 08:01 1710048                    /usr/lib/jvm/jdk1.8.0_161/jre/lib/amd64/libmanagement.so
7f6315ff8000-7f63161f7000 ---p 00009000 08:01 1710048                    /usr/lib/jvm/jdk1.8.0_161/jre/lib/amd64/libmanagement.so
7f63161f7000-7f63161f8000 rw-p 00008000 08:01 1710048                    /usr/lib/jvm/jdk1.8.0_161/jre/lib/amd64/libmanagement.so
7f63161f8000-7f63161fa000 r--s 00007000 08:01 1072074                    /home/mat/.gradle/wrapper/dists/gradle-4.1-all/bzyivzo6n839fup2jbap0tjew/gradle-4.1/lib/plugins/gradle-tooling-api-builders-4.1.jar
7f63161fa000-7f63161fd000 r--s 00009000 08:01 1072084                    /home/mat/.gradle/wrapper/dists/gradle-4.1-all/bzyivzo6n839fup2jbap0tjew/gradle-4.1/lib/plugins/gradle-testing-native-4.1.jar
7f63161fd000-7f63161ff000 r--s 00009000 08:01 1072157                    /home/mat/.gradle/wrapper/dists/gradle-4.1-all/bzyivzo6n839fup2jbap0tjew/gradle-4.1/lib/plugins/hamcrest-core-1.3.jar
7f63161ff000-7f6316204000 r--s 00040000 08:01 1072152                    /home/mat/.gradle/wrapper/dists/gradle-4.1-all/bzyivzo6n839fup2jbap0tjew/gradle-4.1/lib/plugins/bsh-2.0b4.jar
7f6316204000-7f6316206000 r--s 00006000 08:01 1072153                    /home/mat/.gradle/wrapper/dists/gradle-4.1-all/bzyivzo6n839fup2jbap0tjew/gradle-4.1/lib/plugins/jcommander-1.12.jar
7f6316206000-7f631620c000 r--s 00033000 08:01 1072154                    /home/mat/.gradle/wrapper/dists/gradle-4.1-all/bzyivzo6n839fup2jbap0tjew/gradle-4.1/lib/plugins/snakeyaml-1.6.jar
7f631620c000-7f6316215000 r--s 00089000 08:01 1072112                    /home/mat/.gradle/wrapper/dists/gradle-4.1-all/bzyivzo6n839fup2jbap0tjew/gradle-4.1/lib/plugins/testng-6.3.1.jar
7f6316215000-7f631621d000 r--s 00045000 08:01 1072113                    /home/mat/.gradle/wrapper/dists/gradle-4.1-all/bzyivzo6n839fup2jbap0tjew/gradle-4.1/lib/plugins/junit-4.12.jar
7f631621d000-7f6316223000 r--s 0002e000 08:01 1072080                    /home/mat/.gradle/wrapper/dists/gradle-4.1-all/bzyivzo6n839fup2jbap0tjew/gradle-4.1/lib/plugins/gradle-testing-jvm-4.1.jar
7f6316223000-7f6316227000 r--s 00017000 08:01 1072088                    /home/mat/.gradle/wrapper/dists/gradle-4.1-all/bzyivzo6n839fup2jbap0tjew/gradle-4.1/lib/plugins/gradle-testing-base-4.1.jar
7f6316227000-7f631622e000 r--s 00038000 08:01 1072108                    /home/mat/.gradle/wrapper/dists/gradle-4.1-all/bzyivzo6n839fup2jbap0tjew/gradle-4.1/lib/plugins/bcpg-jdk15on-1.51.jar
7f631622e000-7f6316230000 r--s 0000c000 08:01 1072059                    /home/mat/.gradle/wrapper/dists/gradle-4.1-all/bzyivzo6n839fup2jbap0tjew/gradle-4.1/lib/plugins/gradle-signing-4.1.jar
7f6316230000-7f6316232000 r--s 00007000 08:01 1072065                    /home/mat/.gradle/wrapper/dists/gradle-4.1-all/bzyivzo6n839fup2jbap0tjew/gradle-4.1/lib/plugins/gradle-scala-4.1.jar
7f6316232000-7f6316233000 r--s 00004000 08:01 1072096                    /home/mat/.gradle/wrapper/dists/gradle-4.1-all/bzyivzo6n839fup2jbap0tjew/gradle-4.1/lib/plugins/gradle-resources-sftp-4.1.jar
7f6316233000-7f6316243000 r--s 00088000 08:01 1072125                    /home/mat/.gradle/wrapper/dists/gradle-4.1-all/bzyivzo6n839fup2jbap0tjew/gradle-4.1/lib/plugins/joda-time-2.8.2.jar
7f6316243000-7f6316254000 r--s 0010d000 08:01 1072124                    /home/mat/.gradle/wrapper/dists/gradle-4.1-all/bzyivzo6n839fup2jbap0tjew/gradle-4.1/lib/plugins/jackson-databind-2.6.6.jar
7f6316254000-7f6316257000 r--s 00009000 08:01 1072123                    /home/mat/.gradle/wrapper/dists/gradle-4.1-all/bzyivzo6n839fup2jbap0tjew/gradle-4.1/lib/plugins/jackson-annotations-2.6.6.jar
7f6316257000-7f631625b000 r--s 0003c000 08:01 1072122                    /home/mat/.gradle/wrapper/dists/gradle-4.1-all/bzyivzo6n839fup2jbap0tjew/gradle-4.1/lib/plugins/jackson-core-2.6.6.jar
7f631625b000-7f6316269000 r--s 00087000 08:01 1072121                    /home/mat/.gradle/wrapper/dists/gradle-4.1-all/bzyivzo6n839fup2jbap0tjew/gradle-4.1/lib/plugins/aws-java-sdk-core-1.11.6.jar
7f6316269000-7f6316270000 r--s 00057000 08:01 1072120                    /home/mat/.gradle/wrapper/dists/gradle-4.1-all/bzyivzo6n839fup2jbap0tjew/gradle-4.1/lib/plugins/aws-java-sdk-kms-1.11.6.jar
7f6316270000-7f631627d000 r--s 0008e000 08:01 1072119                    /home/mat/.gradle/wrapper/dists/gradle-4.1-all/bzyivzo6n839fup2jbap0tjew/gradle-4.1/lib/plugins/aws-java-sdk-s3-1.11.6.jar
7f631627d000-7f631627f000 r--s 00004000 08:01 1072093                    /home/mat/.gradle/wrapper/dists/gradle-4.1-all/bzyivzo6n839fup2jbap0tjew/gradle-4.1/lib/plugins/gradle-resources-s3-4.1.jar
7f631627f000-7f6316281000 r--s 00010000 08:01 1072089                    /home/mat/.gradle/wrapper/dists/gradle-4.1-all/bzyivzo6n839fup2jbap0tjew/gradle-4.1/lib/plugins/gradle-reporting-4.1.jar
7f6316281000-7f6316283000 r--s 00002000 08:01 1072090                    /home/mat/.gradle/wrapper/dists/gradle-4.1-all/bzyivzo6n839fup2jbap0tjew/gradle-4.1/lib/plugins/gradle-publish-4.1.jar
7f6316283000-7f6316285000 r--s 00009000 08:01 1072101                    /home/mat/.gradle/wrapper/dists/gradle-4.1-all/bzyivzo6n839fup2jbap0tjew/gradle-4.1/lib/plugins/commons-cli-1.2.jar
7f6316285000-7f631628b000 r--s 00036000 08:01 1072073                    /home/mat/.gradle/wrapper/dists/gradle-4.1-all/bzyivzo6n839fup2jbap0tjew/gradle-4.1/lib/plugins/gradle-plugins-4.1.jar
7f631628b000-7f631628d000 r--s 00009000 08:01 1072060                    /home/mat/.gradle/wrapper/dists/gradle-4.1-all/bzyivzo6n839fup2jbap0tjew/gradle-4.1/lib/plugins/gradle-plugin-development-4.1.jar
7f631628d000-7f6316293000 r--s 0002b000 08:01 1072068                    /home/mat/.gradle/wrapper/dists/gradle-4.1-all/bzyivzo6n839fup2jbap0tjew/gradle-4.1/lib/plugins/gradle-platform-play-4.1.jar
7f6316293000-7f63162a2000 r--s 0005b000 08:01 1072086                    /home/mat/.gradle/wrapper/dists/gradle-4.1-all/bzyivzo6n839fup2jbap0tjew/gradle-4.1/lib/plugins/gradle-platform-native-4.1.jar
7f63162a2000-7f63162a6000 r--s 0001b000 08:01 1072083                    /home/mat/.gradle/wrapper/dists/gradle-4.1-all/bzyivzo6n839fup2jbap0tjew/gradle-4.1/lib/plugins/gradle-platform-jvm-4.1.jar
7f63162a6000-7f63162ae000 r--s 00027000 08:01 1072091                    /home/mat/.gradle/wrapper/dists/gradle-4.1-all/bzyivzo6n839fup2jbap0tjew/gradle-4.1/lib/plugins/gradle-platform-base-4.1.jar
7f63162ae000-7f63162d6000 r--s 0021c000 08:01 1072102                    /home/mat/.gradle/wrapper/dists/gradle-4.1-all/bzyivzo6n839fup2jbap0tjew/gradle-4.1/lib/plugins/biz.aQute.bndlib-3.2.0.jar
7f63162d6000-7f63162d7000 r--s 00004000 08:01 1072058                    /home/mat/.gradle/wrapper/dists/gradle-4.1-all/bzyivzo6n839fup2jbap0tjew/gradle-4.1/lib/plugins/gradle-osgi-4.1.jar
7f63162d7000-7f63162da000 r--s 0000c000 08:01 1072105                    /home/mat/.gradle/wrapper/dists/gradle-4.1-all/bzyivzo6n839fup2jbap0tjew/gradle-4.1/lib/plugins/pmaven-groovy-0.8-20100325.jar
7f63162da000-7f63162db000 r--s 00004000 08:01 1072104                    /home/mat/.gradle/wrapper/dists/gradle-4.1-all/bzyivzo6n839fup2jbap0tjew/gradle-4.1/lib/plugins/pmaven-common-0.8-20100325.jar
7f63162db000-7f63162e1000 r--s 00023000 08:01 1072061                    /home/mat/.gradle/wrapper/dists/gradle-4.1-all/bzyivzo6n839fup2jbap0tjew/gradle-4.1/lib/plugins/gradle-maven-4.1.jar
7f63162e1000-7f63162e4000 r--s 0000b000 08:01 1072079                    /home/mat/.gradle/wrapper/dists/gradle-4.1-all/bzyivzo6n839fup2jbap0tjew/gradle-4.1/lib/plugins/gradle-language-scala-4.1.jar
7f63162e4000-7f63162eb000 r--s 00020000 08:01 1072085                    /home/mat/.gradle/wrapper/dists/gradle-4.1-all/bzyivzo6n839fup2jbap0tjew/gradle-4.1/lib/plugins/gradle-language-native-4.1.jar
7f63162eb000-7f63162ed000 r--s 00005000 08:01 1072082                    /home/mat/.gradle/wrapper/dists/gradle-4.1-all/bzyivzo6n839fup2jbap0tjew/gradle-4.1/lib/plugins/gradle-language-jvm-4.1.jar
7f63162ed000-7f63162f4000 r--s 0002f000 08:01 1072081                    /home/mat/.gradle/wrapper/dists/gradle-4.1-all/bzyivzo6n839fup2jbap0tjew/gradle-4.1/lib/plugins/gradle-language-java-4.1.jar
7f63162f4000-7f63162f7000 r--s 0000a000 08:01 1072078                    /home/mat/.gradle/wrapper/dists/gradle-4.1-all/bzyivzo6n839fup2jbap0tjew/gradle-4.1/lib/plugins/gradle-language-groovy-4.1.jar
7f63162f7000-7f63162fe000 r--s 00035000 08:01 1072111                    /home/mat/.gradle/wrapper/dists/gradle-4.1-all/bzyivzo6n839fup2jbap0tjew/gradle-4.1/lib/plugins/simple-4.1.21.jar
7f63162fe000-7f631630a000 r--s 00100000 08:01 1072109                    /home/mat/.gradle/wrapper/dists/gradle-4.1-all/bzyivzo6n839fup2jbap0tjew/gradle-4.1/lib/plugins/rhino-1.7R3.jar
7f631630a000-7f631630e000 r--s 00012000 08:01 1072069                    /home/mat/.gradle/wrapper/dists/gradle-4.1-all/bzyivzo6n839fup2jbap0tjew/gradle-4.1/lib/plugins/gradle-javascript-4.1.jar
7f631630e000-7f6316311000 r--s 00011000 08:01 1072071                    /home/mat/.gradle/wrapper/dists/gradle-4.1-all/bzyivzo6n839fup2jbap0tjew/gradle-4.1/lib/plugins/gradle-jacoco-4.1.jar
7f6316311000-7f6316314000 r--s 0000e000 08:01 1072070                    /home/mat/.gradle/wrapper/dists/gradle-4.1-all/bzyivzo6n839fup2jbap0tjew/gradle-4.1/lib/plugins/gradle-ivy-4.1.jar
7f6316314000-7f6316315000 r--s 00002000 08:01 1072062                    /home/mat/.gradle/wrapper/dists/gradle-4.1-all/bzyivzo6n839fup2jbap0tjew/gradle-4.1/lib/plugins/gradle-ide-play-4.1.jar
7f6316315000-7f6316318000 r--s 00013000 08:01 1072063                    /home/mat/.gradle/wrapper/dists/gradle-4.1-all/bzyivzo6n839fup2jbap0tjew/gradle-4.1/lib/plugins/gradle-ide-native-4.1.jar
7f6316318000-7f6316322000 r--s 00054000 08:01 1072064                    /home/mat/.gradle/wrapper/dists/gradle-4.1-all/bzyivzo6n839fup2jbap0tjew/gradle-4.1/lib/plugins/gradle-ide-4.1.jar
7f6316322000-7f6316324000 r--s 00007000 08:01 1072067                    /home/mat/.gradle/wrapper/dists/gradle-4.1-all/bzyivzo6n839fup2jbap0tjew/gradle-4.1/lib/plugins/gradle-ear-4.1.jar
7f6316324000-7f6316326000 r--s 00005000 08:01 1072099                    /home/mat/.gradle/wrapper/dists/gradle-4.1-all/bzyivzo6n839fup2jbap0tjew/gradle-4.1/lib/plugins/jatl-0.2.2.jar
7f6316326000-7f631632d000 r--s 00038000 08:01 1072087                    /home/mat/.gradle/wrapper/dists/gradle-4.1-all/bzyivzo6n839fup2jbap0tjew/gradle-4.1/lib/plugins/gradle-diagnostics-4.1.jar
7f631632d000-7f631632f000 r--s 0000b000 08:01 1072076                    /home/mat/.gradle/wrapper/dists/gradle-4.1-all/bzyivzo6n839fup2jbap0tjew/gradle-4.1/lib/plugins/gradle-composite-builds-4.1.jar
7f631632f000-7f6316334000 r--s 00025000 08:01 1072056                    /home/mat/.gradle/wrapper/dists/gradle-4.1-all/bzyivzo6n839fup2jbap0tjew/gradle-4.1/lib/plugins/gradle-code-quality-4.1.jar
7f6316334000-7f6316339000 r--s 00022000 08:01 1072072                    /home/mat/.gradle/wrapper/dists/gradle-4.1-all/bzyivzo6n839fup2jbap0tjew/gradle-4.1/lib/plugins/gradle-build-init-4.1.jar
7f6316339000-7f631633f000 r--s 0008e000 08:01 1072066                    /home/mat/.gradle/wrapper/dists/gradle-4.1-all/bzyivzo6n839fup2jbap0tjew/gradle-4.1/lib/plugins/gradle-build-comparison-4.1.jar
7f631633f000-7f6316340000 r--s 00002000 08:01 1072094                    /home/mat/.gradle/wrapper/dists/gradle-4.1-all/bzyivzo6n839fup2jbap0tjew/gradle-4.1/lib/plugins/gradle-build-cache-http-4.1.jar
7f6316340000-7f6316342000 r--s 00008000 08:01 1072057                    /home/mat/.gradle/wrapper/dists/gradle-4.1-all/bzyivzo6n839fup2jbap0tjew/gradle-4.1/lib/plugins/gradle-antlr-4.1.jar
7f6316342000-7f6316344000 r--s 00004000 08:01 1072077                    /home/mat/.gradle/wrapper/dists/gradle-4.1-all/bzyivzo6n839fup2jbap0tjew/gradle-4.1/lib/plugins/gradle-announce-4.1.jar
7f6316344000-7f6316346000 r--s 00008000 08:01 1071997                    /home/mat/.gradle/wrapper/dists/gradle-4.1-all/bzyivzo6n839fup2jbap0tjew/gradle-4.1/lib/gradle-kotlin-dsl-tooling-builders-0.10.3.jar
7f6316346000-7f6316349000 r--s 0001c000 08:01 1072115                    /home/mat/.gradle/wrapper/dists/gradle-4.1-all/bzyivzo6n839fup2jbap0tjew/gradle-4.1/lib/plugins/nekohtml-1.9.14.jar
7f6316349000-7f6316351000 r--s 00028000 08:01 1072156                    /home/mat/.gradle/wrapper/dists/gradle-4.1-all/bzyivzo6n839fup2jbap0tjew/gradle-4.1/lib/plugins/xml-apis-1.3.04.jar
7f6316351000-7f6316369000 r--s 00115000 08:01 1072116                    /home/mat/.gradle/wrapper/dists/gradle-4.1-all/bzyivzo6n839fup2jbap0tjew/gradle-4.1/lib/plugins/xercesImpl-2.9.1.jar
7f6316369000-7f631636f000 r--s 0005b000 08:01 1072114                    /home/mat/.gradle/wrapper/dists/gradle-4.1-all/bzyivzo6n839fup2jbap0tjew/gradle-4.1/lib/plugins/jcifs-1.3.17.jar
7f631636f000-7f6316376000 r--s 00049000 08:01 1072155                    /home/mat/.gradle/wrapper/dists/gradle-4.1-all/bzyivzo6n839fup2jbap0tjew/gradle-4.1/lib/plugins/httpcore-4.4.4.jar
7f6316376000-7f631637c000 r--s 00033000 08:01 1072107                    /home/mat/.gradle/wrapper/dists/gradle-4.1-all/bzyivzo6n839fup2jbap0tjew/gradle-4.1/lib/plugins/commons-codec-1.6.jar
7f631637c000-7f6316389000 r--s 000a4000 08:01 1072100                    /home/mat/.gradle/wrapper/dists/gradle-4.1-all/bzyivzo6n839fup2jbap0tjew/gradle-4.1/lib/plugins/httpclient-4.4.1.jar
7f6316389000-7f631638b000 r--s 0000b000 08:01 1072095                    /home/mat/.gradle/wrapper/dists/gradle-4.1-all/bzyivzo6n839fup2jbap0tjew/gradle-4.1/lib/plugins/gradle-resources-http-4.1.jar
7f631638b000-7f631638f000 r--s 00017000 08:01 1072092                    /home/mat/.gradle/wrapper/dists/gradle-4.1-all/bzyivzo6n839fup2jbap0tjew/gradle-4.1/lib/plugins/gradle-plugin-use-4.1.jar
7f631638f000-7f6316390000 r--s 00000000 08:01 1072003                    /home/mat/.gradle/wrapper/dists/gradle-4.1-all/bzyivzo6n839fup2jbap0tjew/gradle-4.1/lib/gradle-runtime-api-info-4.1.jar
7f6316390000-7f6316391000 r--s 00000000 08:01 1072006                    /home/mat/.gradle/wrapper/dists/gradle-4.1-all/bzyivzo6n839fup2jbap0tjew/gradle-4.1/lib/gradle-installation-beacon-4.1.jar
7f6316391000-7f63163d1000 r--s 00277000 08:01 1072127                    /home/mat/.gradle/wrapper/dists/gradle-4.1-all/bzyivzo6n839fup2jbap0tjew/gradle-4.1/lib/plugins/bcprov-jdk15on-1.51.jar
7f63163d1000-7f63163d5000 r--s 0001d000 08:01 1072126                    /home/mat/.gradle/wrapper/dists/gradle-4.1-all/bzyivzo6n839fup2jbap0tjew/gradle-4.1/lib/plugins/xbean-reflect-3.4.jar
7f63163d5000-7f63163d7000 r--s 0000a000 08:01 1072128                    /home/mat/.gradle/wrapper/dists/gradle-4.1-all/bzyivzo6n839fup2jbap0tjew/gradle-4.1/lib/plugins/maven-settings-3.0.4.jar
7f63163d7000-7f63163da000 r--s 00008000 08:01 1072129                    /home/mat/.gradle/wrapper/dists/gradle-4.1-all/bzyivzo6n839fup2jbap0tjew/gradle-4.1/lib/plugins/maven-settings-builder-3.0.4.jar
7f63163da000-7f63163de000 r--s 00033000 08:01 1072130                    /home/mat/.gradle/wrapper/dists/gradle-4.1-all/bzyivzo6n839fup2jbap0tjew/gradle-4.1/lib/plugins/plexus-utils-2.0.6.jar
7f63163de000-7f63163e0000 r--s 0000d000 08:01 1072131                    /home/mat/.gradle/wrapper/dists/gradle-4.1-all/bzyivzo6n839fup2jbap0tjew/gradle-4.1/lib/plugins/plexus-interpolation-1.14.jar
7f63163e0000-7f63163e2000 r--s 00000000 08:01 1072106                    /home/mat/.gradle/wrapper/dists/gradle-4.1-all/bzyivzo6n839fup2jbap0tjew/gradle-4.1/lib/plugins/plexus-component-annotations-1.5.5.jar
7f63163e2000-7f63163e9000 r--s 0002e000 08:01 1072132                    /home/mat/.gradle/wrapper/dists/gradle-4.1-all/bzyivzo6n839fup2jbap0tjew/gradle-4.1/lib/plugins/plexus-container-default-1.5.5.jar
7f63163e9000-7f63163eb000 r--s 0000a000 08:01 1072133                    /home/mat/.gradle/wrapper/dists/gradle-4.1-all/bzyivzo6n839fup2jbap0tjew/gradle-4.1/lib/plugins/plexus-classworlds-2.4.jar
7f63163eb000-7f63163ed000 r--s 00002000 08:01 1072134                    /home/mat/.gradle/wrapper/dists/gradle-4.1-all/bzyivzo6n839fup2jbap0tjew/gradle-4.1/lib/plugins/plexus-cipher-1.7.jar
7f63163ed000-7f63163ee000 r--s 00006000 08:01 1072135                    /home/mat/.gradle/wrapper/dists/gradle-4.1-all/bzyivzo6n839fup2jbap0tjew/gradle-4.1/lib/plugins/plexus-sec-dispatcher-1.3.jar
7f63163ee000-7f63163f4000 r--s 0003f000 08:01 1072136                    /home/mat/.gradle/wrapper/dists/gradle-4.1-all/bzyivzo6n839fup2jbap0tjew/gradle-4.1/lib/plugins/maven-compat-3.0.4.jar
7f63163f4000-7f63163f8000 r--s 00021000 08:01 1072137                    /home/mat/.gradle/wrapper/dists/gradle-4.1-all/bzyivzo6n839fup2jbap0tjew/gradle-4.1/lib/plugins/maven-model-builder-3.0.4.jar
7f63163f8000-7f63163fa000 r--s 00026000 08:01 1072138                    /home/mat/.gradle/wrapper/dists/gradle-4.1-all/bzyivzo6n839fup2jbap0tjew/gradle-4.1/lib/plugins/maven-model-3.0.4.jar
7f63163fa000-7f63163fc000 r--s 0000b000 08:01 1072139                    /home/mat/.gradle/wrapper/dists/gradle-4.1-all/bzyivzo6n839fup2jbap0tjew/gradle-4.1/lib/plugins/maven-artifact-3.0.4.jar
7f63163fc000-7f63163fe000 r--s 00006000 08:01 1072140                    /home/mat/.gradle/wrapper/dists/gradle-4.1-all/bzyivzo6n839fup2jbap0tjew/gradle-4.1/lib/plugins/maven-repository-metadata-3.0.4.jar
7f63163fe000-7f6316400000 r--s 0000b000 08:01 1072141                    /home/mat/.gradle/wrapper/dists/gradle-4.1-all/bzyivzo6n839fup2jbap0tjew/gradle-4.1/lib/plugins/maven-plugin-api-3.0.4.jar
7f6316400000-7f6316402000 r--s 0000c000 08:01 1072142                    /home/mat/.gradle/wrapper/dists/gradle-4.1-all/bzyivzo6n839fup2jbap0tjew/gradle-4.1/lib/plugins/maven-aether-provider-3.0.4.jar
7f6316402000-7f6316403000 r--s 00002000 08:01 1072143                    /home/mat/.gradle/wrapper/dists/gradle-4.1-all/bzyivzo6n839fup2jbap0tjew/gradle-4.1/lib/plugins/wagon-file-2.4.jar
7f6316403000-7f6316404000 r--s 00002000 08:01 1072144                    /home/mat/.gradle/wrapper/dists/gradle-4.1-all/bzyivzo6n839fup2jbap0tjew/gradle-4.1/lib/plugins/wagon-http-2.4.jar
7f6316404000-7f6316406000 r--s 0000b000 08:01 1072145                    /home/mat/.gradle/wrapper/dists/gradle-4.1-all/bzyivzo6n839fup2jbap0tjew/gradle-4.1/lib/plugins/wagon-provider-api-2.4.jar
7f6316406000-7f6316407000 r--s 00007000 08:01 1072146                    /home/mat/.gradle/wrapper/dists/gradle-4.1-all/bzyivzo6n839fup2jbap0tjew/gradle-4.1/lib/plugins/wagon-http-shared4-2.4.jar
7f6316407000-7f631640a000 r--s 00013000 08:01 1072147                    /home/mat/.gradle/wrapper/dists/gradle-4.1-all/bzyivzo6n839fup2jbap0tjew/gradle-4.1/lib/plugins/aether-api-1.13.1.jar
7f631640a000-7f631640d000 r--s 0001d000 08:01 1072148                    /home/mat/.gradle/wrapper/dists/gradle-4.1-all/bzyivzo6n839fup2jbap0tjew/gradle-4.1/lib/plugins/aether-impl-1.13.1.jar
7f631640d000-7f631640e000 r--s 00003000 08:01 1072149                    /home/mat/.gradle/wrapper/dists/gradle-4.1-all/bzyivzo6n839fup2jbap0tjew/gradle-4.1/lib/plugins/aether-spi-1.13.1.jar
7f631640e000-7f6316412000 r--s 0001c000 08:01 1072150                    /home/mat/.gradle/wrapper/dists/gradle-4.1-all/bzyivzo6n839fup2jbap0tjew/gradle-4.1/lib/plugins/aether-util-1.13.1.jar
7f6316412000-7f6316414000 r--s 00006000 08:01 1072151                    /home/mat/.gradle/wrapper/dists/gradle-4.1-all/bzyivzo6n839fup2jbap0tjew/gradle-4.1/lib/plugins/aether-connector-wagon-1.13.1.jar
7f6316414000-7f6316420000 r--s 0007d000 08:01 1072103                    /home/mat/.gradle/wrapper/dists/gradle-4.1-all/bzyivzo6n839fup2jbap0tjew/gradle-4.1/lib/plugins/maven-core-3.0.4.jar
7f6316420000-7f6316425000 r--s 00034000 08:01 1072110                    /home/mat/.gradle/wrapper/dists/gradle-4.1-all/bzyivzo6n839fup2jbap0tjew/gradle-4.1/lib/plugins/gson-2.7.jar
7f6316425000-7f6316449000 r--s 0011a000 08:01 1072098                    /home/mat/.gradle/wrapper/dists/gradle-4.1-all/bzyivzo6n839fup2jbap0tjew/gradle-4.1/lib/plugins/gradle-dependency-management-4.1.jar
7f6316449000-7f631645f000 r-xp 00000000 08:01 1316379                    /lib/x86_64-linux-gnu/libgcc_s.so.1
7f631645f000-7f631665e000 ---p 00016000 08:01 1316379                    /lib/x86_64-linux-gnu/libgcc_s.so.1
7f631665e000-7f631665f000 r--p 00015000 08:01 1316379                    /lib/x86_64-linux-gnu/libgcc_s.so.1
7f631665f000-7f6316660000 rw-p 00016000 08:01 1316379                    /lib/x86_64-linux-gnu/libgcc_s.so.1
7f6316660000-7f63167d8000 r-xp 00000000 08:01 1581486                    /usr/lib/x86_64-linux-gnu/libstdc++.so.6.0.24
7f63167d8000-7f63169d7000 ---p 00178000 08:01 1581486                    /usr/lib/x86_64-linux-gnu/libstdc++.so.6.0.24
7f63169d7000-7f63169e1000 r--p 00177000 08:01 1581486                    /usr/lib/x86_64-linux-gnu/libstdc++.so.6.0.24
7f63169e1000-7f63169e3000 rw-p 00181000 08:01 1581486                    /usr/lib/x86_64-linux-gnu/libstdc++.so.6.0.24
7f63169e3000-7f63169e6000 rw-p 00000000 00:00 0 
7f63169e6000-7f63169eb000 r--s 00040000 08:01 1072118                    /home/mat/.gradle/wrapper/dists/gradle-4.1-all/bzyivzo6n839fup2jbap0tjew/gradle-4.1/lib/plugins/jsch-0.1.54.jar
7f63169eb000-7f63169fa000 r--s 000d9000 08:01 1072117                    /home/mat/.gradle/wrapper/dists/gradle-4.1-all/bzyivzo6n839fup2jbap0tjew/gradle-4.1/lib/plugins/ivy-2.2.0.jar
7f63169fa000-7f63169fd000 r--s 0000d000 08:01 1072097                    /home/mat/.gradle/wrapper/dists/gradle-4.1-all/bzyivzo6n839fup2jbap0tjew/gradle-4.1/lib/plugins/gradle-workers-4.1.jar
7f63169fd000-7f6316a02000 r-xp 00000000 08:01 802187                     /home/mat/.gradle/native/25/linux-amd64/libnative-platform.so
7f6316a02000-7f6316c01000 ---p 00005000 08:01 802187                     /home/mat/.gradle/native/25/linux-amd64/libnative-platform.so
7f6316c01000-7f6316c02000 rw-p 00004000 08:01 802187                     /home/mat/.gradle/native/25/linux-amd64/libnative-platform.so
7f6316c02000-7f6316c13000 r-xp 00000000 08:01 1710043                    /usr/lib/jvm/jdk1.8.0_161/jre/lib/amd64/libnio.so
7f6316c13000-7f6316e12000 ---p 00011000 08:01 1710043                    /usr/lib/jvm/jdk1.8.0_161/jre/lib/amd64/libnio.so
7f6316e12000-7f6316e13000 rw-p 00010000 08:01 1710043                    /usr/lib/jvm/jdk1.8.0_161/jre/lib/amd64/libnio.so
7f6316e13000-7f6316e29000 r-xp 00000000 08:01 1710040                    /usr/lib/jvm/jdk1.8.0_161/jre/lib/amd64/libnet.so
7f6316e29000-7f6317029000 ---p 00016000 08:01 1710040                    /usr/lib/jvm/jdk1.8.0_161/jre/lib/amd64/libnet.so
7f6317029000-7f631702a000 rw-p 00016000 08:01 1710040                    /usr/lib/jvm/jdk1.8.0_161/jre/lib/amd64/libnet.so
7f631702a000-7f631702b000 r--s 00006000 08:01 1072005                    /home/mat/.gradle/wrapper/dists/gradle-4.1-all/bzyivzo6n839fup2jbap0tjew/gradle-4.1/lib/gradle-wrapper-4.1.jar
7f631702b000-7f6317038000 r--s 00043000 08:01 1072004                    /home/mat/.gradle/wrapper/dists/gradle-4.1-all/bzyivzo6n839fup2jbap0tjew/gradle-4.1/lib/gradle-tooling-api-4.1.jar
7f6317038000-7f6317047000 r--s 000c8000 08:01 1072001                    /home/mat/.gradle/wrapper/dists/gradle-4.1-all/bzyivzo6n839fup2jbap0tjew/gradle-4.1/lib/kotlin-stdlib-1.1.3-2.jar
7f6317047000-7f6317079000 r--s 0021b000 08:01 1072000                    /home/mat/.gradle/wrapper/dists/gradle-4.1-all/bzyivzo6n839fup2jbap0tjew/gradle-4.1/lib/kotlin-reflect-1.1.3-2.jar
7f6317079000-7f6317230000 r--s 01786000 08:01 1071999                    /home/mat/.gradle/wrapper/dists/gradle-4.1-all/bzyivzo6n839fup2jbap0tjew/gradle-4.1/lib/kotlin-compiler-embeddable-1.1.3-2.jar
7f6317230000-7f6317231000 r--s 00000000 08:01 1071998                    /home/mat/.gradle/wrapper/dists/gradle-4.1-all/bzyivzo6n839fup2jbap0tjew/gradle-4.1/lib/gradle-kotlin-dsl-tooling-models-0.10.3.jar
7f6317231000-7f6317232000 r--s 00001000 08:01 1071996                    /home/mat/.gradle/wrapper/dists/gradle-4.1-all/bzyivzo6n839fup2jbap0tjew/gradle-4.1/lib/gradle-kotlin-dsl-compiler-plugin-0.10.3.jar
7f6317232000-7f6317234000 r--s 00003000 08:01 1071994                    /home/mat/.gradle/wrapper/dists/gradle-4.1-all/bzyivzo6n839fup2jbap0tjew/gradle-4.1/lib/annotations-13.0.jar
7f6317234000-7f631723e000 r--s 00073000 08:01 1071995                    /home/mat/.gradle/wrapper/dists/gradle-4.1-all/bzyivzo6n839fup2jbap0tjew/gradle-4.1/lib/gradle-kotlin-dsl-0.10.3.jar
7f631723e000-7f6317243000 r--s 00013000 08:01 1072011                    /home/mat/.gradle/wrapper/dists/gradle-4.1-all/bzyivzo6n839fup2jbap0tjew/gradle-4.1/lib/gradle-resources-4.1.jar
7f6317243000-7f6317245000 r--s 00005000 08:01 1072018                    /home/mat/.gradle/wrapper/dists/gradle-4.1-all/bzyivzo6n839fup2jbap0tjew/gradle-4.1/lib/gradle-cli-4.1.jar
7f6317245000-7f6317247000 r--s 00003000 08:01 1072025                    /home/mat/.gradle/wrapper/dists/gradle-4.1-all/bzyivzo6n839fup2jbap0tjew/gradle-4.1/lib/jcl-over-slf4j-1.7.10.jar
7f6317247000-7f6317248000 r--s 00005000 08:01 1072024                    /home/mat/.gradle/wrapper/dists/gradle-4.1-all/bzyivzo6n839fup2jbap0tjew/gradle-4.1/lib/log4j-over-slf4j-1.7.10.jar
7f6317248000-7f631724a000 r--s 00000000 08:01 1072023                    /home/mat/.gradle/wrapper/dists/gradle-4.1-all/bzyivzo6n839fup2jbap0tjew/gradle-4.1/lib/jul-to-slf4j-1.7.10.jar
7f631724a000-7f6317251000 r--s 0002c000 08:01 1072009                    /home/mat/.gradle/wrapper/dists/gradle-4.1-all/bzyivzo6n839fup2jbap0tjew/gradle-4.1/lib/gradle-logging-4.1.jar
7f6317251000-7f6317261000 r--s 00082000 08:01 1072014                    /home/mat/.gradle/wrapper/dists/gradle-4.1-all/bzyivzo6n839fup2jbap0tjew/gradle-4.1/lib/gradle-model-core-4.1.jar
7f6317261000-7f6317263000 r--s 00006000 08:01 1072015                    /home/mat/.gradle/wrapper/dists/gradle-4.1-all/bzyivzo6n839fup2jbap0tjew/gradle-4.1/lib/gradle-base-services-groovy-4.1.jar
7f6317263000-7f6317265000 r--s 00007000 08:01 1072013                    /home/mat/.gradle/wrapper/dists/gradle-4.1-all/bzyivzo6n839fup2jbap0tjew/gradle-4.1/lib/gradle-model-groovy-4.1.jar
7f6317265000-7f6317266000 r--s 00002000 08:01 1072036                    /home/mat/.gradle/wrapper/dists/gradle-4.1-all/bzyivzo6n839fup2jbap0tjew/gradle-4.1/lib/gradle-docs-4.1.jar
7f6317266000-7f6317273000 r--s 00083000 08:01 1072034                    /home/mat/.gradle/wrapper/dists/gradle-4.1-all/bzyivzo6n839fup2jbap0tjew/gradle-4.1/lib/commons-collections-3.2.2.jar
7f6317273000-7f6317274000 r--s 00000000 08:01 1072033                    /home/mat/.gradle/wrapper/dists/gradle-4.1-all/bzyivzo6n839fup2jbap0tjew/gradle-4.1/lib/javax.inject-1.jar
7f6317274000-7f63172e4000 r--s 00645000 08:01 1072031                    /home/mat/.gradle/wrapper/dists/gradle-4.1-all/bzyivzo6n839fup2jbap0tjew/gradle-4.1/lib/groovy-all-2.4.11.jar
7f63172e4000-7f63172e7000 r--s 00023000 08:01 1072037                    /home/mat/.gradle/wrapper/dists/gradle-4.1-all/bzyivzo6n839fup2jbap0tjew/gradle-4.1/lib/jansi-1.14.jar
7f63172e7000-7f63172e8000 r--s 00004000 08:01 1072039                    /home/mat/.gradle/wrapper/dists/gradle-4.1-all/bzyivzo6n839fup2jbap0tjew/gradle-4.1/lib/native-platform-freebsd-amd64-libcpp-0.14.jar
7f63172e8000-7f63172e9000 r--s 00004000 08:01 1072040                    /home/mat/.gradle/wrapper/dists/gradle-4.1-all/bzyivzo6n839fup2jbap0tjew/gradle-4.1/lib/native-platform-freebsd-amd64-libstdcpp-0.14.jar
7f63172e9000-7f63172ea000 r--s 00004000 08:01 1072041                    /home/mat/.gradle/wrapper/dists/gradle-4.1-all/bzyivzo6n839fup2jbap0tjew/gradle-4.1/lib/native-platform-freebsd-i386-libcpp-0.14.jar
7f63172ea000-7f63172eb000 r--s 00003000 08:01 1072042                    /home/mat/.gradle/wrapper/dists/gradle-4.1-all/bzyivzo6n839fup2jbap0tjew/gradle-4.1/lib/native-platform-freebsd-i386-libstdcpp-0.14.jar
7f63172eb000-7f63172ec000 r--s 00002000 08:01 1072043                    /home/mat/.gradle/wrapper/dists/gradle-4.1-all/bzyivzo6n839fup2jbap0tjew/gradle-4.1/lib/native-platform-linux-amd64-0.14.jar
7f63172ec000-7f63172ed000 r--s 00002000 08:01 1072044                    /home/mat/.gradle/wrapper/dists/gradle-4.1-all/bzyivzo6n839fup2jbap0tjew/gradle-4.1/lib/native-platform-linux-i386-0.14.jar
7f63172ed000-7f63172ef000 r--s 00002000 08:01 1072045                    /home/mat/.gradle/wrapper/dists/gradle-4.1-all/bzyivzo6n839fup2jbap0tjew/gradle-4.1/lib/native-platform-osx-amd64-0.14.jar
7f63172ef000-7f63172f0000 r--s 00003000 08:01 1072046                    /home/mat/.gradle/wrapper/dists/gradle-4.1-all/bzyivzo6n839fup2jbap0tjew/gradle-4.1/lib/native-platform-osx-i386-0.14.jar
7f63172f0000-7f63172f2000 r--s 0000b000 08:01 1072047                    /home/mat/.gradle/wrapper/dists/gradle-4.1-all/bzyivzo6n839fup2jbap0tjew/gradle-4.1/lib/native-platform-windows-amd64-0.14.jar
7f63172f2000-7f631731a000 r--s 001cf000 08:01 1072027                    /home/mat/.gradle/wrapper/dists/gradle-4.1-all/bzyivzo6n839fup2jbap0tjew/gradle-4.1/lib/guava-jdk5-17.0.jar
7f631731a000-7f631731b000 ---p 00000000 00:00 0 
7f631731b000-7f631741b000 rw-p 00000000 00:00 0 
7f631741b000-7f631741e000 ---p 00000000 00:00 0 
7f631741e000-7f631751c000 rw-p 00000000 00:00 0 
7f631751c000-7f631751f000 ---p 00000000 00:00 0 
7f631751f000-7f631761d000 rw-p 00000000 00:00 0 
7f631761d000-7f6317620000 ---p 00000000 00:00 0 
7f6317620000-7f631771e000 rw-p 00000000 00:00 0 
7f631771e000-7f6317721000 ---p 00000000 00:00 0 
7f6317721000-7f631781f000 rw-p 00000000 00:00 0 
7f631781f000-7f6317afb000 r--p 00000000 08:01 1574354                    /usr/lib/locale/locale-archive
7f6317afb000-7f6317afe000 ---p 00000000 00:00 0 
7f6317afe000-7f6317bfc000 rw-p 00000000 00:00 0 
7f6317bfc000-7f6317bff000 ---p 00000000 00:00 0 
7f6317bff000-7f6317cfd000 rw-p 00000000 00:00 0 
7f6317cfd000-7f6317cfe000 ---p 00000000 00:00 0 
7f6317cfe000-7f6318000000 rw-p 00000000 00:00 0 
7f6318000000-7f631802d000 rw-p 00000000 00:00 0 
7f631802d000-7f631c000000 ---p 00000000 00:00 0 
7f631c000000-7f631c001000 r--s 0000b000 08:01 1072048                    /home/mat/.gradle/wrapper/dists/gradle-4.1-all/bzyivzo6n839fup2jbap0tjew/gradle-4.1/lib/native-platform-windows-i386-0.14.jar
7f631c001000-7f631c002000 r--s 00001000 08:01 1072049                    /home/mat/.gradle/wrapper/dists/gradle-4.1-all/bzyivzo6n839fup2jbap0tjew/gradle-4.1/lib/native-platform-linux-amd64-ncurses5-0.14.jar
7f631c002000-7f631c003000 r--s 00001000 08:01 1072050                    /home/mat/.gradle/wrapper/dists/gradle-4.1-all/bzyivzo6n839fup2jbap0tjew/gradle-4.1/lib/native-platform-linux-amd64-ncurses6-0.14.jar
7f631c003000-7f631c004000 r--s 00001000 08:01 1072051                    /home/mat/.gradle/wrapper/dists/gradle-4.1-all/bzyivzo6n839fup2jbap0tjew/gradle-4.1/lib/native-platform-linux-i386-ncurses5-0.14.jar
7f631c004000-7f631c008000 r--s 00012000 08:01 1072035                    /home/mat/.gradle/wrapper/dists/gradle-4.1-all/bzyivzo6n839fup2jbap0tjew/gradle-4.1/lib/native-platform-0.14.jar
7f631c008000-7f631c00b000 r--s 0000c000 08:01 1072012                    /home/mat/.gradle/wrapper/dists/gradle-4.1-all/bzyivzo6n839fup2jbap0tjew/gradle-4.1/lib/gradle-native-4.1.jar
7f631c00b000-7f631c00d000 r--s 0000f000 08:01 1072020                    /home/mat/.gradle/wrapper/dists/gradle-4.1-all/bzyivzo6n839fup2jbap0tjew/gradle-4.1/lib/reflectasm-1.07-shaded.jar
7f631c00d000-7f631c00f000 r--s 00000000 08:01 1072053                    /home/mat/.gradle/wrapper/dists/gradle-4.1-all/bzyivzo6n839fup2jbap0tjew/gradle-4.1/lib/minlog-1.2.jar
7f631c00f000-7f631c013000 r--s 00026000 08:01 1072019                    /home/mat/.gradle/wrapper/dists/gradle-4.1-all/bzyivzo6n839fup2jbap0tjew/gradle-4.1/lib/kryo-2.20.jar
7f631c013000-7f631c019000 r--s 0002b000 08:01 1072016                    /home/mat/.gradle/wrapper/dists/gradle-4.1-all/bzyivzo6n839fup2jbap0tjew/gradle-4.1/lib/gradle-messaging-4.1.jar
7f631c019000-7f631c063000 r--s 00253000 08:01 1072007                    /home/mat/.gradle/wrapper/dists/gradle-4.1-all/bzyivzo6n839fup2jbap0tjew/gradle-4.1/lib/gradle-core-4.1.jar
7f631c063000-7f631c0f9000 r--s 0110a000 08:01 1704843                    /usr/lib/jvm/jdk1.8.0_161/jre/lib/ext/jfxrt.jar
7f631c0f9000-7f6321000000 rw-p 00000000 00:00 0 
7f6321000000-7f6321fa0000 rwxp 00000000 00:00 0 
7f6321fa0000-7f6330000000 ---p 00000000 00:00 0 
7f6330000000-7f6330d26000 rw-p 00000000 00:00 0 
7f6330d26000-7f6334000000 ---p 00000000 00:00 0 
7f6334000000-7f6334001000 r--s 00001000 08:01 1072052                    /home/mat/.gradle/wrapper/dists/gradle-4.1-all/bzyivzo6n839fup2jbap0tjew/gradle-4.1/lib/native-platform-linux-i386-ncurses6-0.14.jar
7f6334001000-7f6334003000 r--s 00007000 08:01 1072054                    /home/mat/.gradle/wrapper/dists/gradle-4.1-all/bzyivzo6n839fup2jbap0tjew/gradle-4.1/lib/objenesis-1.2.jar
7f6334003000-7f6334005000 r--s 00006000 08:01 1072010                    /home/mat/.gradle/wrapper/dists/gradle-4.1-all/bzyivzo6n839fup2jbap0tjew/gradle-4.1/lib/gradle-process-services-4.1.jar
7f6334005000-7f6334007000 r--s 00000000 08:01 1072008                    /home/mat/.gradle/wrapper/dists/gradle-4.1-all/bzyivzo6n839fup2jbap0tjew/gradle-4.1/lib/gradle-jvm-services-4.1.jar
7f6334007000-7f6334008000 r--s 00000000 08:01 1072030                    /home/mat/.gradle/wrapper/dists/gradle-4.1-all/bzyivzo6n839fup2jbap0tjew/gradle-4.1/lib/jcip-annotations-1.0.jar
7f6334008000-7f633400d000 r--s 00041000 08:01 1072029                    /home/mat/.gradle/wrapper/dists/gradle-4.1-all/bzyivzo6n839fup2jbap0tjew/gradle-4.1/lib/commons-lang-2.6.jar
7f633400d000-7f6334010000 r--s 00006000 08:01 1072028                    /home/mat/.gradle/wrapper/dists/gradle-4.1-all/bzyivzo6n839fup2jbap0tjew/gradle-4.1/lib/jsr305-1.3.9.jar
7f6334010000-7f6334011000 r--s 00007000 08:01 1072026                    /home/mat/.gradle/wrapper/dists/gradle-4.1-all/bzyivzo6n839fup2jbap0tjew/gradle-4.1/lib/slf4j-api-1.7.10.jar
7f6334011000-7f6334030000 r--s 001d1000 08:01 1072032                    /home/mat/.gradle/wrapper/dists/gradle-4.1-all/bzyivzo6n839fup2jbap0tjew/gradle-4.1/lib/ant-1.9.6.jar
7f6334030000-7f63343e5000 rw-p 00000000 00:00 0 
7f63343e5000-7f63345be000 r--s 03d64000 08:01 1704781                    /usr/lib/jvm/jdk1.8.0_161/jre/lib/rt.jar
7f63345be000-7f6334a34000 rw-p 00000000 00:00 0 
7f6334a34000-7f6334a35000 ---p 00000000 00:00 0 
7f6334a35000-7f6334b35000 rw-p 00000000 00:00 0 
7f6334b35000-7f6334b36000 ---p 00000000 00:00 0 
7f6334b36000-7f6334c36000 rw-p 00000000 00:00 0 
7f6334c36000-7f6334c37000 ---p 00000000 00:00 0 
7f6334c37000-7f6334d52000 rw-p 00000000 00:00 0 
7f6334d52000-7f6334fe2000 ---p 00000000 00:00 0 
7f6334fe2000-7f6334ffd000 rw-p 00000000 00:00 0 
7f6334ffd000-7f633528c000 ---p 00000000 00:00 0 
7f633528c000-7f63352eb000 rw-p 00000000 00:00 0 
7f63352eb000-7f63353e2000 ---p 00000000 00:00 0 
7f63353e2000-7f6335422000 rw-p 00000000 00:00 0 
7f6335422000-7f63357a3000 ---p 00000000 00:00 0 
7f63357a3000-7f63357be000 r-xp 00000000 08:01 1710036                    /usr/lib/jvm/jdk1.8.0_161/jre/lib/amd64/libzip.so
7f63357be000-7f63359be000 ---p 0001b000 08:01 1710036                    /usr/lib/jvm/jdk1.8.0_161/jre/lib/amd64/libzip.so
7f63359be000-7f63359bf000 rw-p 0001b000 08:01 1710036                    /usr/lib/jvm/jdk1.8.0_161/jre/lib/amd64/libzip.so
7f63359bf000-7f63359ca000 r-xp 00000000 08:01 1316553                    /lib/x86_64-linux-gnu/libnss_files-2.26.so
7f63359ca000-7f6335bc9000 ---p 0000b000 08:01 1316553                    /lib/x86_64-linux-gnu/libnss_files-2.26.so
7f6335bc9000-7f6335bca000 r--p 0000a000 08:01 1316553                    /lib/x86_64-linux-gnu/libnss_files-2.26.so
7f6335bca000-7f6335bcb000 rw-p 0000b000 08:01 1316553                    /lib/x86_64-linux-gnu/libnss_files-2.26.so
7f6335bcb000-7f6335bd1000 rw-p 00000000 00:00 0 
7f6335bd1000-7f6335bdc000 r-xp 00000000 08:01 1316555                    /lib/x86_64-linux-gnu/libnss_nis-2.26.so
7f6335bdc000-7f6335ddb000 ---p 0000b000 08:01 1316555                    /lib/x86_64-linux-gnu/libnss_nis-2.26.so
7f6335ddb000-7f6335ddc000 r--p 0000a000 08:01 1316555                    /lib/x86_64-linux-gnu/libnss_nis-2.26.so
7f6335ddc000-7f6335ddd000 rw-p 0000b000 08:01 1316555                    /lib/x86_64-linux-gnu/libnss_nis-2.26.so
7f6335ddd000-7f6335df4000 r-xp 00000000 08:01 1316550                    /lib/x86_64-linux-gnu/libnsl-2.26.so
7f6335df4000-7f6335ff3000 ---p 00017000 08:01 1316550                    /lib/x86_64-linux-gnu/libnsl-2.26.so
7f6335ff3000-7f6335ff4000 r--p 00016000 08:01 1316550                    /lib/x86_64-linux-gnu/libnsl-2.26.so
7f6335ff4000-7f6335ff5000 rw-p 00017000 08:01 1316550                    /lib/x86_64-linux-gnu/libnsl-2.26.so
7f6335ff5000-7f6335ff7000 rw-p 00000000 00:00 0 
7f6335ff7000-7f6335fff000 r-xp 00000000 08:01 1316551                    /lib/x86_64-linux-gnu/libnss_compat-2.26.so
7f6335fff000-7f63361fe000 ---p 00008000 08:01 1316551                    /lib/x86_64-linux-gnu/libnss_compat-2.26.so
7f63361fe000-7f63361ff000 r--p 00007000 08:01 1316551                    /lib/x86_64-linux-gnu/libnss_compat-2.26.so
7f63361ff000-7f6336200000 rw-p 00008000 08:01 1316551                    /lib/x86_64-linux-gnu/libnss_compat-2.26.so
7f6336200000-7f633622b000 r-xp 00000000 08:01 1710030                    /usr/lib/jvm/jdk1.8.0_161/jre/lib/amd64/libjava.so
7f633622b000-7f633642a000 ---p 0002b000 08:01 1710030                    /usr/lib/jvm/jdk1.8.0_161/jre/lib/amd64/libjava.so
7f633642a000-7f633642c000 rw-p 0002a000 08:01 1710030                    /usr/lib/jvm/jdk1.8.0_161/jre/lib/amd64/libjava.so
7f633642c000-7f6336439000 r-xp 00000000 08:01 1710035                    /usr/lib/jvm/jdk1.8.0_161/jre/lib/amd64/libverify.so
7f6336439000-7f6336639000 ---p 0000d000 08:01 1710035                    /usr/lib/jvm/jdk1.8.0_161/jre/lib/amd64/libverify.so
7f6336639000-7f633663b000 rw-p 0000d000 08:01 1710035                    /usr/lib/jvm/jdk1.8.0_161/jre/lib/amd64/libverify.so
7f633663b000-7f6336642000 r-xp 00000000 08:01 1316560                    /lib/x86_64-linux-gnu/librt-2.26.so
7f6336642000-7f6336841000 ---p 00007000 08:01 1316560                    /lib/x86_64-linux-gnu/librt-2.26.so
7f6336841000-7f6336842000 r--p 00006000 08:01 1316560                    /lib/x86_64-linux-gnu/librt-2.26.so
7f6336842000-7f6336843000 rw-p 00007000 08:01 1316560                    /lib/x86_64-linux-gnu/librt-2.26.so
7f6336843000-7f6336998000 r-xp 00000000 08:01 1316547                    /lib/x86_64-linux-gnu/libm-2.26.so
7f6336998000-7f6336b97000 ---p 00155000 08:01 1316547                    /lib/x86_64-linux-gnu/libm-2.26.so
7f6336b97000-7f6336b98000 r--p 00154000 08:01 1316547                    /lib/x86_64-linux-gnu/libm-2.26.so
7f6336b98000-7f6336b99000 rw-p 00155000 08:01 1316547                    /lib/x86_64-linux-gnu/libm-2.26.so
7f6336b99000-7f6337872000 r-xp 00000000 08:01 1710013                    /usr/lib/jvm/jdk1.8.0_161/jre/lib/amd64/server/libjvm.so
7f6337872000-7f6337a71000 ---p 00cd9000 08:01 1710013                    /usr/lib/jvm/jdk1.8.0_161/jre/lib/amd64/server/libjvm.so
7f6337a71000-7f6337b4a000 rw-p 00cd8000 08:01 1710013                    /usr/lib/jvm/jdk1.8.0_161/jre/lib/amd64/server/libjvm.so
7f6337b4a000-7f6337b96000 rw-p 00000000 00:00 0 
7f6337b96000-7f6337d6c000 r-xp 00000000 08:01 1316543                    /lib/x86_64-linux-gnu/libc-2.26.so
7f6337d6c000-7f6337f6c000 ---p 001d6000 08:01 1316543                    /lib/x86_64-linux-gnu/libc-2.26.so
7f6337f6c000-7f6337f70000 r--p 001d6000 08:01 1316543                    /lib/x86_64-linux-gnu/libc-2.26.so
7f6337f70000-7f6337f72000 rw-p 001da000 08:01 1316543                    /lib/x86_64-linux-gnu/libc-2.26.so
7f6337f72000-7f6337f76000 rw-p 00000000 00:00 0 
7f6337f76000-7f6337f79000 r-xp 00000000 08:01 1316546                    /lib/x86_64-linux-gnu/libdl-2.26.so
7f6337f79000-7f6338178000 ---p 00003000 08:01 1316546                    /lib/x86_64-linux-gnu/libdl-2.26.so
7f6338178000-7f6338179000 r--p 00002000 08:01 1316546                    /lib/x86_64-linux-gnu/libdl-2.26.so
7f6338179000-7f633817a000 rw-p 00003000 08:01 1316546                    /lib/x86_64-linux-gnu/libdl-2.26.so
7f633817a000-7f6338190000 r-xp 00000000 08:01 1704610                    /usr/lib/jvm/jdk1.8.0_161/lib/amd64/jli/libjli.so
7f6338190000-7f633838f000 ---p 00016000 08:01 1704610                    /usr/lib/jvm/jdk1.8.0_161/lib/amd64/jli/libjli.so
7f633838f000-7f6338390000 rw-p 00015000 08:01 1704610                    /usr/lib/jvm/jdk1.8.0_161/lib/amd64/jli/libjli.so
7f6338390000-7f63383aa000 r-xp 00000000 08:01 1316558                    /lib/x86_64-linux-gnu/libpthread-2.26.so
7f63383aa000-7f63385a9000 ---p 0001a000 08:01 1316558                    /lib/x86_64-linux-gnu/libpthread-2.26.so
7f63385a9000-7f63385aa000 r--p 00019000 08:01 1316558                    /lib/x86_64-linux-gnu/libpthread-2.26.so
7f63385aa000-7f63385ab000 rw-p 0001a000 08:01 1316558                    /lib/x86_64-linux-gnu/libpthread-2.26.so
7f63385ab000-7f63385af000 rw-p 00000000 00:00 0 
7f63385af000-7f63385d6000 r-xp 00000000 08:01 1316539                    /lib/x86_64-linux-gnu/ld-2.26.so
7f63385d6000-7f63385da000 r--s 00027000 08:01 1072022                    /home/mat/.gradle/wrapper/dists/gradle-4.1-all/bzyivzo6n839fup2jbap0tjew/gradle-4.1/lib/commons-io-2.2.jar
7f63385da000-7f63385e2000 r--s 000bd000 08:01 1072021                    /home/mat/.gradle/wrapper/dists/gradle-4.1-all/bzyivzo6n839fup2jbap0tjew/gradle-4.1/lib/asm-debug-all-6.0_ALPHA.jar
7f63385e2000-7f63385ee000 r--s 00053000 08:01 1072017                    /home/mat/.gradle/wrapper/dists/gradle-4.1-all/bzyivzo6n839fup2jbap0tjew/gradle-4.1/lib/gradle-base-services-4.1.jar
7f63385ee000-7f63386ba000 rw-p 00000000 00:00 0 
7f63386ba000-7f63386bd000 ---p 00000000 00:00 0 
7f63386bd000-7f63387bf000 rw-p 00000000 00:00 0 
7f63387bf000-7f63387c0000 r--s 00004000 08:01 1072038                    /home/mat/.gradle/wrapper/dists/gradle-4.1-all/bzyivzo6n839fup2jbap0tjew/gradle-4.1/lib/ant-launcher-1.9.6.jar
7f63387c0000-7f63387cc000 r--s 0005c000 08:01 1072002                    /home/mat/.gradle/wrapper/dists/gradle-4.1-all/bzyivzo6n839fup2jbap0tjew/gradle-4.1/lib/gradle-launcher-4.1.jar
7f63387cc000-7f63387d4000 rw-s 00000000 08:01 1074091                    /tmp/hsperfdata_mat/8088
7f63387d4000-7f63387d5000 rw-p 00000000 00:00 0 
7f63387d5000-7f63387d6000 ---p 00000000 00:00 0 
7f63387d6000-7f63387d7000 r--p 00027000 08:01 1316539                    /lib/x86_64-linux-gnu/ld-2.26.so
7f63387d7000-7f63387d8000 rw-p 00028000 08:01 1316539                    /lib/x86_64-linux-gnu/ld-2.26.so
7f63387d8000-7f63387d9000 rw-p 00000000 00:00 0 
7ffd9243d000-7ffd9245e000 rw-p 00000000 00:00 0                          [stack]
7ffd924e3000-7ffd924e6000 r--p 00000000 00:00 0                          [vvar]
7ffd924e6000-7ffd924e8000 r-xp 00000000 00:00 0                          [vdso]
ffffffffff600000-ffffffffff601000 r-xp 00000000 00:00 0                  [vsyscall]

VM Arguments:
jvm_args: -XX:MaxPermSize=512m -XX:+HeapDumpOnOutOfMemoryError -Xmx2048m -Dfile.encoding=UTF-8 -Duser.country=GB -Duser.language=en -Duser.variant 
java_command: org.gradle.launcher.daemon.bootstrap.GradleDaemon 4.1
java_class_path (initial): /home/mat/.gradle/wrapper/dists/gradle-4.1-all/bzyivzo6n839fup2jbap0tjew/gradle-4.1/lib/gradle-launcher-4.1.jar
Launcher Type: SUN_STANDARD

Environment Variables:
PATH=/home/mat/.sdkman/candidates/gradle/current/bin:/home/mat/.cargo/bin:/usr/local/sbin:/usr/local/bin:/usr/sbin:/usr/bin:/sbin:/bin:/usr/games:/usr/local/games:/snap/bin
USERNAME=mat
SHELL=/bin/bash
DISPLAY=:1

Signal Handlers:
SIGSEGV: [libjvm.so+0xad01e0], sa_mask[0]=11111111011111111101111111111110, sa_flags=SA_RESTART|SA_SIGINFO
SIGBUS: [libjvm.so+0xad01e0], sa_mask[0]=11111111011111111101111111111110, sa_flags=SA_RESTART|SA_SIGINFO
SIGFPE: [libjvm.so+0x927fb0], sa_mask[0]=11111111011111111101111111111110, sa_flags=SA_RESTART|SA_SIGINFO
SIGPIPE: [libjvm.so+0x927fb0], sa_mask[0]=11111111011111111101111111111110, sa_flags=SA_RESTART|SA_SIGINFO
SIGXFSZ: [libjvm.so+0x927fb0], sa_mask[0]=11111111011111111101111111111110, sa_flags=SA_RESTART|SA_SIGINFO
SIGILL: [libjvm.so+0x927fb0], sa_mask[0]=11111111011111111101111111111110, sa_flags=SA_RESTART|SA_SIGINFO
SIGUSR1: SIG_DFL, sa_mask[0]=00000000000000000000000000000000, sa_flags=none
SIGUSR2: [libjvm.so+0x9297f0], sa_mask[0]=00100000000000000000000000000000, sa_flags=SA_RESTART|SA_SIGINFO
SIGHUP: [libjvm.so+0x92abf0], sa_mask[0]=11111111011111111101111111111110, sa_flags=SA_RESTART|SA_SIGINFO
SIGINT: [libjvm.so+0x92abf0], sa_mask[0]=11111111011111111101111111111110, sa_flags=SA_RESTART|SA_SIGINFO
SIGTERM: [libjvm.so+0x92abf0], sa_mask[0]=11111111011111111101111111111110, sa_flags=SA_RESTART|SA_SIGINFO
SIGQUIT: [libjvm.so+0x92abf0], sa_mask[0]=11111111011111111101111111111110, sa_flags=SA_RESTART|SA_SIGINFO


---------------  S Y S T E M  ---------------

OS:DISTRIB_ID=Ubuntu
DISTRIB_RELEASE=17.10
DISTRIB_CODENAME=artful
DISTRIB_DESCRIPTION="Ubuntu 17.10"

uname:Linux 4.13.0-32-generic #35-Ubuntu SMP Thu Jan 25 09:13:46 UTC 2018 x86_64
libc:glibc 2.26 NPTL 2.26 
rlimit: STACK 8192k, CORE 0k, NPROC 15568, NOFILE 4096, AS infinity
load average:5.06 2.05 1.46

/proc/meminfo:
MemTotal:        4039636 kB
MemFree:           86996 kB
MemAvailable:          0 kB
Buffers:             316 kB
Cached:           106156 kB
SwapCached:         1240 kB
Active:          3112080 kB
Inactive:         634280 kB
Active(anon):    3106956 kB
Inactive(anon):   625848 kB
Active(file):       5124 kB
Inactive(file):     8432 kB
Unevictable:          16 kB
Mlocked:              16 kB
SwapTotal:       1459804 kB
SwapFree:              8 kB
Dirty:                76 kB
Writeback:             0 kB
AnonPages:       3639300 kB
Mapped:           103204 kB
Shmem:             92608 kB
Slab:              94560 kB
SReclaimable:      36392 kB
SUnreclaim:        58168 kB
KernelStack:       13552 kB
PageTables:        59652 kB
NFS_Unstable:          0 kB
Bounce:                0 kB
WritebackTmp:          0 kB
CommitLimit:     3479620 kB
Committed_AS:   11286948 kB
VmallocTotal:   34359738367 kB
VmallocUsed:           0 kB
VmallocChunk:          0 kB
HardwareCorrupted:     0 kB
AnonHugePages:         0 kB
ShmemHugePages:        0 kB
ShmemPmdMapped:        0 kB
CmaTotal:              0 kB
CmaFree:               0 kB
HugePages_Total:       0
HugePages_Free:        0
HugePages_Rsvd:        0
HugePages_Surp:        0
Hugepagesize:       2048 kB
DirectMap4k:      174016 kB
DirectMap2M:     4020224 kB


CPU:total 3 (initial active 3) (3 cores per cpu, 1 threads per core) family 6 model 70 stepping 1, cmov, cx8, fxsr, mmx, sse, sse2, sse3, ssse3, sse4.1, sse4.2, popcnt, avx, aes, clmul, lzcnt, tsc, tscinvbit

/proc/cpuinfo:
processor	: 0
vendor_id	: GenuineIntel
cpu family	: 6
model		: 70
model name	: Intel(R) Core(TM) i7-4870HQ CPU @ 2.50GHz
stepping	: 1
cpu MHz		: 2494.226
cache size	: 6144 KB
physical id	: 0
siblings	: 3
core id		: 0
cpu cores	: 3
apicid		: 0
initial apicid	: 0
fpu		: yes
fpu_exception	: yes
cpuid level	: 13
wp		: yes
flags		: fpu vme de pse tsc msr pae mce cx8 apic sep mtrr pge mca cmov pat pse36 clflush mmx fxsr sse sse2 ht syscall nx rdtscp lm constant_tsc rep_good nopl xtopology nonstop_tsc cpuid pni pclmulqdq ssse3 cx16 sse4_1 sse4_2 x2apic movbe popcnt aes xsave avx rdrand hypervisor lahf_lm abm pti
bugs		: cpu_meltdown spectre_v1 spectre_v2
bogomips	: 4988.45
clflush size	: 64
cache_alignment	: 64
address sizes	: 39 bits physical, 48 bits virtual
power management:

processor	: 1
vendor_id	: GenuineIntel
cpu family	: 6
model		: 70
model name	: Intel(R) Core(TM) i7-4870HQ CPU @ 2.50GHz
stepping	: 1
cpu MHz		: 2494.226
cache size	: 6144 KB
physical id	: 0
siblings	: 3
core id		: 1
cpu cores	: 3
apicid		: 1
initial apicid	: 1
fpu		: yes
fpu_exception	: yes
cpuid level	: 13
wp		: yes
flags		: fpu vme de pse tsc msr pae mce cx8 apic sep mtrr pge mca cmov pat pse36 clflush mmx fxsr sse sse2 ht syscall nx rdtscp lm constant_tsc rep_good nopl xtopology nonstop_tsc cpuid pni pclmulqdq ssse3 cx16 sse4_1 sse4_2 x2apic movbe popcnt aes xsave avx rdrand hypervisor lahf_lm abm pti
bugs		: cpu_meltdown spectre_v1 spectre_v2
bogomips	: 4988.45
clflush size	: 64
cache_alignment	: 64
address sizes	: 39 bits physical, 48 bits virtual
power management:

processor	: 2
vendor_id	: GenuineIntel
cpu family	: 6
model		: 70
model name	: Intel(R) Core(TM) i7-4870HQ CPU @ 2.50GHz
stepping	: 1
cpu MHz		: 2494.226
cache size	: 6144 KB
physical id	: 0
siblings	: 3
core id		: 2
cpu cores	: 3
apicid		: 2
initial apicid	: 2
fpu		: yes
fpu_exception	: yes
cpuid level	: 13
wp		: yes
flags		: fpu vme de pse tsc msr pae mce cx8 apic sep mtrr pge mca cmov pat pse36 clflush mmx fxsr sse sse2 ht syscall nx rdtscp lm constant_tsc rep_good nopl xtopology nonstop_tsc cpuid pni pclmulqdq ssse3 cx16 sse4_1 sse4_2 x2apic movbe popcnt aes xsave avx rdrand hypervisor lahf_lm abm pti
bugs		: cpu_meltdown spectre_v1 spectre_v2
bogomips	: 4988.45
clflush size	: 64
cache_alignment	: 64
address sizes	: 39 bits physical, 48 bits virtual
power management:



Memory: 4k page, physical 4039636k(85648k free), swap 1459804k(4k free)

vm_info: Java HotSpot(TM) 64-Bit Server VM (25.161-b12) for linux-amd64 JRE (1.8.0_161-b12), built on Dec 19 2017 16:12:43 by "java_re" with gcc 4.3.0 20080428 (Red Hat 4.3.0-8)

time: Wed Feb  7 21:27:28 2018
elapsed time: 18 seconds (0d 0h 0m 18s)

