#
# There is insufficient memory for the Java Runtime Environment to continue.
# Native memory allocation (mmap) failed to map 142606336 bytes for committing reserved memory.
# Possible reasons:
#   The system is out of physical RAM or swap space
#   In 32 bit mode, the process size limit was hit
# Possible solutions:
#   Reduce memory load on the system
#   Increase physical memory or swap space
#   Check if swap backing store is full
#   Use 64 bit Java on a 64 bit OS
#   Decrease Java heap size (-Xmx/-Xms)
#   Decrease number of Java threads
#   Decrease Java thread stack sizes (-Xss)
#   Set larger code cache with -XX:ReservedCodeCacheSize=
# This output file may be truncated or incomplete.
#
#  Out of Memory Error (os_linux.cpp:2640), pid=5751, tid=0x00007f616bafa700
#
# JRE version: Java(TM) SE Runtime Environment (8.0_161-b12) (build 1.8.0_161-b12)
# Java VM: Java HotSpot(TM) 64-Bit Server VM (25.161-b12 mixed mode linux-amd64 compressed oops)
# Failed to write core dump. Core dumps have been disabled. To enable core dumping, try "ulimit -c unlimited" before starting Java again
#

---------------  T H R E A D  ---------------

Current thread (0x00007f6188077000):  VMThread [stack: 0x00007f616b9fa000,0x00007f616bafb000] [id=5759]

Stack: [0x00007f616b9fa000,0x00007f616bafb000],  sp=0x00007f616baf9150,  free space=1020k
Native frames: (J=compiled Java code, j=interpreted, Vv=VM code, C=native code)
V  [libjvm.so+0xacf94a]  VMError::report_and_die()+0x2ba
V  [libjvm.so+0x50050b]  report_vm_out_of_memory(char const*, int, unsigned long, VMErrorType, char const*)+0x8b
V  [libjvm.so+0x92b133]  os::Linux::commit_memory_impl(char*, unsigned long, bool)+0x103
V  [libjvm.so+0x92b5c9]  os::pd_commit_memory(char*, unsigned long, unsigned long, bool)+0x29
V  [libjvm.so+0x924c0a]  os::commit_memory(char*, unsigned long, unsigned long, bool)+0x2a
V  [libjvm.so+0x99ab53]  PSVirtualSpace::expand_by(unsigned long)+0x53
V  [libjvm.so+0x98b410]  PSOldGen::expand(unsigned long)+0x170
V  [libjvm.so+0x98b61b]  PSOldGen::resize(unsigned long)+0x1cb
V  [libjvm.so+0x993321]  PSParallelCompact::invoke_no_policy(bool)+0x991
V  [libjvm.so+0x998c7d]  PSScavenge::invoke()+0x1ad
V  [libjvm.so+0x94f5a0]  ParallelScavengeHeap::failed_mem_allocate(unsigned long)+0x70
V  [libjvm.so+0xad13c7]  VM_ParallelGCFailedAllocation::doit()+0x97
V  [libjvm.so+0xad8ed5]  VM_Operation::evaluate()+0x55
V  [libjvm.so+0xad729a]  VMThread::evaluate_operation(VM_Operation*)+0xba
V  [libjvm.so+0xad761e]  VMThread::loop()+0x1ce
V  [libjvm.so+0xad7a90]  VMThread::run()+0x70
V  [libjvm.so+0x92da28]  java_start(Thread*)+0x108

VM_Operation (0x00007f6115b73d90): ParallelGCFailedAllocation, mode: safepoint, requested by thread 0x00007f616004b000


---------------  P R O C E S S  ---------------

Java Threads: ( => current thread )
  0x00007f616004c800 JavaThread "pool-5-thread-4" [_thread_blocked, id=5875, stack(0x00007f61151c4000,0x00007f61152c5000)]
  0x00007f616004b000 JavaThread "pool-5-thread-3" [_thread_blocked, id=5874, stack(0x00007f6115a75000,0x00007f6115b76000)]
  0x00007f616004a000 JavaThread "pool-5-thread-2" [_thread_blocked, id=5873, stack(0x00007f6113ebf000,0x00007f6113fc0000)]
  0x00007f6160049000 JavaThread "pool-6-thread-1" [_thread_blocked, id=5872, stack(0x00007f6114ec1000,0x00007f6114fc2000)]
  0x00007f6160038000 JavaThread "pool-5-thread-1" [_thread_blocked, id=5871, stack(0x00007f61150c3000,0x00007f61151c4000)]
  0x00007f6138098000 JavaThread "pool-3-thread-1" [_thread_blocked, id=5868, stack(0x00007f61153c6000,0x00007f61154c7000)]
  0x00007f613c009000 JavaThread "Cache worker for Java compile cache (/home/mat/dev/snapcast/android/.gradle/4.1/javaCompile)" [_thread_blocked, id=5809, stack(0x00007f6114dc0000,0x00007f6114ec1000)]
  0x00007f6140004000 JavaThread "process reaper" daemon [_thread_blocked, id=5801, stack(0x00007f61154c7000,0x00007f6115500000)]
  0x00007f614c001800 JavaThread "process reaper" daemon [_thread_blocked, id=5800, stack(0x00007f6115500000,0x00007f6115539000)]
  0x00007f614820c800 JavaThread "process reaper" daemon [_thread_blocked, id=5799, stack(0x00007f6115539000,0x00007f6115572000)]
  0x00007f612c41e000 JavaThread "Task worker for ':' Thread 2" [_thread_blocked, id=5790, stack(0x00007f6115d76000,0x00007f6115e77000)]
  0x00007f612c41b800 JavaThread "Task worker for ':'" [_thread_blocked, id=5789, stack(0x00007f6115e77000,0x00007f6115f78000)]
  0x00007f612c45f000 JavaThread "Cache worker for task history cache (/home/mat/dev/snapcast/android/.gradle/4.1/taskHistory)" [_thread_blocked, id=5788, stack(0x00007f6115f78000,0x00007f6116079000)]
  0x00007f612c5c1800 JavaThread "Cache worker for file content cache (/home/mat/dev/snapcast/android/.gradle/4.1/fileContent)" [_thread_blocked, id=5787, stack(0x00007f6116079000,0x00007f611617a000)]
  0x00007f612d4e0800 JavaThread "Memory manager" [_thread_blocked, id=5786, stack(0x00007f6116f90000,0x00007f6117091000)]
  0x00007f612d40e000 JavaThread "pool-1-thread-1" [_thread_blocked, id=5785, stack(0x00007f6117292000,0x00007f6117393000)]
  0x00007f612cf8c800 JavaThread "build operations Thread 3" [_thread_blocked, id=5784, stack(0x00007f6117afd000,0x00007f6117bfe000)]
  0x00007f612cf8b800 JavaThread "build operations Thread 2" [_thread_blocked, id=5783, stack(0x00007f6117bfe000,0x00007f6117cff000)]
  0x00007f612cf90800 JavaThread "build operations" [_thread_blocked, id=5782, stack(0x00007f6117cff000,0x00007f6117e00000)]
  0x00007f612cd14800 JavaThread "Cache worker for Artifact transforms cache (/home/mat/.gradle/caches/transforms-1)" [_thread_blocked, id=5781, stack(0x00007f616801c000,0x00007f616811d000)]
  0x00007f612c24d800 JavaThread "Cache worker for file hash cache (/home/mat/dev/snapcast/android/.gradle/4.1/fileHashes)" [_thread_blocked, id=5780, stack(0x00007f6168a05000,0x00007f6168b06000)]
  0x00007f612c126800 JavaThread "File lock request listener" [_thread_in_native, id=5779, stack(0x00007f6168d06000,0x00007f6168e07000)]
  0x00007f612c122000 JavaThread "Cache worker for file hash cache (/home/mat/.gradle/caches/4.1/fileHashes)" [_thread_blocked, id=5778, stack(0x00007f6168e07000,0x00007f6168f08000)]
  0x00007f612c016000 JavaThread "Stdin handler" [_thread_blocked, id=5777, stack(0x00007f6169108000,0x00007f6169209000)]
  0x00007f612c012000 JavaThread "Asynchronous log dispatcher for DefaultDaemonConnection: socket connection from /0:0:0:0:0:0:0:1:40997 to /0:0:0:0:0:0:0:1:48188" [_thread_blocked, id=5776, stack(0x00007f6169209000,0x00007f616930a000)]
  0x00007f613000c800 JavaThread "Daemon worker" [_thread_blocked, id=5773, stack(0x00007f616930a000,0x00007f616940b000)]
  0x00007f613000a800 JavaThread "Cancel handler" [_thread_blocked, id=5772, stack(0x00007f616940b000,0x00007f616950c000)]
  0x00007f6130004000 JavaThread "Handler for socket connection from /0:0:0:0:0:0:0:1:40997 to /0:0:0:0:0:0:0:1:48188" [_thread_in_native, id=5771, stack(0x00007f616950c000,0x00007f616960d000)]
  0x00007f6138039800 JavaThread "Daemon" [_thread_blocked, id=5770, stack(0x00007f616960d000,0x00007f616970e000)]
  0x00007f6188dac000 JavaThread "Daemon periodic checks" [_thread_blocked, id=5769, stack(0x00007f616970e000,0x00007f616980f000)]
  0x00007f6188d8e000 JavaThread "Incoming local TCP Connector on port 40997" [_thread_in_native, id=5768, stack(0x00007f6169816000,0x00007f6169917000)]
  0x00007f6188d51800 JavaThread "Daemon health stats" [_thread_blocked, id=5767, stack(0x00007f6169b1c000,0x00007f6169c1d000)]
  0x00007f61880c8000 JavaThread "Service Thread" daemon [_thread_blocked, id=5765, stack(0x00007f616b118000,0x00007f616b219000)]
  0x00007f61880bb000 JavaThread "C1 CompilerThread1" daemon [_thread_blocked, id=5764, stack(0x00007f616b219000,0x00007f616b31a000)]
  0x00007f61880b8000 JavaThread "C2 CompilerThread0" daemon [_thread_blocked, id=5763, stack(0x00007f616b31a000,0x00007f616b41b000)]
  0x00007f61880b6800 JavaThread "Signal Dispatcher" daemon [_thread_blocked, id=5762, stack(0x00007f616b41b000,0x00007f616b51c000)]
  0x00007f6188083800 JavaThread "Finalizer" daemon [_thread_blocked, id=5761, stack(0x00007f616b7f8000,0x00007f616b8f9000)]
  0x00007f618807f000 JavaThread "Reference Handler" daemon [_thread_blocked, id=5760, stack(0x00007f616b8f9000,0x00007f616b9fa000)]
  0x00007f618800b000 JavaThread "main" [_thread_blocked, id=5752, stack(0x00007f61902e8000,0x00007f61903e9000)]

Other Threads:
=>0x00007f6188077000 VMThread [stack: 0x00007f616b9fa000,0x00007f616bafb000] [id=5759]
  0x00007f61880cc800 WatcherThread [stack: 0x00007f616b017000,0x00007f616b118000] [id=5766]

VM state:at safepoint (normal execution)

VM Mutex/Monitor currently owned by a thread:  ([mutex/lock_event])
[0x00007f6188007480] ExpandHeap_lock - owner thread: 0x00007f6188077000
[0x00007f6188007b00] Threads_lock - owner thread: 0x00007f6188077000
[0x00007f6188008000] Heap_lock - owner thread: 0x00007f616004b000

Heap:
 PSYoungGen      total 485888K, used 0K [0x00000000d5580000, 0x0000000100000000, 0x0000000100000000)
  eden space 318976K, 0% used [0x00000000d5580000,0x00000000d5580000,0x00000000e8d00000)
  from space 166912K, 0% used [0x00000000f5d00000,0x00000000f5d00000,0x0000000100000000)
  to   space 189952K, 0% used [0x00000000e8d00000,0x00000000e8d00000,0x00000000f4680000)
 ParOldGen       total 572416K, used 479794K [0x0000000080000000, 0x00000000a2f00000, 0x00000000d5580000)
  object space 572416K, 83% used [0x0000000080000000,0x000000009d48ca70,0x00000000a2f00000)
 Metaspace       used 89167K, capacity 91578K, committed 91776K, reserved 1128448K
  class space    used 11495K, capacity 12038K, committed 12160K, reserved 1048576K

Card table byte_map: [0x00007f618cc10000,0x00007f618d011000] byte_map_base: 0x00007f618c810000

Marking Bits: (ParMarkBitMap*) 0x00007f618f796920
 Begin Bits: [0x00007f6170000000, 0x00007f6172000000)
 End Bits:   [0x00007f6172000000, 0x00007f6174000000)

Polling page: 0x00007f6190403000

CodeCache: size=245760Kb used=46541Kb max_used=46885Kb free=199218Kb
 bounds [0x00007f6179000000, 0x00007f617be60000, 0x00007f6188000000]
 total_blobs=15069 nmethods=14212 adapters=768
 compilation: enabled

Compilation events (10 events):
Event: 34.178 Thread 0x00007f61880bb000 17147       2       com.android.dx.ssa.back.IdenticalBlockCombiner::combineBlocks (102 bytes)
Event: 34.178 Thread 0x00007f61880bb000 nmethod 17147 0x00007f617a86b1d0 code [0x00007f617a86b3a0, 0x00007f617a86b718]
Event: 34.330 Thread 0x00007f61880bb000 17148       3       com.android.dx.ssa.back.IdenticalBlockCombiner::combineBlocks (102 bytes)
Event: 34.331 Thread 0x00007f61880bb000 nmethod 17148 0x00007f617b5d6210 code [0x00007f617b5d6400, 0x00007f617b5d6cb8]
Event: 34.678 Thread 0x00007f61880b8000 nmethod 17069 0x00007f617be34850 code [0x00007f617be35800, 0x00007f617be3e9a8]
Event: 34.678 Thread 0x00007f61880b8000 17150       4       com.android.dx.ssa.back.LivenessAnalyzer::run (231 bytes)
Event: 34.681 Thread 0x00007f61880bb000 17153       2       com.android.dx.rop.code.Rops::opMoveResultPseudo (23 bytes)
Event: 34.682 Thread 0x00007f61880bb000 nmethod 17153 0x00007f6179860f10 code [0x00007f6179861080, 0x00007f6179861298]
Event: 34.749 Thread 0x00007f61880b8000 nmethod 17150 0x00007f617bdfdcd0 code [0x00007f617bdfe080, 0x00007f617be00320]
Event: 34.749 Thread 0x00007f61880b8000 17149 %     4       com.android.dx.ssa.back.IdenticalBlockCombiner::process @ 25 (323 bytes)

GC Heap History (10 events):
Event: 29.714 GC heap after
Heap after GC invocations=33 (full 8):
 PSYoungGen      total 579584K, used 119292K [0x00000000d5580000, 0x0000000100000000, 0x0000000100000000)
  eden space 460288K, 0% used [0x00000000d5580000,0x00000000d5580000,0x00000000f1700000)
  from space 119296K, 99% used [0x00000000f1700000,0x00000000f8b7f378,0x00000000f8b80000)
  to   space 119296K, 0% used [0x00000000f8b80000,0x00000000f8b80000,0x0000000100000000)
 ParOldGen       total 384000K, used 323187K [0x0000000080000000, 0x0000000097700000, 0x00000000d5580000)
  object space 384000K, 84% used [0x0000000080000000,0x0000000093b9cfc0,0x0000000097700000)
 Metaspace       used 89156K, capacity 91578K, committed 91776K, reserved 1128448K
  class space    used 11494K, capacity 12038K, committed 12160K, reserved 1048576K
}
Event: 29.714 GC heap before
{Heap before GC invocations=34 (full 9):
 PSYoungGen      total 579584K, used 119292K [0x00000000d5580000, 0x0000000100000000, 0x0000000100000000)
  eden space 460288K, 0% used [0x00000000d5580000,0x00000000d5580000,0x00000000f1700000)
  from space 119296K, 99% used [0x00000000f1700000,0x00000000f8b7f378,0x00000000f8b80000)
  to   space 119296K, 0% used [0x00000000f8b80000,0x00000000f8b80000,0x0000000100000000)
 ParOldGen       total 384000K, used 323187K [0x0000000080000000, 0x0000000097700000, 0x00000000d5580000)
  object space 384000K, 84% used [0x0000000080000000,0x0000000093b9cfc0,0x0000000097700000)
 Metaspace       used 89156K, capacity 91578K, committed 91776K, reserved 1128448K
  class space    used 11494K, capacity 12038K, committed 12160K, reserved 1048576K
Event: 31.424 GC heap after
Heap after GC invocations=34 (full 9):
 PSYoungGen      total 579584K, used 54117K [0x00000000d5580000, 0x0000000100000000, 0x0000000100000000)
  eden space 460288K, 0% used [0x00000000d5580000,0x00000000d5580000,0x00000000f1700000)
  from space 119296K, 45% used [0x00000000f1700000,0x00000000f4bd9778,0x00000000f8b80000)
  to   space 119296K, 0% used [0x00000000f8b80000,0x00000000f8b80000,0x0000000100000000)
 ParOldGen       total 572416K, used 383755K [0x0000000080000000, 0x00000000a2f00000, 0x00000000d5580000)
  object space 572416K, 67% used [0x0000000080000000,0x00000000976c2ec8,0x00000000a2f00000)
 Metaspace       used 89156K, capacity 91578K, committed 91776K, reserved 1128448K
  class space    used 11494K, capacity 12038K, committed 12160K, reserved 1048576K
}
Event: 31.961 GC heap before
{Heap before GC invocations=35 (full 9):
 PSYoungGen      total 579584K, used 514405K [0x00000000d5580000, 0x0000000100000000, 0x0000000100000000)
  eden space 460288K, 100% used [0x00000000d5580000,0x00000000f1700000,0x00000000f1700000)
  from space 119296K, 45% used [0x00000000f1700000,0x00000000f4bd9778,0x00000000f8b80000)
  to   space 119296K, 0% used [0x00000000f8b80000,0x00000000f8b80000,0x0000000100000000)
 ParOldGen       total 572416K, used 383755K [0x0000000080000000, 0x00000000a2f00000, 0x00000000d5580000)
  object space 572416K, 67% used [0x0000000080000000,0x00000000976c2ec8,0x00000000a2f00000)
 Metaspace       used 89165K, capacity 91578K, committed 91776K, reserved 1128448K
  class space    used 11495K, capacity 12038K, committed 12160K, reserved 1048576K
Event: 32.447 GC heap after
Heap after GC invocations=35 (full 9):
 PSYoungGen      total 484352K, used 90664K [0x00000000d5580000, 0x0000000100000000, 0x0000000100000000)
  eden space 365056K, 0% used [0x00000000d5580000,0x00000000d5580000,0x00000000eba00000)
  from space 119296K, 75% used [0x00000000f8b80000,0x00000000fe40a0e0,0x0000000100000000)
  to   space 166912K, 0% used [0x00000000eba00000,0x00000000eba00000,0x00000000f5d00000)
 ParOldGen       total 572416K, used 438390K [0x0000000080000000, 0x00000000a2f00000, 0x00000000d5580000)
  object space 572416K, 76% used [0x0000000080000000,0x000000009ac1da80,0x00000000a2f00000)
 Metaspace       used 89165K, capacity 91578K, committed 91776K, reserved 1128448K
  class space    used 11495K, capacity 12038K, committed 12160K, reserved 1048576K
}
Event: 33.967 GC heap before
{Heap before GC invocations=36 (full 9):
 PSYoungGen      total 484352K, used 455720K [0x00000000d5580000, 0x0000000100000000, 0x0000000100000000)
  eden space 365056K, 100% used [0x00000000d5580000,0x00000000eba00000,0x00000000eba00000)
  from space 119296K, 75% used [0x00000000f8b80000,0x00000000fe40a0e0,0x0000000100000000)
  to   space 166912K, 0% used [0x00000000eba00000,0x00000000eba00000,0x00000000f5d00000)
 ParOldGen       total 572416K, used 438390K [0x0000000080000000, 0x00000000a2f00000, 0x00000000d5580000)
  object space 572416K, 76% used [0x0000000080000000,0x000000009ac1da80,0x00000000a2f00000)
 Metaspace       used 89167K, capacity 91578K, committed 91776K, reserved 1128448K
  class space    used 11495K, capacity 12038K, committed 12160K, reserved 1048576K
Event: 34.064 GC heap after
Heap after GC invocations=36 (full 9):
 PSYoungGen      total 531968K, used 166898K [0x00000000d5580000, 0x0000000100000000, 0x0000000100000000)
  eden space 365056K, 0% used [0x00000000d5580000,0x00000000d5580000,0x00000000eba00000)
  from space 166912K, 99% used [0x00000000eba00000,0x00000000f5cfc990,0x00000000f5d00000)
  to   space 166912K, 0% used [0x00000000f5d00000,0x00000000f5d00000,0x0000000100000000)
 ParOldGen       total 572416K, used 450153K [0x0000000080000000, 0x00000000a2f00000, 0x00000000d5580000)
  object space 572416K, 78% used [0x0000000080000000,0x000000009b79a578,0x00000000a2f00000)
 Metaspace       used 89167K, capacity 91578K, committed 91776K, reserved 1128448K
  class space    used 11495K, capacity 12038K, committed 12160K, reserved 1048576K
}
Event: 35.155 GC heap before
{Heap before GC invocations=37 (full 9):
 PSYoungGen      total 531968K, used 531954K [0x00000000d5580000, 0x0000000100000000, 0x0000000100000000)
  eden space 365056K, 100% used [0x00000000d5580000,0x00000000eba00000,0x00000000eba00000)
  from space 166912K, 99% used [0x00000000eba00000,0x00000000f5cfc990,0x00000000f5d00000)
  to   space 166912K, 0% used [0x00000000f5d00000,0x00000000f5d00000,0x0000000100000000)
 ParOldGen       total 572416K, used 450153K [0x0000000080000000, 0x00000000a2f00000, 0x00000000d5580000)
  object space 572416K, 78% used [0x0000000080000000,0x000000009b79a578,0x00000000a2f00000)
 Metaspace       used 89167K, capacity 91578K, committed 91776K, reserved 1128448K
  class space    used 11495K, capacity 12038K, committed 12160K, reserved 1048576K
Event: 35.948 GC heap after
Heap after GC invocations=37 (full 9):
 PSYoungGen      total 485888K, used 57102K [0x00000000d5580000, 0x0000000100000000, 0x0000000100000000)
  eden space 318976K, 0% used [0x00000000d5580000,0x00000000d5580000,0x00000000e8d00000)
  from space 166912K, 34% used [0x00000000f5d00000,0x00000000f94c3aa0,0x0000000100000000)
  to   space 189952K, 0% used [0x00000000e8d00000,0x00000000e8d00000,0x00000000f4680000)
 ParOldGen       total 572416K, used 564829K [0x0000000080000000, 0x00000000a2f00000, 0x00000000d5580000)
  object space 572416K, 98% used [0x0000000080000000,0x00000000a2797610,0x00000000a2f00000)
 Metaspace       used 89167K, capacity 91578K, committed 91776K, reserved 1128448K
  class space    used 11495K, capacity 12038K, committed 12160K, reserved 1048576K
}
Event: 35.949 GC heap before
{Heap before GC invocations=38 (full 10):
 PSYoungGen      total 485888K, used 57102K [0x00000000d5580000, 0x0000000100000000, 0x0000000100000000)
  eden space 318976K, 0% used [0x00000000d5580000,0x00000000d5580000,0x00000000e8d00000)
  from space 166912K, 34% used [0x00000000f5d00000,0x00000000f94c3aa0,0x0000000100000000)
  to   space 189952K, 0% used [0x00000000e8d00000,0x00000000e8d00000,0x00000000f4680000)
 ParOldGen       total 572416K, used 564829K [0x0000000080000000, 0x00000000a2f00000, 0x00000000d5580000)
  object space 572416K, 98% used [0x0000000080000000,0x00000000a2797610,0x00000000a2f00000)
 Metaspace       used 89167K, capacity 91578K, committed 91776K, reserved 1128448K
  class space    used 11495K, capacity 12038K, committed 12160K, reserved 1048576K

Deoptimization events (10 events):
Event: 31.625 Thread 0x00007f6160038000 Uncommon trap: reason=unstable_if action=reinterpret pc=0x00007f617b985918 method=com.android.dx.ssa.SetFactory.makeLivenessSet(I)Lcom/android/dx/util/IntSet; @ 4
Event: 31.625 Thread 0x00007f6160038000 Uncommon trap: reason=unstable_if action=reinterpret pc=0x00007f617b996978 method=com.android.dx.ssa.SetFactory.makeLivenessSet(I)Lcom/android/dx/util/IntSet; @ 4
Event: 31.644 Thread 0x00007f6160038000 Uncommon trap: reason=class_check action=maybe_recompile pc=0x00007f617b9b3ca4 method=com.android.dx.ssa.back.InterferenceGraph.add(II)V @ 19
Event: 31.644 Thread 0x00007f6160038000 Uncommon trap: reason=class_check action=maybe_recompile pc=0x00007f617b9b3ca4 method=com.android.dx.ssa.back.InterferenceGraph.add(II)V @ 19
Event: 31.644 Thread 0x00007f6160038000 Uncommon trap: reason=class_check action=maybe_recompile pc=0x00007f617b9b3ca4 method=com.android.dx.ssa.back.InterferenceGraph.add(II)V @ 19
Event: 31.644 Thread 0x00007f6160038000 Uncommon trap: reason=class_check action=maybe_recompile pc=0x00007f617b9b3ca4 method=com.android.dx.ssa.back.InterferenceGraph.add(II)V @ 19
Event: 32.586 Thread 0x00007f6138098000 Uncommon trap: reason=unstable_if action=reinterpret pc=0x00007f617bdab848 method=com.android.dx.rop.code.LocalVariableInfo.mergeStarts(ILcom/android/dx/rop/code/RegisterSpecSet;)Z @ 31
Event: 32.995 Thread 0x00007f6138098000 Uncommon trap: reason=bimorphic action=maybe_recompile pc=0x00007f617bc9171c method=com.android.dx.cf.code.BytecodeArray.parseInstruction(ILcom/android/dx/cf/code/BytecodeArray$Visitor;)I @ 1987
Event: 32.995 Thread 0x00007f6138098000 Uncommon trap: reason=bimorphic action=maybe_recompile pc=0x00007f617bc9171c method=com.android.dx.cf.code.BytecodeArray.parseInstruction(ILcom/android/dx/cf/code/BytecodeArray$Visitor;)I @ 1987
Event: 34.170 Thread 0x00007f6138098000 Uncommon trap: reason=unstable_if action=reinterpret pc=0x00007f617b674914 method=com.android.dx.util.LabeledList.set(ILcom/android/dx/util/LabeledItem;)V @ 16

Classes redefined (0 events):
No events

Internal exceptions (10 events):
Event: 16.565 Thread 0x00007f6138091000 Exception <a 'sun/nio/fs/UnixException'> (0x00000000e1239c60) thrown at [/HUDSON/workspace/8-2-build-linux-amd64/jdk8u161/10277/hotspot/src/share/vm/prims/jni.cpp, line 709]
Event: 16.565 Thread 0x00007f612c41e000 Exception <a 'sun/nio/fs/UnixException'> (0x00000000e1221840) thrown at [/HUDSON/workspace/8-2-build-linux-amd64/jdk8u161/10277/hotspot/src/share/vm/prims/jni.cpp, line 709]
Event: 16.565 Thread 0x00007f6138092000 Exception <a 'sun/nio/fs/UnixException'> (0x00000000e1384c88) thrown at [/HUDSON/workspace/8-2-build-linux-amd64/jdk8u161/10277/hotspot/src/share/vm/prims/jni.cpp, line 709]
Event: 18.433 Thread 0x00007f612c41e000 Exception <a 'java/lang/NoSuchMethodError': java.lang.Object.lambda$static$0(Ljava/lang/String;)Z> (0x00000000e2428328) thrown at [/HUDSON/workspace/8-2-build-linux-amd64/jdk8u161/10277/hotspot/src/share/vm/interpreter/linkResolver.cpp, line 620]
Event: 18.433 Thread 0x00007f612c41e000 Exception <a 'sun/nio/fs/UnixException'> (0x00000000e242c648) thrown at [/HUDSON/workspace/8-2-build-linux-amd64/jdk8u161/10277/hotspot/src/share/vm/prims/jni.cpp, line 709]
Event: 18.551 Thread 0x00007f612d4e0800 Exception <a 'java/io/IOException'> (0x00000000e2a803c8) thrown at [/HUDSON/workspace/8-2-build-linux-amd64/jdk8u161/10277/hotspot/src/share/vm/prims/jni.cpp, line 709]
Event: 21.809 Thread 0x00007f6160038000 Implicit null exception at 0x00007f617b63424b to 0x00007f617b6363dd
Event: 23.551 Thread 0x00007f612d4e0800 Exception <a 'java/io/IOException'> (0x00000000dd291420) thrown at [/HUDSON/workspace/8-2-build-linux-amd64/jdk8u161/10277/hotspot/src/share/vm/prims/jni.cpp, line 709]
Event: 28.551 Thread 0x00007f612d4e0800 Exception <a 'java/io/IOException'> (0x00000000ebac4328) thrown at [/HUDSON/workspace/8-2-build-linux-amd64/jdk8u161/10277/hotspot/src/share/vm/prims/jni.cpp, line 709]
Event: 33.551 Thread 0x00007f612d4e0800 Exception <a 'java/io/IOException'> (0x00000000deb48070) thrown at [/HUDSON/workspace/8-2-build-linux-amd64/jdk8u161/10277/hotspot/src/share/vm/prims/jni.cpp, line 709]

Events (10 events):
Event: 34.500 Thread 0x00007f616004c800 DEOPT UNPACKING pc=0x00007f6179047784 sp=0x00007f61152c2a48 mode 0
Event: 34.503 Thread 0x00007f616004c800 DEOPT PACKING pc=0x00007f617b87a761 sp=0x00007f61152c2fd0
Event: 34.503 Thread 0x00007f616004c800 DEOPT UNPACKING pc=0x00007f6179047784 sp=0x00007f61152c2d80 mode 0
Event: 34.520 Thread 0x00007f616004c800 DEOPT PACKING pc=0x00007f61792968c7 sp=0x00007f61152c2ce0
Event: 34.520 Thread 0x00007f616004c800 DEOPT UNPACKING pc=0x00007f6179047784 sp=0x00007f61152c2a48 mode 0
Event: 34.594 Thread 0x00007f616004c800 DEOPT PACKING pc=0x00007f61792968c7 sp=0x00007f61152c2ce0
Event: 34.594 Thread 0x00007f616004c800 DEOPT UNPACKING pc=0x00007f6179047784 sp=0x00007f61152c2a48 mode 0
Event: 34.597 Thread 0x00007f6160038000 DEOPT PACKING pc=0x00007f617b8484dd sp=0x00007f61151c1c00
Event: 34.597 Thread 0x00007f6160038000 DEOPT UNPACKING pc=0x00007f6179047784 sp=0x00007f61151c1a40 mode 0
Event: 35.155 Executing VM operation: ParallelGCFailedAllocation


Dynamic libraries:
00400000-00401000 r-xp 00000000 08:01 1582647                            /usr/lib/jvm/jdk1.8.0_161/bin/java
00600000-00601000 rw-p 00000000 08:01 1582647                            /usr/lib/jvm/jdk1.8.0_161/bin/java
01233000-01254000 rw-p 00000000 00:00 0                                  [heap]
80000000-a2f00000 rw-p 00000000 00:00 0 
ab700000-d5580000 ---p 00000000 00:00 0 
d5580000-100000000 rw-p 00000000 00:00 0 
100000000-100be0000 rw-p 00000000 00:00 0 
100be0000-140000000 ---p 00000000 00:00 0 
7f6112df6000-7f6112fb6000 rw-p 00000000 00:00 0 
7f6112fb6000-7f6112ff6000 ---p 00000000 00:00 0 
7f6112ff6000-7f6113068000 r--s 00a95000 08:01 943615                     /home/mat/dev/snapcast/android/Snapcast/build/intermediates/transforms/jarMerging/release/0.jar
7f6113068000-7f6113268000 rw-p 00000000 00:00 0 
7f6113268000-7f6113468000 rw-p 00000000 00:00 0 
7f6113468000-7f6113668000 rw-p 00000000 00:00 0 
7f6113673000-7f6113873000 rw-p 00000000 00:00 0 
7f6113873000-7f6113a73000 rw-p 00000000 00:00 0 
7f6113a73000-7f6113c73000 rw-p 00000000 00:00 0 
7f6113c73000-7f6113e73000 rw-p 00000000 00:00 0 
7f6113ebf000-7f6113ec2000 ---p 00000000 00:00 0 
7f6113ec2000-7f61141c0000 rw-p 00000000 00:00 0 
7f61141c0000-7f61143c0000 rw-p 00000000 00:00 0 
7f61143c0000-7f61145c0000 rw-p 00000000 00:00 0 
7f61145c0000-7f61147c0000 rw-p 00000000 00:00 0 
7f61147c0000-7f61149c0000 rw-p 00000000 00:00 0 
7f61149c0000-7f6114bc0000 rw-p 00000000 00:00 0 
7f6114bc0000-7f6114dc0000 rw-p 00000000 00:00 0 
7f6114dc0000-7f6114dc3000 ---p 00000000 00:00 0 
7f6114dc3000-7f6114ec1000 rw-p 00000000 00:00 0 
7f6114ec1000-7f6114ec4000 ---p 00000000 00:00 0 
7f6114ec4000-7f6114fc2000 rw-p 00000000 00:00 0 
7f6114fc2000-7f6114fc5000 ---p 00000000 00:00 0 
7f6114fc5000-7f61150c3000 rw-p 00000000 00:00 0 
7f61150c3000-7f61150c6000 ---p 00000000 00:00 0 
7f61150c6000-7f61151c4000 rw-p 00000000 00:00 0 
7f61151c4000-7f61151c7000 ---p 00000000 00:00 0 
7f61151c7000-7f61152c5000 rw-p 00000000 00:00 0 
7f61152c5000-7f61152c8000 ---p 00000000 00:00 0 
7f61152c8000-7f61153c6000 rw-p 00000000 00:00 0 
7f61153c6000-7f61153c9000 ---p 00000000 00:00 0 
7f61153c9000-7f61154c7000 rw-p 00000000 00:00 0 
7f61154c7000-7f61154ca000 ---p 00000000 00:00 0 
7f61154ca000-7f6115500000 rw-p 00000000 00:00 0 
7f6115500000-7f6115503000 ---p 00000000 00:00 0 
7f6115503000-7f6115539000 rw-p 00000000 00:00 0 
7f6115539000-7f611553c000 ---p 00000000 00:00 0 
7f611553c000-7f6115572000 rw-p 00000000 00:00 0 
7f6115572000-7f6115575000 ---p 00000000 00:00 0 
7f6115575000-7f6115673000 rw-p 00000000 00:00 0 
7f6115673000-7f6115676000 ---p 00000000 00:00 0 
7f6115676000-7f6115774000 rw-p 00000000 00:00 0 
7f6115774000-7f6115777000 ---p 00000000 00:00 0 
7f6115777000-7f6115a75000 rw-p 00000000 00:00 0 
7f6115a75000-7f6115a78000 ---p 00000000 00:00 0 
7f6115a78000-7f6115d76000 rw-p 00000000 00:00 0 
7f6115d76000-7f6115d79000 ---p 00000000 00:00 0 
7f6115d79000-7f6115e77000 rw-p 00000000 00:00 0 
7f6115e77000-7f6115e7a000 ---p 00000000 00:00 0 
7f6115e7a000-7f6115f78000 rw-p 00000000 00:00 0 
7f6115f78000-7f6115f7b000 ---p 00000000 00:00 0 
7f6115f7b000-7f6116079000 rw-p 00000000 00:00 0 
7f6116079000-7f611607c000 ---p 00000000 00:00 0 
7f611607c000-7f611637a000 rw-p 00000000 00:00 0 
7f611637a000-7f611657a000 rw-p 00000000 00:00 0 
7f611657a000-7f611677a000 rw-p 00000000 00:00 0 
7f611677a000-7f611697a000 rw-p 00000000 00:00 0 
7f611697a000-7f611698d000 r--s 00345000 08:01 1704819                    /usr/lib/jvm/jdk1.8.0_161/jre/lib/resources.jar
7f611698d000-7f6116b8d000 rw-p 00000000 00:00 0 
7f6116b8d000-7f6116d8d000 rw-p 00000000 00:00 0 
7f6116d8d000-7f6116d90000 r--s 0001a000 08:01 1710056                    /usr/lib/jvm/jdk1.8.0_161/jre/lib/jce.jar
7f6116d90000-7f6116f90000 rw-p 00000000 00:00 0 
7f6116f90000-7f6116f93000 ---p 00000000 00:00 0 
7f6116f93000-7f6117091000 rw-p 00000000 00:00 0 
7f6117091000-7f6117092000 r--p 00000000 08:01 136742                     /usr/share/locale-langpack/en_GB/LC_MESSAGES/libc.mo
7f6117092000-7f6117292000 rw-p 00000000 00:00 0 
7f6117292000-7f6117295000 ---p 00000000 00:00 0 
7f6117295000-7f6117593000 rw-p 00000000 00:00 0 
7f6117593000-7f6117793000 rw-p 00000000 00:00 0 
7f6117793000-7f611779e000 r--s 00081000 08:01 1084205                    /home/mat/.gradle/caches/modules-2/files-2.1/org.jetbrains.trove4j/trove4j/20160824/33c3e174a9c8368d93761d3d12712db18e903959/trove4j-20160824.jar
7f611779e000-7f6117821000 r--s 00758000 08:01 1084204                    /home/mat/.gradle/caches/modules-2/files-2.1/com.android.tools.external.com-intellij/intellij-core/26.0.1/a373ed549821cb9a932b87c79792790f6d018727/intellij-core-26.0.1.jar
7f6117821000-7f6117827000 r--s 00033000 08:01 1084203                    /home/mat/.gradle/caches/modules-2/files-2.1/commons-codec/commons-codec/1.6/b7f0fc8f61ecadeb3695f0b9464755eee44374d4/commons-codec-1.6.jar
7f6117827000-7f6117829000 r--s 0000d000 08:01 1071472                    /home/mat/.gradle/caches/modules-2/files-2.1/commons-logging/commons-logging/1.1.1/5043bfebc3db072ed80fbd362e7caf00e885d8ae/commons-logging-1.1.1.jar
7f6117829000-7f611782f000 r--s 00032000 08:01 1084202                    /home/mat/.gradle/caches/modules-2/files-2.1/org.apache.httpcomponents/httpcore/4.2.5/472f0f5f8dba5d1962cb9d7739feed739a31c30d/httpcore-4.2.5.jar
7f611782f000-7f6117830000 r--s 00004000 08:01 1071470                    /home/mat/.gradle/caches/modules-2/files-2.1/com.intellij/annotations/12.0/bbcf6448f6d40abe506e2c83b70a3e8bfd2b4539/annotations-12.0.jar
7f6117830000-7f6117831000 r--s 00000000 08:01 1084201                    /home/mat/.gradle/caches/modules-2/files-2.1/org.codehaus.mojo/animal-sniffer-annotations/1.14/775b7e22fb10026eed3f86e8dc556dfafe35f2d5/animal-sniffer-annotations-1.14.jar
7f6117831000-7f6117833000 r--s 00001000 08:01 1084200                    /home/mat/.gradle/caches/modules-2/files-2.1/com.google.j2objc/j2objc-annotations/1.1/976d8d30bebc251db406f2bdb3eb01962b5685b3/j2objc-annotations-1.1.jar
7f6117833000-7f6117834000 r--s 00002000 08:01 1084199                    /home/mat/.gradle/caches/modules-2/files-2.1/com.google.errorprone/error_prone_annotations/2.0.18/5f65affce1684999e2f4024983835efc3504012e/error_prone_annotations-2.0.18.jar
7f6117834000-7f6117837000 r--s 00006000 08:01 1084198                    /home/mat/.gradle/caches/modules-2/files-2.1/com.google.code.findbugs/jsr305/1.3.9/40719ea6961c0cb6afaeb6a921eaa1f6afd4cfdf/jsr305-1.3.9.jar
7f6117837000-7f6117838000 r--s 0000a000 08:01 1071469                    /home/mat/.gradle/caches/modules-2/files-2.1/net.sf.kxml/kxml2/2.3.0/ccbc77a5fd907ef863c29f3596c6f54ffa4e9442/kxml2-2.3.0.jar
7f6117838000-7f611783a000 r--s 00005000 08:01 1071467                    /home/mat/.gradle/caches/modules-2/files-2.1/org.apache.httpcomponents/httpmime/4.1/9ba2dcdf94ce35c8a8e9bff242db0618ca932e92/httpmime-4.1.jar
7f611783a000-7f6117844000 r--s 00061000 08:01 1084197                    /home/mat/.gradle/caches/modules-2/files-2.1/org.apache.httpcomponents/httpclient/4.2.6/e4ca30a6a3a075053a61c6fc850d2432dc012ba7/httpclient-4.2.6.jar
7f6117844000-7f611784d000 r--s 00064000 08:01 1084196                    /home/mat/.gradle/caches/modules-2/files-2.1/org.apache.commons/commons-compress/1.12/84caa68576e345eb5e7ae61a0e5a9229eb100d7b/commons-compress-1.12.jar
7f611784d000-7f6117852000 r--s 0002e000 08:01 1084195                    /home/mat/.gradle/caches/modules-2/files-2.1/com.google.code.gson/gson/2.3/5fc52c41ef0239d1093a1eb7c3697036183677ce/gson-2.3.jar
7f6117852000-7f6117862000 r--s 000d6000 08:01 1084194                    /home/mat/.gradle/caches/modules-2/files-2.1/net.sf.proguard/proguard-base/5.3.3/988b6b0636ce343d4962b3b37f6319dcc6e99a61/proguard-base-5.3.3.jar
7f6117862000-7f6117864000 r--s 00003000 08:01 1084193                    /home/mat/.gradle/caches/modules-2/files-2.1/org.jetbrains/annotations/13.0/919f0dfe192fb4e063e7dacadee7f8bb9a2672a9/annotations-13.0.jar
7f6117864000-7f6117865000 r--s 00001000 08:01 1084192                    /home/mat/.gradle/caches/modules-2/files-2.1/com.android.tools/annotations/26.0.1/29012758503f56c7dc0714eda494f7f140fd3db8/annotations-26.0.1.jar
7f6117865000-7f6117868000 r--s 00033000 08:01 1071459                    /home/mat/.gradle/caches/modules-2/files-2.1/com.googlecode.juniversalchardet/juniversalchardet/1.0.3/cd49678784c46aa8789c060538e0154013bb421b/juniversalchardet-1.0.3.jar
7f6117868000-7f611786c000 r--s 0002a000 08:01 1071458                    /home/mat/.gradle/caches/modules-2/files-2.1/commons-io/commons-io/2.4/b1b6ea3b7e4aa4f492509a4952029cd8e48019ad/commons-io-2.4.jar
7f611786c000-7f6117883000 r--s 00154000 08:01 1071457                    /home/mat/.gradle/caches/modules-2/files-2.1/org.antlr/antlr4/4.5.3/f35db7e4b2446e4174ba6a73db7bd6b3e6bb5da1/antlr4-4.5.3.jar
7f6117883000-7f6117884000 r--s 00003000 08:01 1084191                    /home/mat/.gradle/caches/modules-2/files-2.1/com.android.databinding/baseLibrary/3.0.1/cc0483d84342e82c261aeb5fd0ef2f876b587489/baseLibrary-3.0.1.jar
7f6117884000-7f61178b4000 r--s 00245000 08:01 1084188                    /home/mat/.gradle/caches/modules-2/files-2.1/com.google.guava/guava/22.0/3564ef3803de51fb0530a8377ec6100b33b0d073/guava-22.0.jar
7f61178b4000-7f61178bc000 r--s 000a8000 08:01 1071453                    /home/mat/.gradle/caches/modules-2/files-2.1/com.android.tools.external.lombok/lombok-ast/0.2.3/528b6f8bde3157f17530aa366631f2aad2a6cf9/lombok-ast-0.2.3.jar
7f61178bc000-7f61178c0000 r--s 0002f000 08:01 1071454                    /home/mat/.gradle/caches/modules-2/files-2.1/com.google.jimfs/jimfs/1.1/8fbd0579dc68aba6186935cc1bee21d2f3e7ec1c/jimfs-1.1.jar
7f61178c0000-7f61178d3000 r--s 00241000 08:01 1071452                    /home/mat/.gradle/caches/modules-2/files-2.1/org.eclipse.jdt.core.compiler/ecj/4.6.1/5555607add54eb79c5a0729134e663fe2e6300c2/ecj-4.6.1.jar
7f61178d3000-7f61178d4000 r--s 00003000 08:01 1084187                    /home/mat/.gradle/caches/modules-2/files-2.1/com.googlecode.json-simple/json-simple/1.1/5e303a03d04e6788dddfa3655272580ae0fc13bb/json-simple-1.1.jar
7f61178d4000-7f61179f9000 r--s 00f5d000 08:01 1084186                    /home/mat/.gradle/caches/modules-2/files-2.1/it.unimi.dsi/fastutil/7.2.0/5ad3a2bb04143f70aa0765fc29fc29571a7d6b34/fastutil-7.2.0.jar
7f61179f9000-7f6117a44000 r--s 002ff000 08:01 1084185                    /home/mat/.gradle/caches/modules-2/files-2.1/org.bouncycastle/bcprov-jdk15on/1.56/a153c6f9744a3e9dd6feab5e210e1c9861362ec7/bcprov-jdk15on-1.56.jar
7f6117a44000-7f6117a55000 r--s 00097000 08:01 1084184                    /home/mat/.gradle/caches/modules-2/files-2.1/org.bouncycastle/bcpkix-jdk15on/1.56/4648af70268b6fdb24674fb1fd7c1fcc73db1231/bcpkix-jdk15on-1.56.jar
7f6117a55000-7f6117a57000 r--s 00002000 08:01 1071449                    /home/mat/.gradle/caches/modules-2/files-2.1/com.squareup/javawriter/2.5.0/81241ff7078ef14f42ea2a8995fa09c096256e6b/javawriter-2.5.0.jar
7f6117a57000-7f6117a5c000 r--s 0003b000 08:01 1084183                    /home/mat/.gradle/caches/modules-2/files-2.1/com.android.tools.build/apksig/3.0.1/535b9323a1bd47e3a9c860d11f4e11a80db13f2b/apksig-3.0.1.jar
7f6117a5c000-7f6117a5f000 r--s 00024000 08:01 1084182                    /home/mat/.gradle/caches/modules-2/files-2.1/com.android.tools/common/26.0.1/38e362a43a905b6745d609bea37faddb0c5bffab/common-26.0.1.jar
7f6117a5f000-7f6117a61000 r--s 00006000 08:01 1084181                    /home/mat/.gradle/caches/modules-2/files-2.1/com.android.tools/dvlib/26.0.1/46f3eeaf812811374b4ea2c49ad52687a7ff6a87/dvlib-26.0.1.jar
7f6117a61000-7f6117a64000 r--s 00014000 08:01 1084180                    /home/mat/.gradle/caches/modules-2/files-2.1/com.android.tools.layoutlib/layoutlib-api/26.0.1/4eb1f46803873ff996f2457d1dd64c5c305818d8/layoutlib-api-26.0.1.jar
7f6117a64000-7f6117a69000 r--s 0004d000 08:01 1084179                    /home/mat/.gradle/caches/modules-2/files-2.1/com.android.tools.ddms/ddmlib/26.0.1/d4bcdb3a578812688ccc34f1359702601fea955d/ddmlib-26.0.1.jar
7f6117a69000-7f6117a6a000 r--s 00003000 08:01 1084177                    /home/mat/.gradle/caches/modules-2/files-2.1/com.android.tools.build/builder-test-api/3.0.1/5f084a2888a7f638c4c89c3278760345b1fb4c8/builder-test-api-3.0.1.jar
7f6117a6a000-7f6117a6d000 r--s 00007000 08:01 1084176                    /home/mat/.gradle/caches/modules-2/files-2.1/com.android.tools.build/builder-model/3.0.1/e9de7e34339a8eb90fda30ac6bf580d5f2c4f282/builder-model-3.0.1.jar
7f6117a6d000-7f6117a7c000 r--s 00130000 08:01 1071435                    /home/mat/.gradle/caches/modules-2/files-2.1/com.google.protobuf/protobuf-java/3.0.0/6d325aa7c921661d84577c0a93d82da4df9fa4c8/protobuf-java-3.0.0.jar
7f6117a7c000-7f6117a8f000 r--s 001a8000 08:01 1084178                    /home/mat/.gradle/caches/modules-2/files-2.1/com.android.tools.analytics-library/protos/26.0.1/7719e7ed7498e25ec555bdfcb7a4de0e88a47ea/protos-26.0.1.jar
7f6117a8f000-7f6117a90000 r--s 00005000 08:01 1084174                    /home/mat/.gradle/caches/modules-2/files-2.1/com.android.tools.analytics-library/shared/26.0.1/5cfc3811c2fd6cddfce2ec1bb5fbbec87e0fc462/shared-26.0.1.jar
7f6117a90000-7f6117a92000 r--s 00004000 08:01 1084175                    /home/mat/.gradle/caches/modules-2/files-2.1/com.android.tools.analytics-library/tracker/26.0.1/15f0c0560c8a97700651d2dd5219937baa80c166/tracker-26.0.1.jar
7f6117a92000-7f6117a94000 r--s 00002000 08:01 1084173                    /home/mat/.gradle/caches/modules-2/files-2.1/net.sf.proguard/proguard-gradle/5.3.3/ad23a0505f58d0dfc95bb1472decc397460406c9/proguard-gradle-5.3.3.jar
7f6117a94000-7f6117a96000 r--s 0000f000 08:01 1071431                    /home/mat/.gradle/caches/modules-2/files-2.1/net.sf.jopt-simple/jopt-simple/4.9/ee9e9eaa0a35360dcfeac129ff4923215fd65904/jopt-simple-4.9.jar
7f6117a96000-7f6117a9a000 r--s 0001e000 08:01 1084172                    /home/mat/.gradle/caches/modules-2/files-2.1/org.jacoco/org.jacoco.core/0.7.4.201502262128/31482f50411a3a5769b6c78fa9b97ba731c205e7/org.jacoco.core-0.7.4.201502262128.jar
7f6117a9a000-7f6117a9d000 r--s 00020000 08:01 1084170                    /home/mat/.gradle/caches/modules-2/files-2.1/org.jacoco/org.jacoco.report/0.7.4.201502262128/5c6bb5f95ae695dc4510b95f7d5ad0397e4881ad/org.jacoco.report-0.7.4.201502262128.jar
7f6117a9d000-7f6117a9f000 r--s 0000c000 08:01 1084169                    /home/mat/.gradle/caches/modules-2/files-2.1/org.ow2.asm/asm/5.1/5ef31c4fe953b1fd00b8a88fa1d6820e8785bb45/asm-5.1.jar
7f6117a9f000-7f6117aa1000 r--s 00006000 08:01 1084167                    /home/mat/.gradle/caches/modules-2/files-2.1/org.ow2.asm/asm-tree/5.1/87b38c12a0ea645791ead9d3e74ae5268d1d6c34/asm-tree-5.1.jar
7f6117aa1000-7f6117aa2000 r--s 0000a000 08:01 1084166                    /home/mat/.gradle/caches/modules-2/files-2.1/org.ow2.asm/asm-util/5.1/b60e33a6bd0d71831e0c249816d01e6c1dd90a47/asm-util-5.1.jar
7f6117aa2000-7f6117ab1000 r--s 000c8000 08:01 1084162                    /home/mat/.gradle/caches/modules-2/files-2.1/org.jetbrains.kotlin/kotlin-stdlib/1.1.3-2/9b44c139a4ec57031e0c84ba0e49ba16df6d801c/kotlin-stdlib-1.1.3-2.jar
7f6117ab1000-7f6117ae3000 r--s 0021b000 08:01 1084161                    /home/mat/.gradle/caches/modules-2/files-2.1/org.jetbrains.kotlin/kotlin-reflect/1.1.3-2/2104f139db2a2d230c529b004c34a0993c4c2f19/kotlin-reflect-1.1.3-2.jar
7f6117ae3000-7f6117aee000 r--s 0009b000 08:01 1084160                    /home/mat/.gradle/caches/modules-2/files-2.1/com.android.tools/sdklib/26.0.1/bdb4723f8e3791f1d3911b1f191acf25840f352a/sdklib-26.0.1.jar
7f6117aee000-7f6117afd000 r--s 000da000 08:01 1084157                    /home/mat/.gradle/caches/modules-2/files-2.1/com.android.tools/sdk-common/26.0.1/9ddd2fa552e7b49548c421c0be4e65dc9a245f69/sdk-common-26.0.1.jar
7f6117afd000-7f6117b00000 ---p 00000000 00:00 0 
7f6117b00000-7f6117bfe000 rw-p 00000000 00:00 0 
7f6117bfe000-7f6117c01000 ---p 00000000 00:00 0 
7f6117c01000-7f6117cff000 rw-p 00000000 00:00 0 
7f6117cff000-7f6117d02000 ---p 00000000 00:00 0 
7f6117d02000-7f6118000000 rw-p 00000000 00:00 0 
7f6118000000-7f6118034000 rw-p 00000000 00:00 0 
7f6118034000-7f611c000000 ---p 00000000 00:00 0 
7f611c000000-7f611c072000 rw-p 00000000 00:00 0 
7f611c072000-7f6120000000 ---p 00000000 00:00 0 
7f6120000000-7f6120296000 rw-p 00000000 00:00 0 
7f6120296000-7f6124000000 ---p 00000000 00:00 0 
7f6124000000-7f6124021000 rw-p 00000000 00:00 0 
7f6124021000-7f6128000000 ---p 00000000 00:00 0 
7f6128000000-7f6128021000 rw-p 00000000 00:00 0 
7f6128021000-7f612c000000 ---p 00000000 00:00 0 
7f612c000000-7f612d857000 rw-p 00000000 00:00 0 
7f612d857000-7f6130000000 ---p 00000000 00:00 0 
7f6130000000-7f613003e000 rw-p 00000000 00:00 0 
7f613003e000-7f6134000000 ---p 00000000 00:00 0 
7f6134000000-7f613402a000 rw-p 00000000 00:00 0 
7f613402a000-7f6138000000 ---p 00000000 00:00 0 
7f6138000000-7f6138122000 rw-p 00000000 00:00 0 
7f6138122000-7f613c000000 ---p 00000000 00:00 0 
7f613c000000-7f613c2cf000 rw-p 00000000 00:00 0 
7f613c2cf000-7f6140000000 ---p 00000000 00:00 0 
7f6140000000-7f6140021000 rw-p 00000000 00:00 0 
7f6140021000-7f6144000000 ---p 00000000 00:00 0 
7f6144000000-7f6144021000 rw-p 00000000 00:00 0 
7f6144021000-7f6148000000 ---p 00000000 00:00 0 
7f6148000000-7f6149583000 rw-p 00000000 00:00 0 
7f6149583000-7f614c000000 ---p 00000000 00:00 0 
7f614c000000-7f614c021000 rw-p 00000000 00:00 0 
7f614c021000-7f6150000000 ---p 00000000 00:00 0 
7f6150000000-7f6150021000 rw-p 00000000 00:00 0 
7f6150021000-7f6154000000 ---p 00000000 00:00 0 
7f6154000000-7f6155e52000 rw-p 00000000 00:00 0 
7f6155e52000-7f6158000000 ---p 00000000 00:00 0 
7f6158000000-7f6158021000 rw-p 00000000 00:00 0 
7f6158021000-7f615c000000 ---p 00000000 00:00 0 
7f615c000000-7f615c021000 rw-p 00000000 00:00 0 
7f615c021000-7f6160000000 ---p 00000000 00:00 0 
7f6160000000-7f616066b000 rw-p 00000000 00:00 0 
7f616066b000-7f6164000000 ---p 00000000 00:00 0 
7f6164000000-7f6164021000 rw-p 00000000 00:00 0 
7f6164021000-7f6168000000 ---p 00000000 00:00 0 
7f6168000000-7f6168002000 r--s 0000a000 08:01 1084165                    /home/mat/.gradle/caches/modules-2/files-2.1/org.ow2.asm/asm-commons/5.1/25d8a575034dd9cfcb375a39b5334f0ba9c8474e/asm-commons-5.1.jar
7f6168002000-7f6168003000 r--s 00004000 08:01 1084164                    /home/mat/.gradle/caches/modules-2/files-2.1/org.ow2.asm/asm-analysis/5.1/6d1bf8989fc7901f868bee3863c44f21aa63d110/asm-analysis-5.1.jar
7f6168003000-7f6168009000 r--s 00030000 08:01 1084159                    /home/mat/.gradle/caches/modules-2/files-2.1/com.android.tools/repository/26.0.1/bc0dfe02af8d075f6b7ad63a202ed4c63a6a647d/repository-26.0.1.jar
7f6168009000-7f616800d000 r--s 00023000 08:01 1084158                    /home/mat/.gradle/caches/modules-2/files-2.1/com.android.tools.build/manifest-merger/26.0.1/700cbb1ed4066f48d4970f5669c44a51bd03142/manifest-merger-26.0.1.jar
7f616800d000-7f616801c000 r--s 000cb000 08:01 1084155                    /home/mat/.gradle/caches/modules-2/files-2.1/com.android.tools.external.org-jetbrains/uast/26.0.1/663906c592ce867fa2e9bcbffbe2130397078132/uast-26.0.1.jar
7f616801c000-7f616801f000 ---p 00000000 00:00 0 
7f616801f000-7f616831d000 rw-p 00000000 00:00 0 
7f616831d000-7f616851d000 rw-p 00000000 00:00 0 
7f616851d000-7f616851e000 r--s 00000000 08:01 1084171                    /home/mat/.gradle/caches/modules-2/files-2.1/com.android.tools.build/transform-api/2.0.0-deprecated-use-gradle-api/47f6c56527c42425742fa9b56ffd3fd80763fe03/transform-api-2.0.0-deprecated-use-gradle-api.jar
7f616851e000-7f6168522000 r--s 0002e000 08:01 1084156                    /home/mat/.gradle/caches/modules-2/files-2.1/com.android.databinding/compilerCommon/3.0.1/7f51b3e1636063e491131a0b0436512131cb1bdc/compilerCommon-3.0.1.jar
7f6168522000-7f6168524000 r--s 00003000 08:01 1084154                    /home/mat/.gradle/caches/modules-2/files-2.1/com.android.tools.build/gradle-api/3.0.1/92640ae3c543aa3faee7b954ce641d03949d4401/gradle-api-3.0.1.jar
7f6168524000-7f616852b000 r--s 0007f000 08:01 1084153                    /home/mat/.gradle/caches/modules-2/files-2.1/com.android.tools.lint/lint-api/26.0.1/2d4dd9f4676fbb152e4baf6f6f4cbbb868521832/lint-api-26.0.1.jar
7f616852b000-7f6168534000 r--s 000ff000 08:01 1084152                    /home/mat/.gradle/caches/modules-2/files-2.1/com.android.tools.lint/lint-checks/26.0.1/a5df32c64598e190808accaa03820fb9db9f8201/lint-checks-26.0.1.jar
7f6168534000-7f6168537000 r--s 00039000 08:01 1084151                    /home/mat/.gradle/caches/modules-2/files-2.1/com.android.tools.lint/lint/26.0.1/541bfb082a95a3b55d0158d69b067f1d7c623122/lint-26.0.1.jar
7f6168537000-7f6168567000 r--s 01983000 08:01 1084150                    /home/mat/.gradle/caches/modules-2/files-2.1/com.android.tools.build/builder/3.0.1/1f896967507729bb35ac727c03d3b9306fe87b7d/builder-3.0.1.jar
7f6168567000-7f616858a000 r--s 0020b000 08:01 1084147                    /home/mat/.gradle/caches/modules-2/files-2.1/com.android.tools.build/gradle-core/3.0.1/c2945119335b491ca56e4042f7c8c55dccf5c9c2/gradle-core-3.0.1.jar
7f616858a000-7f616858c000 r--s 0000f000 08:01 1084149                    /home/mat/.gradle/caches/modules-2/files-2.1/com.android.tools.build/gradle/3.0.1/cfa107d4db0c11c11f445a11e768adf61c72ce06/gradle-3.0.1.jar
7f616858c000-7f616878c000 rw-p 00000000 00:00 0 
7f616878c000-7f616898c000 rw-p 00000000 00:00 0 
7f616898c000-7f6168a05000 r--s 010f9000 08:01 1582774                    /usr/lib/jvm/jdk1.8.0_161/lib/tools.jar
7f6168a05000-7f6168a08000 ---p 00000000 00:00 0 
7f6168a08000-7f6168d06000 rw-p 00000000 00:00 0 
7f6168d06000-7f6168d09000 ---p 00000000 00:00 0 
7f6168d09000-7f6168e07000 rw-p 00000000 00:00 0 
7f6168e07000-7f6168e0a000 ---p 00000000 00:00 0 
7f6168e0a000-7f6169108000 rw-p 00000000 00:00 0 
7f6169108000-7f616910b000 ---p 00000000 00:00 0 
7f616910b000-7f6169209000 rw-p 00000000 00:00 0 
7f6169209000-7f616920c000 ---p 00000000 00:00 0 
7f616920c000-7f616930a000 rw-p 00000000 00:00 0 
7f616930a000-7f616930d000 ---p 00000000 00:00 0 
7f616930d000-7f616940b000 rw-p 00000000 00:00 0 
7f616940b000-7f616940e000 ---p 00000000 00:00 0 
7f616940e000-7f616950c000 rw-p 00000000 00:00 0 
7f616950c000-7f616950f000 ---p 00000000 00:00 0 
7f616950f000-7f616960d000 rw-p 00000000 00:00 0 
7f616960d000-7f6169610000 ---p 00000000 00:00 0 
7f6169610000-7f616970e000 rw-p 00000000 00:00 0 
7f616970e000-7f6169711000 ---p 00000000 00:00 0 
7f6169711000-7f616980f000 rw-p 00000000 00:00 0 
7f616980f000-7f6169816000 r--s 00000000 08:01 1718174                    /usr/lib/x86_64-linux-gnu/gconv/gconv-modules.cache
7f6169816000-7f6169819000 ---p 00000000 00:00 0 
7f6169819000-7f6169917000 rw-p 00000000 00:00 0 
7f6169917000-7f616991c000 r--s 0009d000 08:01 1704838                    /usr/lib/jvm/jdk1.8.0_161/jre/lib/jsse.jar
7f616991c000-7f6169b1c000 rw-p 00000000 00:00 0 
7f6169b1c000-7f6169b1f000 ---p 00000000 00:00 0 
7f6169b1f000-7f6169c1d000 rw-p 00000000 00:00 0 
7f6169c1d000-7f6169c26000 r-xp 00000000 08:01 1710048                    /usr/lib/jvm/jdk1.8.0_161/jre/lib/amd64/libmanagement.so
7f6169c26000-7f6169e25000 ---p 00009000 08:01 1710048                    /usr/lib/jvm/jdk1.8.0_161/jre/lib/amd64/libmanagement.so
7f6169e25000-7f6169e26000 rw-p 00008000 08:01 1710048                    /usr/lib/jvm/jdk1.8.0_161/jre/lib/amd64/libmanagement.so
7f6169e26000-7f6169e28000 r--s 00007000 08:01 1072074                    /home/mat/.gradle/wrapper/dists/gradle-4.1-all/bzyivzo6n839fup2jbap0tjew/gradle-4.1/lib/plugins/gradle-tooling-api-builders-4.1.jar
7f6169e28000-7f6169e2b000 r--s 00009000 08:01 1072084                    /home/mat/.gradle/wrapper/dists/gradle-4.1-all/bzyivzo6n839fup2jbap0tjew/gradle-4.1/lib/plugins/gradle-testing-native-4.1.jar
7f6169e2b000-7f6169e2d000 r--s 00009000 08:01 1072157                    /home/mat/.gradle/wrapper/dists/gradle-4.1-all/bzyivzo6n839fup2jbap0tjew/gradle-4.1/lib/plugins/hamcrest-core-1.3.jar
7f6169e2d000-7f6169e32000 r--s 00040000 08:01 1072152                    /home/mat/.gradle/wrapper/dists/gradle-4.1-all/bzyivzo6n839fup2jbap0tjew/gradle-4.1/lib/plugins/bsh-2.0b4.jar
7f6169e32000-7f6169e34000 r--s 00006000 08:01 1072153                    /home/mat/.gradle/wrapper/dists/gradle-4.1-all/bzyivzo6n839fup2jbap0tjew/gradle-4.1/lib/plugins/jcommander-1.12.jar
7f6169e34000-7f6169e3a000 r--s 00033000 08:01 1072154                    /home/mat/.gradle/wrapper/dists/gradle-4.1-all/bzyivzo6n839fup2jbap0tjew/gradle-4.1/lib/plugins/snakeyaml-1.6.jar
7f6169e3a000-7f6169e43000 r--s 00089000 08:01 1072112                    /home/mat/.gradle/wrapper/dists/gradle-4.1-all/bzyivzo6n839fup2jbap0tjew/gradle-4.1/lib/plugins/testng-6.3.1.jar
7f6169e43000-7f6169e4b000 r--s 00045000 08:01 1072113                    /home/mat/.gradle/wrapper/dists/gradle-4.1-all/bzyivzo6n839fup2jbap0tjew/gradle-4.1/lib/plugins/junit-4.12.jar
7f6169e4b000-7f6169e51000 r--s 0002e000 08:01 1072080                    /home/mat/.gradle/wrapper/dists/gradle-4.1-all/bzyivzo6n839fup2jbap0tjew/gradle-4.1/lib/plugins/gradle-testing-jvm-4.1.jar
7f6169e51000-7f6169e55000 r--s 00017000 08:01 1072088                    /home/mat/.gradle/wrapper/dists/gradle-4.1-all/bzyivzo6n839fup2jbap0tjew/gradle-4.1/lib/plugins/gradle-testing-base-4.1.jar
7f6169e55000-7f6169e5c000 r--s 00038000 08:01 1072108                    /home/mat/.gradle/wrapper/dists/gradle-4.1-all/bzyivzo6n839fup2jbap0tjew/gradle-4.1/lib/plugins/bcpg-jdk15on-1.51.jar
7f6169e5c000-7f6169e5e000 r--s 0000c000 08:01 1072059                    /home/mat/.gradle/wrapper/dists/gradle-4.1-all/bzyivzo6n839fup2jbap0tjew/gradle-4.1/lib/plugins/gradle-signing-4.1.jar
7f6169e5e000-7f6169e60000 r--s 00007000 08:01 1072065                    /home/mat/.gradle/wrapper/dists/gradle-4.1-all/bzyivzo6n839fup2jbap0tjew/gradle-4.1/lib/plugins/gradle-scala-4.1.jar
7f6169e60000-7f6169e61000 r--s 00004000 08:01 1072096                    /home/mat/.gradle/wrapper/dists/gradle-4.1-all/bzyivzo6n839fup2jbap0tjew/gradle-4.1/lib/plugins/gradle-resources-sftp-4.1.jar
7f6169e61000-7f6169e71000 r--s 00088000 08:01 1072125                    /home/mat/.gradle/wrapper/dists/gradle-4.1-all/bzyivzo6n839fup2jbap0tjew/gradle-4.1/lib/plugins/joda-time-2.8.2.jar
7f6169e71000-7f6169e82000 r--s 0010d000 08:01 1072124                    /home/mat/.gradle/wrapper/dists/gradle-4.1-all/bzyivzo6n839fup2jbap0tjew/gradle-4.1/lib/plugins/jackson-databind-2.6.6.jar
7f6169e82000-7f6169e85000 r--s 00009000 08:01 1072123                    /home/mat/.gradle/wrapper/dists/gradle-4.1-all/bzyivzo6n839fup2jbap0tjew/gradle-4.1/lib/plugins/jackson-annotations-2.6.6.jar
7f6169e85000-7f6169e89000 r--s 0003c000 08:01 1072122                    /home/mat/.gradle/wrapper/dists/gradle-4.1-all/bzyivzo6n839fup2jbap0tjew/gradle-4.1/lib/plugins/jackson-core-2.6.6.jar
7f6169e89000-7f6169e97000 r--s 00087000 08:01 1072121                    /home/mat/.gradle/wrapper/dists/gradle-4.1-all/bzyivzo6n839fup2jbap0tjew/gradle-4.1/lib/plugins/aws-java-sdk-core-1.11.6.jar
7f6169e97000-7f6169e9e000 r--s 00057000 08:01 1072120                    /home/mat/.gradle/wrapper/dists/gradle-4.1-all/bzyivzo6n839fup2jbap0tjew/gradle-4.1/lib/plugins/aws-java-sdk-kms-1.11.6.jar
7f6169e9e000-7f6169eab000 r--s 0008e000 08:01 1072119                    /home/mat/.gradle/wrapper/dists/gradle-4.1-all/bzyivzo6n839fup2jbap0tjew/gradle-4.1/lib/plugins/aws-java-sdk-s3-1.11.6.jar
7f6169eab000-7f6169ead000 r--s 00004000 08:01 1072093                    /home/mat/.gradle/wrapper/dists/gradle-4.1-all/bzyivzo6n839fup2jbap0tjew/gradle-4.1/lib/plugins/gradle-resources-s3-4.1.jar
7f6169ead000-7f6169eaf000 r--s 00010000 08:01 1072089                    /home/mat/.gradle/wrapper/dists/gradle-4.1-all/bzyivzo6n839fup2jbap0tjew/gradle-4.1/lib/plugins/gradle-reporting-4.1.jar
7f6169eaf000-7f6169eb1000 r--s 00002000 08:01 1072090                    /home/mat/.gradle/wrapper/dists/gradle-4.1-all/bzyivzo6n839fup2jbap0tjew/gradle-4.1/lib/plugins/gradle-publish-4.1.jar
7f6169eb1000-7f6169eb3000 r--s 00009000 08:01 1072101                    /home/mat/.gradle/wrapper/dists/gradle-4.1-all/bzyivzo6n839fup2jbap0tjew/gradle-4.1/lib/plugins/commons-cli-1.2.jar
7f6169eb3000-7f6169eb9000 r--s 00036000 08:01 1072073                    /home/mat/.gradle/wrapper/dists/gradle-4.1-all/bzyivzo6n839fup2jbap0tjew/gradle-4.1/lib/plugins/gradle-plugins-4.1.jar
7f6169eb9000-7f6169ebb000 r--s 00009000 08:01 1072060                    /home/mat/.gradle/wrapper/dists/gradle-4.1-all/bzyivzo6n839fup2jbap0tjew/gradle-4.1/lib/plugins/gradle-plugin-development-4.1.jar
7f6169ebb000-7f6169ec1000 r--s 0002b000 08:01 1072068                    /home/mat/.gradle/wrapper/dists/gradle-4.1-all/bzyivzo6n839fup2jbap0tjew/gradle-4.1/lib/plugins/gradle-platform-play-4.1.jar
7f6169ec1000-7f6169ed0000 r--s 0005b000 08:01 1072086                    /home/mat/.gradle/wrapper/dists/gradle-4.1-all/bzyivzo6n839fup2jbap0tjew/gradle-4.1/lib/plugins/gradle-platform-native-4.1.jar
7f6169ed0000-7f6169ed4000 r--s 0001b000 08:01 1072083                    /home/mat/.gradle/wrapper/dists/gradle-4.1-all/bzyivzo6n839fup2jbap0tjew/gradle-4.1/lib/plugins/gradle-platform-jvm-4.1.jar
7f6169ed4000-7f6169edc000 r--s 00027000 08:01 1072091                    /home/mat/.gradle/wrapper/dists/gradle-4.1-all/bzyivzo6n839fup2jbap0tjew/gradle-4.1/lib/plugins/gradle-platform-base-4.1.jar
7f6169edc000-7f6169f04000 r--s 0021c000 08:01 1072102                    /home/mat/.gradle/wrapper/dists/gradle-4.1-all/bzyivzo6n839fup2jbap0tjew/gradle-4.1/lib/plugins/biz.aQute.bndlib-3.2.0.jar
7f6169f04000-7f6169f05000 r--s 00004000 08:01 1072058                    /home/mat/.gradle/wrapper/dists/gradle-4.1-all/bzyivzo6n839fup2jbap0tjew/gradle-4.1/lib/plugins/gradle-osgi-4.1.jar
7f6169f05000-7f6169f08000 r--s 0000c000 08:01 1072105                    /home/mat/.gradle/wrapper/dists/gradle-4.1-all/bzyivzo6n839fup2jbap0tjew/gradle-4.1/lib/plugins/pmaven-groovy-0.8-20100325.jar
7f6169f08000-7f6169f09000 r--s 00004000 08:01 1072104                    /home/mat/.gradle/wrapper/dists/gradle-4.1-all/bzyivzo6n839fup2jbap0tjew/gradle-4.1/lib/plugins/pmaven-common-0.8-20100325.jar
7f6169f09000-7f6169f0f000 r--s 00023000 08:01 1072061                    /home/mat/.gradle/wrapper/dists/gradle-4.1-all/bzyivzo6n839fup2jbap0tjew/gradle-4.1/lib/plugins/gradle-maven-4.1.jar
7f6169f0f000-7f6169f12000 r--s 0000b000 08:01 1072079                    /home/mat/.gradle/wrapper/dists/gradle-4.1-all/bzyivzo6n839fup2jbap0tjew/gradle-4.1/lib/plugins/gradle-language-scala-4.1.jar
7f6169f12000-7f6169f19000 r--s 00020000 08:01 1072085                    /home/mat/.gradle/wrapper/dists/gradle-4.1-all/bzyivzo6n839fup2jbap0tjew/gradle-4.1/lib/plugins/gradle-language-native-4.1.jar
7f6169f19000-7f6169f1b000 r--s 00005000 08:01 1072082                    /home/mat/.gradle/wrapper/dists/gradle-4.1-all/bzyivzo6n839fup2jbap0tjew/gradle-4.1/lib/plugins/gradle-language-jvm-4.1.jar
7f6169f1b000-7f6169f22000 r--s 0002f000 08:01 1072081                    /home/mat/.gradle/wrapper/dists/gradle-4.1-all/bzyivzo6n839fup2jbap0tjew/gradle-4.1/lib/plugins/gradle-language-java-4.1.jar
7f6169f22000-7f6169f25000 r--s 0000a000 08:01 1072078                    /home/mat/.gradle/wrapper/dists/gradle-4.1-all/bzyivzo6n839fup2jbap0tjew/gradle-4.1/lib/plugins/gradle-language-groovy-4.1.jar
7f6169f25000-7f6169f2c000 r--s 00035000 08:01 1072111                    /home/mat/.gradle/wrapper/dists/gradle-4.1-all/bzyivzo6n839fup2jbap0tjew/gradle-4.1/lib/plugins/simple-4.1.21.jar
7f6169f2c000-7f6169f38000 r--s 00100000 08:01 1072109                    /home/mat/.gradle/wrapper/dists/gradle-4.1-all/bzyivzo6n839fup2jbap0tjew/gradle-4.1/lib/plugins/rhino-1.7R3.jar
7f6169f38000-7f6169f3c000 r--s 00012000 08:01 1072069                    /home/mat/.gradle/wrapper/dists/gradle-4.1-all/bzyivzo6n839fup2jbap0tjew/gradle-4.1/lib/plugins/gradle-javascript-4.1.jar
7f6169f3c000-7f6169f3f000 r--s 00011000 08:01 1072071                    /home/mat/.gradle/wrapper/dists/gradle-4.1-all/bzyivzo6n839fup2jbap0tjew/gradle-4.1/lib/plugins/gradle-jacoco-4.1.jar
7f6169f3f000-7f6169f42000 r--s 0000e000 08:01 1072070                    /home/mat/.gradle/wrapper/dists/gradle-4.1-all/bzyivzo6n839fup2jbap0tjew/gradle-4.1/lib/plugins/gradle-ivy-4.1.jar
7f6169f42000-7f6169f43000 r--s 00002000 08:01 1072062                    /home/mat/.gradle/wrapper/dists/gradle-4.1-all/bzyivzo6n839fup2jbap0tjew/gradle-4.1/lib/plugins/gradle-ide-play-4.1.jar
7f6169f43000-7f6169f46000 r--s 00013000 08:01 1072063                    /home/mat/.gradle/wrapper/dists/gradle-4.1-all/bzyivzo6n839fup2jbap0tjew/gradle-4.1/lib/plugins/gradle-ide-native-4.1.jar
7f6169f46000-7f6169f50000 r--s 00054000 08:01 1072064                    /home/mat/.gradle/wrapper/dists/gradle-4.1-all/bzyivzo6n839fup2jbap0tjew/gradle-4.1/lib/plugins/gradle-ide-4.1.jar
7f6169f50000-7f6169f52000 r--s 00007000 08:01 1072067                    /home/mat/.gradle/wrapper/dists/gradle-4.1-all/bzyivzo6n839fup2jbap0tjew/gradle-4.1/lib/plugins/gradle-ear-4.1.jar
7f6169f52000-7f6169f54000 r--s 00005000 08:01 1072099                    /home/mat/.gradle/wrapper/dists/gradle-4.1-all/bzyivzo6n839fup2jbap0tjew/gradle-4.1/lib/plugins/jatl-0.2.2.jar
7f6169f54000-7f6169f5b000 r--s 00038000 08:01 1072087                    /home/mat/.gradle/wrapper/dists/gradle-4.1-all/bzyivzo6n839fup2jbap0tjew/gradle-4.1/lib/plugins/gradle-diagnostics-4.1.jar
7f6169f5b000-7f6169f5d000 r--s 0000b000 08:01 1072076                    /home/mat/.gradle/wrapper/dists/gradle-4.1-all/bzyivzo6n839fup2jbap0tjew/gradle-4.1/lib/plugins/gradle-composite-builds-4.1.jar
7f6169f5d000-7f6169f62000 r--s 00025000 08:01 1072056                    /home/mat/.gradle/wrapper/dists/gradle-4.1-all/bzyivzo6n839fup2jbap0tjew/gradle-4.1/lib/plugins/gradle-code-quality-4.1.jar
7f6169f62000-7f6169f67000 r--s 00022000 08:01 1072072                    /home/mat/.gradle/wrapper/dists/gradle-4.1-all/bzyivzo6n839fup2jbap0tjew/gradle-4.1/lib/plugins/gradle-build-init-4.1.jar
7f6169f67000-7f6169f6d000 r--s 0008e000 08:01 1072066                    /home/mat/.gradle/wrapper/dists/gradle-4.1-all/bzyivzo6n839fup2jbap0tjew/gradle-4.1/lib/plugins/gradle-build-comparison-4.1.jar
7f6169f6d000-7f6169f6e000 r--s 00002000 08:01 1072094                    /home/mat/.gradle/wrapper/dists/gradle-4.1-all/bzyivzo6n839fup2jbap0tjew/gradle-4.1/lib/plugins/gradle-build-cache-http-4.1.jar
7f6169f6e000-7f6169f70000 r--s 00008000 08:01 1072057                    /home/mat/.gradle/wrapper/dists/gradle-4.1-all/bzyivzo6n839fup2jbap0tjew/gradle-4.1/lib/plugins/gradle-antlr-4.1.jar
7f6169f70000-7f6169f72000 r--s 00004000 08:01 1072077                    /home/mat/.gradle/wrapper/dists/gradle-4.1-all/bzyivzo6n839fup2jbap0tjew/gradle-4.1/lib/plugins/gradle-announce-4.1.jar
7f6169f72000-7f6169f74000 r--s 00008000 08:01 1071997                    /home/mat/.gradle/wrapper/dists/gradle-4.1-all/bzyivzo6n839fup2jbap0tjew/gradle-4.1/lib/gradle-kotlin-dsl-tooling-builders-0.10.3.jar
7f6169f74000-7f6169f77000 r--s 0001c000 08:01 1072115                    /home/mat/.gradle/wrapper/dists/gradle-4.1-all/bzyivzo6n839fup2jbap0tjew/gradle-4.1/lib/plugins/nekohtml-1.9.14.jar
7f6169f77000-7f6169f7f000 r--s 00028000 08:01 1072156                    /home/mat/.gradle/wrapper/dists/gradle-4.1-all/bzyivzo6n839fup2jbap0tjew/gradle-4.1/lib/plugins/xml-apis-1.3.04.jar
7f6169f7f000-7f6169f97000 r--s 00115000 08:01 1072116                    /home/mat/.gradle/wrapper/dists/gradle-4.1-all/bzyivzo6n839fup2jbap0tjew/gradle-4.1/lib/plugins/xercesImpl-2.9.1.jar
7f6169f97000-7f6169f9d000 r--s 0005b000 08:01 1072114                    /home/mat/.gradle/wrapper/dists/gradle-4.1-all/bzyivzo6n839fup2jbap0tjew/gradle-4.1/lib/plugins/jcifs-1.3.17.jar
7f6169f9d000-7f6169fa4000 r--s 00049000 08:01 1072155                    /home/mat/.gradle/wrapper/dists/gradle-4.1-all/bzyivzo6n839fup2jbap0tjew/gradle-4.1/lib/plugins/httpcore-4.4.4.jar
7f6169fa4000-7f6169faa000 r--s 00033000 08:01 1072107                    /home/mat/.gradle/wrapper/dists/gradle-4.1-all/bzyivzo6n839fup2jbap0tjew/gradle-4.1/lib/plugins/commons-codec-1.6.jar
7f6169faa000-7f6169fb7000 r--s 000a4000 08:01 1072100                    /home/mat/.gradle/wrapper/dists/gradle-4.1-all/bzyivzo6n839fup2jbap0tjew/gradle-4.1/lib/plugins/httpclient-4.4.1.jar
7f6169fb7000-7f6169fb9000 r--s 0000b000 08:01 1072095                    /home/mat/.gradle/wrapper/dists/gradle-4.1-all/bzyivzo6n839fup2jbap0tjew/gradle-4.1/lib/plugins/gradle-resources-http-4.1.jar
7f6169fb9000-7f6169fbd000 r--s 00017000 08:01 1072092                    /home/mat/.gradle/wrapper/dists/gradle-4.1-all/bzyivzo6n839fup2jbap0tjew/gradle-4.1/lib/plugins/gradle-plugin-use-4.1.jar
7f6169fbd000-7f6169fbe000 r--s 00000000 08:01 1072003                    /home/mat/.gradle/wrapper/dists/gradle-4.1-all/bzyivzo6n839fup2jbap0tjew/gradle-4.1/lib/gradle-runtime-api-info-4.1.jar
7f6169fbe000-7f6169fbf000 r--s 00000000 08:01 1072006                    /home/mat/.gradle/wrapper/dists/gradle-4.1-all/bzyivzo6n839fup2jbap0tjew/gradle-4.1/lib/gradle-installation-beacon-4.1.jar
7f6169fbf000-7f6169fff000 r--s 00277000 08:01 1072127                    /home/mat/.gradle/wrapper/dists/gradle-4.1-all/bzyivzo6n839fup2jbap0tjew/gradle-4.1/lib/plugins/bcprov-jdk15on-1.51.jar
7f6169fff000-7f616a003000 r--s 0001d000 08:01 1072126                    /home/mat/.gradle/wrapper/dists/gradle-4.1-all/bzyivzo6n839fup2jbap0tjew/gradle-4.1/lib/plugins/xbean-reflect-3.4.jar
7f616a003000-7f616a005000 r--s 0000a000 08:01 1072128                    /home/mat/.gradle/wrapper/dists/gradle-4.1-all/bzyivzo6n839fup2jbap0tjew/gradle-4.1/lib/plugins/maven-settings-3.0.4.jar
7f616a005000-7f616a008000 r--s 00008000 08:01 1072129                    /home/mat/.gradle/wrapper/dists/gradle-4.1-all/bzyivzo6n839fup2jbap0tjew/gradle-4.1/lib/plugins/maven-settings-builder-3.0.4.jar
7f616a008000-7f616a00c000 r--s 00033000 08:01 1072130                    /home/mat/.gradle/wrapper/dists/gradle-4.1-all/bzyivzo6n839fup2jbap0tjew/gradle-4.1/lib/plugins/plexus-utils-2.0.6.jar
7f616a00c000-7f616a00e000 r--s 0000d000 08:01 1072131                    /home/mat/.gradle/wrapper/dists/gradle-4.1-all/bzyivzo6n839fup2jbap0tjew/gradle-4.1/lib/plugins/plexus-interpolation-1.14.jar
7f616a00e000-7f616a010000 r--s 00000000 08:01 1072106                    /home/mat/.gradle/wrapper/dists/gradle-4.1-all/bzyivzo6n839fup2jbap0tjew/gradle-4.1/lib/plugins/plexus-component-annotations-1.5.5.jar
7f616a010000-7f616a017000 r--s 0002e000 08:01 1072132                    /home/mat/.gradle/wrapper/dists/gradle-4.1-all/bzyivzo6n839fup2jbap0tjew/gradle-4.1/lib/plugins/plexus-container-default-1.5.5.jar
7f616a017000-7f616a019000 r--s 0000a000 08:01 1072133                    /home/mat/.gradle/wrapper/dists/gradle-4.1-all/bzyivzo6n839fup2jbap0tjew/gradle-4.1/lib/plugins/plexus-classworlds-2.4.jar
7f616a019000-7f616a01b000 r--s 00002000 08:01 1072134                    /home/mat/.gradle/wrapper/dists/gradle-4.1-all/bzyivzo6n839fup2jbap0tjew/gradle-4.1/lib/plugins/plexus-cipher-1.7.jar
7f616a01b000-7f616a01c000 r--s 00006000 08:01 1072135                    /home/mat/.gradle/wrapper/dists/gradle-4.1-all/bzyivzo6n839fup2jbap0tjew/gradle-4.1/lib/plugins/plexus-sec-dispatcher-1.3.jar
7f616a01c000-7f616a022000 r--s 0003f000 08:01 1072136                    /home/mat/.gradle/wrapper/dists/gradle-4.1-all/bzyivzo6n839fup2jbap0tjew/gradle-4.1/lib/plugins/maven-compat-3.0.4.jar
7f616a022000-7f616a026000 r--s 00021000 08:01 1072137                    /home/mat/.gradle/wrapper/dists/gradle-4.1-all/bzyivzo6n839fup2jbap0tjew/gradle-4.1/lib/plugins/maven-model-builder-3.0.4.jar
7f616a026000-7f616a028000 r--s 00026000 08:01 1072138                    /home/mat/.gradle/wrapper/dists/gradle-4.1-all/bzyivzo6n839fup2jbap0tjew/gradle-4.1/lib/plugins/maven-model-3.0.4.jar
7f616a028000-7f616a02a000 r--s 0000b000 08:01 1072139                    /home/mat/.gradle/wrapper/dists/gradle-4.1-all/bzyivzo6n839fup2jbap0tjew/gradle-4.1/lib/plugins/maven-artifact-3.0.4.jar
7f616a02a000-7f616a02c000 r--s 00006000 08:01 1072140                    /home/mat/.gradle/wrapper/dists/gradle-4.1-all/bzyivzo6n839fup2jbap0tjew/gradle-4.1/lib/plugins/maven-repository-metadata-3.0.4.jar
7f616a02c000-7f616a02e000 r--s 0000b000 08:01 1072141                    /home/mat/.gradle/wrapper/dists/gradle-4.1-all/bzyivzo6n839fup2jbap0tjew/gradle-4.1/lib/plugins/maven-plugin-api-3.0.4.jar
7f616a02e000-7f616a030000 r--s 0000c000 08:01 1072142                    /home/mat/.gradle/wrapper/dists/gradle-4.1-all/bzyivzo6n839fup2jbap0tjew/gradle-4.1/lib/plugins/maven-aether-provider-3.0.4.jar
7f616a030000-7f616a031000 r--s 00002000 08:01 1072143                    /home/mat/.gradle/wrapper/dists/gradle-4.1-all/bzyivzo6n839fup2jbap0tjew/gradle-4.1/lib/plugins/wagon-file-2.4.jar
7f616a031000-7f616a032000 r--s 00002000 08:01 1072144                    /home/mat/.gradle/wrapper/dists/gradle-4.1-all/bzyivzo6n839fup2jbap0tjew/gradle-4.1/lib/plugins/wagon-http-2.4.jar
7f616a032000-7f616a034000 r--s 0000b000 08:01 1072145                    /home/mat/.gradle/wrapper/dists/gradle-4.1-all/bzyivzo6n839fup2jbap0tjew/gradle-4.1/lib/plugins/wagon-provider-api-2.4.jar
7f616a034000-7f616a035000 r--s 00007000 08:01 1072146                    /home/mat/.gradle/wrapper/dists/gradle-4.1-all/bzyivzo6n839fup2jbap0tjew/gradle-4.1/lib/plugins/wagon-http-shared4-2.4.jar
7f616a035000-7f616a038000 r--s 00013000 08:01 1072147                    /home/mat/.gradle/wrapper/dists/gradle-4.1-all/bzyivzo6n839fup2jbap0tjew/gradle-4.1/lib/plugins/aether-api-1.13.1.jar
7f616a038000-7f616a03b000 r--s 0001d000 08:01 1072148                    /home/mat/.gradle/wrapper/dists/gradle-4.1-all/bzyivzo6n839fup2jbap0tjew/gradle-4.1/lib/plugins/aether-impl-1.13.1.jar
7f616a03b000-7f616a03c000 r--s 00003000 08:01 1072149                    /home/mat/.gradle/wrapper/dists/gradle-4.1-all/bzyivzo6n839fup2jbap0tjew/gradle-4.1/lib/plugins/aether-spi-1.13.1.jar
7f616a03c000-7f616a040000 r--s 0001c000 08:01 1072150                    /home/mat/.gradle/wrapper/dists/gradle-4.1-all/bzyivzo6n839fup2jbap0tjew/gradle-4.1/lib/plugins/aether-util-1.13.1.jar
7f616a040000-7f616a042000 r--s 00006000 08:01 1072151                    /home/mat/.gradle/wrapper/dists/gradle-4.1-all/bzyivzo6n839fup2jbap0tjew/gradle-4.1/lib/plugins/aether-connector-wagon-1.13.1.jar
7f616a042000-7f616a04e000 r--s 0007d000 08:01 1072103                    /home/mat/.gradle/wrapper/dists/gradle-4.1-all/bzyivzo6n839fup2jbap0tjew/gradle-4.1/lib/plugins/maven-core-3.0.4.jar
7f616a04e000-7f616a053000 r--s 00034000 08:01 1072110                    /home/mat/.gradle/wrapper/dists/gradle-4.1-all/bzyivzo6n839fup2jbap0tjew/gradle-4.1/lib/plugins/gson-2.7.jar
7f616a053000-7f616a077000 r--s 0011a000 08:01 1072098                    /home/mat/.gradle/wrapper/dists/gradle-4.1-all/bzyivzo6n839fup2jbap0tjew/gradle-4.1/lib/plugins/gradle-dependency-management-4.1.jar
7f616a077000-7f616a08d000 r-xp 00000000 08:01 1316379                    /lib/x86_64-linux-gnu/libgcc_s.so.1
7f616a08d000-7f616a28c000 ---p 00016000 08:01 1316379                    /lib/x86_64-linux-gnu/libgcc_s.so.1
7f616a28c000-7f616a28d000 r--p 00015000 08:01 1316379                    /lib/x86_64-linux-gnu/libgcc_s.so.1
7f616a28d000-7f616a28e000 rw-p 00016000 08:01 1316379                    /lib/x86_64-linux-gnu/libgcc_s.so.1
7f616a28e000-7f616a406000 r-xp 00000000 08:01 1581486                    /usr/lib/x86_64-linux-gnu/libstdc++.so.6.0.24
7f616a406000-7f616a605000 ---p 00178000 08:01 1581486                    /usr/lib/x86_64-linux-gnu/libstdc++.so.6.0.24
7f616a605000-7f616a60f000 r--p 00177000 08:01 1581486                    /usr/lib/x86_64-linux-gnu/libstdc++.so.6.0.24
7f616a60f000-7f616a611000 rw-p 00181000 08:01 1581486                    /usr/lib/x86_64-linux-gnu/libstdc++.so.6.0.24
7f616a611000-7f616a614000 rw-p 00000000 00:00 0 
7f616a614000-7f616a619000 r--s 00040000 08:01 1072118                    /home/mat/.gradle/wrapper/dists/gradle-4.1-all/bzyivzo6n839fup2jbap0tjew/gradle-4.1/lib/plugins/jsch-0.1.54.jar
7f616a619000-7f616a628000 r--s 000d9000 08:01 1072117                    /home/mat/.gradle/wrapper/dists/gradle-4.1-all/bzyivzo6n839fup2jbap0tjew/gradle-4.1/lib/plugins/ivy-2.2.0.jar
7f616a628000-7f616a62b000 r--s 0000d000 08:01 1072097                    /home/mat/.gradle/wrapper/dists/gradle-4.1-all/bzyivzo6n839fup2jbap0tjew/gradle-4.1/lib/plugins/gradle-workers-4.1.jar
7f616a62b000-7f616a630000 r-xp 00000000 08:01 802187                     /home/mat/.gradle/native/25/linux-amd64/libnative-platform.so
7f616a630000-7f616a82f000 ---p 00005000 08:01 802187                     /home/mat/.gradle/native/25/linux-amd64/libnative-platform.so
7f616a82f000-7f616a830000 rw-p 00004000 08:01 802187                     /home/mat/.gradle/native/25/linux-amd64/libnative-platform.so
7f616a830000-7f616a841000 r-xp 00000000 08:01 1710043                    /usr/lib/jvm/jdk1.8.0_161/jre/lib/amd64/libnio.so
7f616a841000-7f616aa40000 ---p 00011000 08:01 1710043                    /usr/lib/jvm/jdk1.8.0_161/jre/lib/amd64/libnio.so
7f616aa40000-7f616aa41000 rw-p 00010000 08:01 1710043                    /usr/lib/jvm/jdk1.8.0_161/jre/lib/amd64/libnio.so
7f616aa41000-7f616aa57000 r-xp 00000000 08:01 1710040                    /usr/lib/jvm/jdk1.8.0_161/jre/lib/amd64/libnet.so
7f616aa57000-7f616ac57000 ---p 00016000 08:01 1710040                    /usr/lib/jvm/jdk1.8.0_161/jre/lib/amd64/libnet.so
7f616ac57000-7f616ac58000 rw-p 00016000 08:01 1710040                    /usr/lib/jvm/jdk1.8.0_161/jre/lib/amd64/libnet.so
7f616ac58000-7f616ac59000 r--s 00006000 08:01 1072005                    /home/mat/.gradle/wrapper/dists/gradle-4.1-all/bzyivzo6n839fup2jbap0tjew/gradle-4.1/lib/gradle-wrapper-4.1.jar
7f616ac59000-7f616ac66000 r--s 00043000 08:01 1072004                    /home/mat/.gradle/wrapper/dists/gradle-4.1-all/bzyivzo6n839fup2jbap0tjew/gradle-4.1/lib/gradle-tooling-api-4.1.jar
7f616ac66000-7f616ac75000 r--s 000c8000 08:01 1072001                    /home/mat/.gradle/wrapper/dists/gradle-4.1-all/bzyivzo6n839fup2jbap0tjew/gradle-4.1/lib/kotlin-stdlib-1.1.3-2.jar
7f616ac75000-7f616aca7000 r--s 0021b000 08:01 1072000                    /home/mat/.gradle/wrapper/dists/gradle-4.1-all/bzyivzo6n839fup2jbap0tjew/gradle-4.1/lib/kotlin-reflect-1.1.3-2.jar
7f616aca7000-7f616ae5e000 r--s 01786000 08:01 1071999                    /home/mat/.gradle/wrapper/dists/gradle-4.1-all/bzyivzo6n839fup2jbap0tjew/gradle-4.1/lib/kotlin-compiler-embeddable-1.1.3-2.jar
7f616ae5e000-7f616ae5f000 r--s 00000000 08:01 1071998                    /home/mat/.gradle/wrapper/dists/gradle-4.1-all/bzyivzo6n839fup2jbap0tjew/gradle-4.1/lib/gradle-kotlin-dsl-tooling-models-0.10.3.jar
7f616ae5f000-7f616ae60000 r--s 00001000 08:01 1071996                    /home/mat/.gradle/wrapper/dists/gradle-4.1-all/bzyivzo6n839fup2jbap0tjew/gradle-4.1/lib/gradle-kotlin-dsl-compiler-plugin-0.10.3.jar
7f616ae60000-7f616ae62000 r--s 00003000 08:01 1071994                    /home/mat/.gradle/wrapper/dists/gradle-4.1-all/bzyivzo6n839fup2jbap0tjew/gradle-4.1/lib/annotations-13.0.jar
7f616ae62000-7f616ae6c000 r--s 00073000 08:01 1071995                    /home/mat/.gradle/wrapper/dists/gradle-4.1-all/bzyivzo6n839fup2jbap0tjew/gradle-4.1/lib/gradle-kotlin-dsl-0.10.3.jar
7f616ae6c000-7f616ae71000 r--s 00013000 08:01 1072011                    /home/mat/.gradle/wrapper/dists/gradle-4.1-all/bzyivzo6n839fup2jbap0tjew/gradle-4.1/lib/gradle-resources-4.1.jar
7f616ae71000-7f616ae73000 r--s 00005000 08:01 1072018                    /home/mat/.gradle/wrapper/dists/gradle-4.1-all/bzyivzo6n839fup2jbap0tjew/gradle-4.1/lib/gradle-cli-4.1.jar
7f616ae73000-7f616ae75000 r--s 00003000 08:01 1072025                    /home/mat/.gradle/wrapper/dists/gradle-4.1-all/bzyivzo6n839fup2jbap0tjew/gradle-4.1/lib/jcl-over-slf4j-1.7.10.jar
7f616ae75000-7f616ae76000 r--s 00005000 08:01 1072024                    /home/mat/.gradle/wrapper/dists/gradle-4.1-all/bzyivzo6n839fup2jbap0tjew/gradle-4.1/lib/log4j-over-slf4j-1.7.10.jar
7f616ae76000-7f616ae78000 r--s 00000000 08:01 1072023                    /home/mat/.gradle/wrapper/dists/gradle-4.1-all/bzyivzo6n839fup2jbap0tjew/gradle-4.1/lib/jul-to-slf4j-1.7.10.jar
7f616ae78000-7f616ae7f000 r--s 0002c000 08:01 1072009                    /home/mat/.gradle/wrapper/dists/gradle-4.1-all/bzyivzo6n839fup2jbap0tjew/gradle-4.1/lib/gradle-logging-4.1.jar
7f616ae7f000-7f616ae8f000 r--s 00082000 08:01 1072014                    /home/mat/.gradle/wrapper/dists/gradle-4.1-all/bzyivzo6n839fup2jbap0tjew/gradle-4.1/lib/gradle-model-core-4.1.jar
7f616ae8f000-7f616ae91000 r--s 00006000 08:01 1072015                    /home/mat/.gradle/wrapper/dists/gradle-4.1-all/bzyivzo6n839fup2jbap0tjew/gradle-4.1/lib/gradle-base-services-groovy-4.1.jar
7f616ae91000-7f616ae93000 r--s 00007000 08:01 1072013                    /home/mat/.gradle/wrapper/dists/gradle-4.1-all/bzyivzo6n839fup2jbap0tjew/gradle-4.1/lib/gradle-model-groovy-4.1.jar
7f616ae93000-7f616ae94000 r--s 00002000 08:01 1072036                    /home/mat/.gradle/wrapper/dists/gradle-4.1-all/bzyivzo6n839fup2jbap0tjew/gradle-4.1/lib/gradle-docs-4.1.jar
7f616ae94000-7f616aea1000 r--s 00083000 08:01 1072034                    /home/mat/.gradle/wrapper/dists/gradle-4.1-all/bzyivzo6n839fup2jbap0tjew/gradle-4.1/lib/commons-collections-3.2.2.jar
7f616aea1000-7f616aea2000 r--s 00000000 08:01 1072033                    /home/mat/.gradle/wrapper/dists/gradle-4.1-all/bzyivzo6n839fup2jbap0tjew/gradle-4.1/lib/javax.inject-1.jar
7f616aea2000-7f616af12000 r--s 00645000 08:01 1072031                    /home/mat/.gradle/wrapper/dists/gradle-4.1-all/bzyivzo6n839fup2jbap0tjew/gradle-4.1/lib/groovy-all-2.4.11.jar
7f616af12000-7f616af15000 r--s 00023000 08:01 1072037                    /home/mat/.gradle/wrapper/dists/gradle-4.1-all/bzyivzo6n839fup2jbap0tjew/gradle-4.1/lib/jansi-1.14.jar
7f616af15000-7f616af16000 r--s 00004000 08:01 1072039                    /home/mat/.gradle/wrapper/dists/gradle-4.1-all/bzyivzo6n839fup2jbap0tjew/gradle-4.1/lib/native-platform-freebsd-amd64-libcpp-0.14.jar
7f616af16000-7f616af17000 r--s 00004000 08:01 1072040                    /home/mat/.gradle/wrapper/dists/gradle-4.1-all/bzyivzo6n839fup2jbap0tjew/gradle-4.1/lib/native-platform-freebsd-amd64-libstdcpp-0.14.jar
7f616af17000-7f616af18000 r--s 00004000 08:01 1072041                    /home/mat/.gradle/wrapper/dists/gradle-4.1-all/bzyivzo6n839fup2jbap0tjew/gradle-4.1/lib/native-platform-freebsd-i386-libcpp-0.14.jar
7f616af18000-7f616af19000 r--s 00003000 08:01 1072042                    /home/mat/.gradle/wrapper/dists/gradle-4.1-all/bzyivzo6n839fup2jbap0tjew/gradle-4.1/lib/native-platform-freebsd-i386-libstdcpp-0.14.jar
7f616af19000-7f616af1a000 r--s 00002000 08:01 1072043                    /home/mat/.gradle/wrapper/dists/gradle-4.1-all/bzyivzo6n839fup2jbap0tjew/gradle-4.1/lib/native-platform-linux-amd64-0.14.jar
7f616af1a000-7f616af1b000 r--s 00002000 08:01 1072044                    /home/mat/.gradle/wrapper/dists/gradle-4.1-all/bzyivzo6n839fup2jbap0tjew/gradle-4.1/lib/native-platform-linux-i386-0.14.jar
7f616af1b000-7f616af1d000 r--s 00002000 08:01 1072045                    /home/mat/.gradle/wrapper/dists/gradle-4.1-all/bzyivzo6n839fup2jbap0tjew/gradle-4.1/lib/native-platform-osx-amd64-0.14.jar
7f616af1d000-7f616af1e000 r--s 00003000 08:01 1072046                    /home/mat/.gradle/wrapper/dists/gradle-4.1-all/bzyivzo6n839fup2jbap0tjew/gradle-4.1/lib/native-platform-osx-i386-0.14.jar
7f616af1e000-7f616af20000 r--s 0000b000 08:01 1072047                    /home/mat/.gradle/wrapper/dists/gradle-4.1-all/bzyivzo6n839fup2jbap0tjew/gradle-4.1/lib/native-platform-windows-amd64-0.14.jar
7f616af20000-7f616af21000 r--s 0000b000 08:01 1072048                    /home/mat/.gradle/wrapper/dists/gradle-4.1-all/bzyivzo6n839fup2jbap0tjew/gradle-4.1/lib/native-platform-windows-i386-0.14.jar
7f616af21000-7f616af22000 r--s 00001000 08:01 1072049                    /home/mat/.gradle/wrapper/dists/gradle-4.1-all/bzyivzo6n839fup2jbap0tjew/gradle-4.1/lib/native-platform-linux-amd64-ncurses5-0.14.jar
7f616af22000-7f616af23000 r--s 00001000 08:01 1072050                    /home/mat/.gradle/wrapper/dists/gradle-4.1-all/bzyivzo6n839fup2jbap0tjew/gradle-4.1/lib/native-platform-linux-amd64-ncurses6-0.14.jar
7f616af23000-7f616af24000 r--s 00001000 08:01 1072051                    /home/mat/.gradle/wrapper/dists/gradle-4.1-all/bzyivzo6n839fup2jbap0tjew/gradle-4.1/lib/native-platform-linux-i386-ncurses5-0.14.jar
7f616af24000-7f616af28000 r--s 00012000 08:01 1072035                    /home/mat/.gradle/wrapper/dists/gradle-4.1-all/bzyivzo6n839fup2jbap0tjew/gradle-4.1/lib/native-platform-0.14.jar
7f616af28000-7f616af2b000 r--s 0000c000 08:01 1072012                    /home/mat/.gradle/wrapper/dists/gradle-4.1-all/bzyivzo6n839fup2jbap0tjew/gradle-4.1/lib/gradle-native-4.1.jar
7f616af2b000-7f616af2d000 r--s 0000f000 08:01 1072020                    /home/mat/.gradle/wrapper/dists/gradle-4.1-all/bzyivzo6n839fup2jbap0tjew/gradle-4.1/lib/reflectasm-1.07-shaded.jar
7f616af2d000-7f616af2f000 r--s 00000000 08:01 1072053                    /home/mat/.gradle/wrapper/dists/gradle-4.1-all/bzyivzo6n839fup2jbap0tjew/gradle-4.1/lib/minlog-1.2.jar
7f616af2f000-7f616af31000 r--s 00007000 08:01 1072054                    /home/mat/.gradle/wrapper/dists/gradle-4.1-all/bzyivzo6n839fup2jbap0tjew/gradle-4.1/lib/objenesis-1.2.jar
7f616af31000-7f616af37000 r--s 0002b000 08:01 1072016                    /home/mat/.gradle/wrapper/dists/gradle-4.1-all/bzyivzo6n839fup2jbap0tjew/gradle-4.1/lib/gradle-messaging-4.1.jar
7f616af37000-7f616af81000 r--s 00253000 08:01 1072007                    /home/mat/.gradle/wrapper/dists/gradle-4.1-all/bzyivzo6n839fup2jbap0tjew/gradle-4.1/lib/gradle-core-4.1.jar
7f616af81000-7f616b017000 r--s 0110a000 08:01 1704843                    /usr/lib/jvm/jdk1.8.0_161/jre/lib/ext/jfxrt.jar
7f616b017000-7f616b018000 ---p 00000000 00:00 0 
7f616b018000-7f616b118000 rw-p 00000000 00:00 0 
7f616b118000-7f616b11b000 ---p 00000000 00:00 0 
7f616b11b000-7f616b219000 rw-p 00000000 00:00 0 
7f616b219000-7f616b21c000 ---p 00000000 00:00 0 
7f616b21c000-7f616b31a000 rw-p 00000000 00:00 0 
7f616b31a000-7f616b31d000 ---p 00000000 00:00 0 
7f616b31d000-7f616b41b000 rw-p 00000000 00:00 0 
7f616b41b000-7f616b41e000 ---p 00000000 00:00 0 
7f616b41e000-7f616b51c000 rw-p 00000000 00:00 0 
7f616b51c000-7f616b7f8000 r--p 00000000 08:01 1574354                    /usr/lib/locale/locale-archive
7f616b7f8000-7f616b7fb000 ---p 00000000 00:00 0 
7f616b7fb000-7f616b8f9000 rw-p 00000000 00:00 0 
7f616b8f9000-7f616b8fc000 ---p 00000000 00:00 0 
7f616b8fc000-7f616b9fa000 rw-p 00000000 00:00 0 
7f616b9fa000-7f616b9fb000 ---p 00000000 00:00 0 
7f616b9fb000-7f616c000000 rw-p 00000000 00:00 0 
7f616c000000-7f616c0b6000 rw-p 00000000 00:00 0 
7f616c0b6000-7f6170000000 ---p 00000000 00:00 0 
7f6170000000-7f6174000000 rw-p 00000000 00:00 0 
7f6174000000-7f6174090000 rw-p 00000000 00:00 0 
7f6174090000-7f6178000000 ---p 00000000 00:00 0 
7f6178000000-7f6178028000 r--s 001cf000 08:01 1072027                    /home/mat/.gradle/wrapper/dists/gradle-4.1-all/bzyivzo6n839fup2jbap0tjew/gradle-4.1/lib/guava-jdk5-17.0.jar
7f6178028000-7f6178047000 r--s 001d1000 08:01 1072032                    /home/mat/.gradle/wrapper/dists/gradle-4.1-all/bzyivzo6n839fup2jbap0tjew/gradle-4.1/lib/ant-1.9.6.jar
7f6178047000-7f6179000000 rw-p 00000000 00:00 0 
7f6179000000-7f617be60000 rwxp 00000000 00:00 0 
7f617be60000-7f6188000000 ---p 00000000 00:00 0 
7f6188000000-7f6188dbe000 rw-p 00000000 00:00 0 
7f6188dbe000-7f618c000000 ---p 00000000 00:00 0 
7f618c000000-7f618c001000 r--s 00001000 08:01 1072052                    /home/mat/.gradle/wrapper/dists/gradle-4.1-all/bzyivzo6n839fup2jbap0tjew/gradle-4.1/lib/native-platform-linux-i386-ncurses6-0.14.jar
7f618c001000-7f618c005000 r--s 00026000 08:01 1072019                    /home/mat/.gradle/wrapper/dists/gradle-4.1-all/bzyivzo6n839fup2jbap0tjew/gradle-4.1/lib/kryo-2.20.jar
7f618c005000-7f618c007000 r--s 00006000 08:01 1072010                    /home/mat/.gradle/wrapper/dists/gradle-4.1-all/bzyivzo6n839fup2jbap0tjew/gradle-4.1/lib/gradle-process-services-4.1.jar
7f618c007000-7f618c009000 r--s 00000000 08:01 1072008                    /home/mat/.gradle/wrapper/dists/gradle-4.1-all/bzyivzo6n839fup2jbap0tjew/gradle-4.1/lib/gradle-jvm-services-4.1.jar
7f618c009000-7f618c00a000 r--s 00000000 08:01 1072030                    /home/mat/.gradle/wrapper/dists/gradle-4.1-all/bzyivzo6n839fup2jbap0tjew/gradle-4.1/lib/jcip-annotations-1.0.jar
7f618c00a000-7f618c00f000 r--s 00041000 08:01 1072029                    /home/mat/.gradle/wrapper/dists/gradle-4.1-all/bzyivzo6n839fup2jbap0tjew/gradle-4.1/lib/commons-lang-2.6.jar
7f618c00f000-7f618c012000 r--s 00006000 08:01 1072028                    /home/mat/.gradle/wrapper/dists/gradle-4.1-all/bzyivzo6n839fup2jbap0tjew/gradle-4.1/lib/jsr305-1.3.9.jar
7f618c012000-7f618c013000 r--s 00007000 08:01 1072026                    /home/mat/.gradle/wrapper/dists/gradle-4.1-all/bzyivzo6n839fup2jbap0tjew/gradle-4.1/lib/slf4j-api-1.7.10.jar
7f618c013000-7f618c1ec000 r--s 03d64000 08:01 1704781                    /usr/lib/jvm/jdk1.8.0_161/jre/lib/rt.jar
7f618c1ec000-7f618c662000 rw-p 00000000 00:00 0 
7f618c662000-7f618c663000 ---p 00000000 00:00 0 
7f618c663000-7f618c763000 rw-p 00000000 00:00 0 
7f618c763000-7f618c764000 ---p 00000000 00:00 0 
7f618c764000-7f618c864000 rw-p 00000000 00:00 0 
7f618c864000-7f618c865000 ---p 00000000 00:00 0 
7f618c865000-7f618ca7d000 rw-p 00000000 00:00 0 
7f618ca7d000-7f618cc10000 ---p 00000000 00:00 0 
7f618cc10000-7f618cd28000 rw-p 00000000 00:00 0 
7f618cd28000-7f618ceba000 ---p 00000000 00:00 0 
7f618ceba000-7f618d010000 rw-p 00000000 00:00 0 
7f618d010000-7f618d0cb000 rw-p 00000000 00:00 0 
7f618d0cb000-7f618d3d1000 ---p 00000000 00:00 0 
7f618d3d1000-7f618d3ec000 r-xp 00000000 08:01 1710036                    /usr/lib/jvm/jdk1.8.0_161/jre/lib/amd64/libzip.so
7f618d3ec000-7f618d5ec000 ---p 0001b000 08:01 1710036                    /usr/lib/jvm/jdk1.8.0_161/jre/lib/amd64/libzip.so
7f618d5ec000-7f618d5ed000 rw-p 0001b000 08:01 1710036                    /usr/lib/jvm/jdk1.8.0_161/jre/lib/amd64/libzip.so
7f618d5ed000-7f618d5f8000 r-xp 00000000 08:01 1316553                    /lib/x86_64-linux-gnu/libnss_files-2.26.so
7f618d5f8000-7f618d7f7000 ---p 0000b000 08:01 1316553                    /lib/x86_64-linux-gnu/libnss_files-2.26.so
7f618d7f7000-7f618d7f8000 r--p 0000a000 08:01 1316553                    /lib/x86_64-linux-gnu/libnss_files-2.26.so
7f618d7f8000-7f618d7f9000 rw-p 0000b000 08:01 1316553                    /lib/x86_64-linux-gnu/libnss_files-2.26.so
7f618d7f9000-7f618d7ff000 rw-p 00000000 00:00 0 
7f618d7ff000-7f618d80a000 r-xp 00000000 08:01 1316555                    /lib/x86_64-linux-gnu/libnss_nis-2.26.so
7f618d80a000-7f618da09000 ---p 0000b000 08:01 1316555                    /lib/x86_64-linux-gnu/libnss_nis-2.26.so
7f618da09000-7f618da0a000 r--p 0000a000 08:01 1316555                    /lib/x86_64-linux-gnu/libnss_nis-2.26.so
7f618da0a000-7f618da0b000 rw-p 0000b000 08:01 1316555                    /lib/x86_64-linux-gnu/libnss_nis-2.26.so
7f618da0b000-7f618da22000 r-xp 00000000 08:01 1316550                    /lib/x86_64-linux-gnu/libnsl-2.26.so
7f618da22000-7f618dc21000 ---p 00017000 08:01 1316550                    /lib/x86_64-linux-gnu/libnsl-2.26.so
7f618dc21000-7f618dc22000 r--p 00016000 08:01 1316550                    /lib/x86_64-linux-gnu/libnsl-2.26.so
7f618dc22000-7f618dc23000 rw-p 00017000 08:01 1316550                    /lib/x86_64-linux-gnu/libnsl-2.26.so
7f618dc23000-7f618dc25000 rw-p 00000000 00:00 0 
7f618dc25000-7f618dc2d000 r-xp 00000000 08:01 1316551                    /lib/x86_64-linux-gnu/libnss_compat-2.26.so
7f618dc2d000-7f618de2c000 ---p 00008000 08:01 1316551                    /lib/x86_64-linux-gnu/libnss_compat-2.26.so
7f618de2c000-7f618de2d000 r--p 00007000 08:01 1316551                    /lib/x86_64-linux-gnu/libnss_compat-2.26.so
7f618de2d000-7f618de2e000 rw-p 00008000 08:01 1316551                    /lib/x86_64-linux-gnu/libnss_compat-2.26.so
7f618de2e000-7f618de59000 r-xp 00000000 08:01 1710030                    /usr/lib/jvm/jdk1.8.0_161/jre/lib/amd64/libjava.so
7f618de59000-7f618e058000 ---p 0002b000 08:01 1710030                    /usr/lib/jvm/jdk1.8.0_161/jre/lib/amd64/libjava.so
7f618e058000-7f618e05a000 rw-p 0002a000 08:01 1710030                    /usr/lib/jvm/jdk1.8.0_161/jre/lib/amd64/libjava.so
7f618e05a000-7f618e067000 r-xp 00000000 08:01 1710035                    /usr/lib/jvm/jdk1.8.0_161/jre/lib/amd64/libverify.so
7f618e067000-7f618e267000 ---p 0000d000 08:01 1710035                    /usr/lib/jvm/jdk1.8.0_161/jre/lib/amd64/libverify.so
7f618e267000-7f618e269000 rw-p 0000d000 08:01 1710035                    /usr/lib/jvm/jdk1.8.0_161/jre/lib/amd64/libverify.so
7f618e269000-7f618e270000 r-xp 00000000 08:01 1316560                    /lib/x86_64-linux-gnu/librt-2.26.so
7f618e270000-7f618e46f000 ---p 00007000 08:01 1316560                    /lib/x86_64-linux-gnu/librt-2.26.so
7f618e46f000-7f618e470000 r--p 00006000 08:01 1316560                    /lib/x86_64-linux-gnu/librt-2.26.so
7f618e470000-7f618e471000 rw-p 00007000 08:01 1316560                    /lib/x86_64-linux-gnu/librt-2.26.so
7f618e471000-7f618e5c6000 r-xp 00000000 08:01 1316547                    /lib/x86_64-linux-gnu/libm-2.26.so
7f618e5c6000-7f618e7c5000 ---p 00155000 08:01 1316547                    /lib/x86_64-linux-gnu/libm-2.26.so
7f618e7c5000-7f618e7c6000 r--p 00154000 08:01 1316547                    /lib/x86_64-linux-gnu/libm-2.26.so
7f618e7c6000-7f618e7c7000 rw-p 00155000 08:01 1316547                    /lib/x86_64-linux-gnu/libm-2.26.so
7f618e7c7000-7f618f4a0000 r-xp 00000000 08:01 1710013                    /usr/lib/jvm/jdk1.8.0_161/jre/lib/amd64/server/libjvm.so
7f618f4a0000-7f618f69f000 ---p 00cd9000 08:01 1710013                    /usr/lib/jvm/jdk1.8.0_161/jre/lib/amd64/server/libjvm.so
7f618f69f000-7f618f778000 rw-p 00cd8000 08:01 1710013                    /usr/lib/jvm/jdk1.8.0_161/jre/lib/amd64/server/libjvm.so
7f618f778000-7f618f7c4000 rw-p 00000000 00:00 0 
7f618f7c4000-7f618f99a000 r-xp 00000000 08:01 1316543                    /lib/x86_64-linux-gnu/libc-2.26.so
7f618f99a000-7f618fb9a000 ---p 001d6000 08:01 1316543                    /lib/x86_64-linux-gnu/libc-2.26.so
7f618fb9a000-7f618fb9e000 r--p 001d6000 08:01 1316543                    /lib/x86_64-linux-gnu/libc-2.26.so
7f618fb9e000-7f618fba0000 rw-p 001da000 08:01 1316543                    /lib/x86_64-linux-gnu/libc-2.26.so
7f618fba0000-7f618fba4000 rw-p 00000000 00:00 0 
7f618fba4000-7f618fba7000 r-xp 00000000 08:01 1316546                    /lib/x86_64-linux-gnu/libdl-2.26.so
7f618fba7000-7f618fda6000 ---p 00003000 08:01 1316546                    /lib/x86_64-linux-gnu/libdl-2.26.so
7f618fda6000-7f618fda7000 r--p 00002000 08:01 1316546                    /lib/x86_64-linux-gnu/libdl-2.26.so
7f618fda7000-7f618fda8000 rw-p 00003000 08:01 1316546                    /lib/x86_64-linux-gnu/libdl-2.26.so
7f618fda8000-7f618fdbe000 r-xp 00000000 08:01 1704610                    /usr/lib/jvm/jdk1.8.0_161/lib/amd64/jli/libjli.so
7f618fdbe000-7f618ffbd000 ---p 00016000 08:01 1704610                    /usr/lib/jvm/jdk1.8.0_161/lib/amd64/jli/libjli.so
7f618ffbd000-7f618ffbe000 rw-p 00015000 08:01 1704610                    /usr/lib/jvm/jdk1.8.0_161/lib/amd64/jli/libjli.so
7f618ffbe000-7f618ffd8000 r-xp 00000000 08:01 1316558                    /lib/x86_64-linux-gnu/libpthread-2.26.so
7f618ffd8000-7f61901d7000 ---p 0001a000 08:01 1316558                    /lib/x86_64-linux-gnu/libpthread-2.26.so
7f61901d7000-7f61901d8000 r--p 00019000 08:01 1316558                    /lib/x86_64-linux-gnu/libpthread-2.26.so
7f61901d8000-7f61901d9000 rw-p 0001a000 08:01 1316558                    /lib/x86_64-linux-gnu/libpthread-2.26.so
7f61901d9000-7f61901dd000 rw-p 00000000 00:00 0 
7f61901dd000-7f6190204000 r-xp 00000000 08:01 1316539                    /lib/x86_64-linux-gnu/ld-2.26.so
7f6190204000-7f6190208000 r--s 00027000 08:01 1072022                    /home/mat/.gradle/wrapper/dists/gradle-4.1-all/bzyivzo6n839fup2jbap0tjew/gradle-4.1/lib/commons-io-2.2.jar
7f6190208000-7f6190210000 r--s 000bd000 08:01 1072021                    /home/mat/.gradle/wrapper/dists/gradle-4.1-all/bzyivzo6n839fup2jbap0tjew/gradle-4.1/lib/asm-debug-all-6.0_ALPHA.jar
7f6190210000-7f619021c000 r--s 00053000 08:01 1072017                    /home/mat/.gradle/wrapper/dists/gradle-4.1-all/bzyivzo6n839fup2jbap0tjew/gradle-4.1/lib/gradle-base-services-4.1.jar
7f619021c000-7f61902e8000 rw-p 00000000 00:00 0 
7f61902e8000-7f61902eb000 ---p 00000000 00:00 0 
7f61902eb000-7f61903ed000 rw-p 00000000 00:00 0 
7f61903ed000-7f61903ee000 r--s 00004000 08:01 1072038                    /home/mat/.gradle/wrapper/dists/gradle-4.1-all/bzyivzo6n839fup2jbap0tjew/gradle-4.1/lib/ant-launcher-1.9.6.jar
7f61903ee000-7f61903fa000 r--s 0005c000 08:01 1072002                    /home/mat/.gradle/wrapper/dists/gradle-4.1-all/bzyivzo6n839fup2jbap0tjew/gradle-4.1/lib/gradle-launcher-4.1.jar
7f61903fa000-7f6190402000 rw-s 00000000 08:01 1074078                    /tmp/hsperfdata_mat/5751
7f6190402000-7f6190403000 rw-p 00000000 00:00 0 
7f6190403000-7f6190404000 ---p 00000000 00:00 0 
7f6190404000-7f6190405000 r--p 00027000 08:01 1316539                    /lib/x86_64-linux-gnu/ld-2.26.so
7f6190405000-7f6190406000 rw-p 00028000 08:01 1316539                    /lib/x86_64-linux-gnu/ld-2.26.so
7f6190406000-7f6190407000 rw-p 00000000 00:00 0 
7fff33865000-7fff33886000 rw-p 00000000 00:00 0                          [stack]
7fff339a4000-7fff339a7000 r--p 00000000 00:00 0                          [vvar]
7fff339a7000-7fff339a9000 r-xp 00000000 00:00 0                          [vdso]
ffffffffff600000-ffffffffff601000 r-xp 00000000 00:00 0                  [vsyscall]

VM Arguments:
jvm_args: -XX:MaxPermSize=512m -XX:+HeapDumpOnOutOfMemoryError -Xmx2048m -Dfile.encoding=UTF-8 -Duser.country=GB -Duser.language=en -Duser.variant 
java_command: org.gradle.launcher.daemon.bootstrap.GradleDaemon 4.1
java_class_path (initial): /home/mat/.gradle/wrapper/dists/gradle-4.1-all/bzyivzo6n839fup2jbap0tjew/gradle-4.1/lib/gradle-launcher-4.1.jar
Launcher Type: SUN_STANDARD

Environment Variables:
PATH=/home/mat/.sdkman/candidates/gradle/current/bin:/home/mat/.cargo/bin:/usr/local/sbin:/usr/local/bin:/usr/sbin:/usr/bin:/sbin:/bin:/usr/games:/usr/local/games:/snap/bin
USERNAME=mat
SHELL=/bin/bash
DISPLAY=:1

Signal Handlers:
SIGSEGV: [libjvm.so+0xad01e0], sa_mask[0]=11111111011111111101111111111110, sa_flags=SA_RESTART|SA_SIGINFO
SIGBUS: [libjvm.so+0xad01e0], sa_mask[0]=11111111011111111101111111111110, sa_flags=SA_RESTART|SA_SIGINFO
SIGFPE: [libjvm.so+0x927fb0], sa_mask[0]=11111111011111111101111111111110, sa_flags=SA_RESTART|SA_SIGINFO
SIGPIPE: [libjvm.so+0x927fb0], sa_mask[0]=11111111011111111101111111111110, sa_flags=SA_RESTART|SA_SIGINFO
SIGXFSZ: [libjvm.so+0x927fb0], sa_mask[0]=11111111011111111101111111111110, sa_flags=SA_RESTART|SA_SIGINFO
SIGILL: [libjvm.so+0x927fb0], sa_mask[0]=11111111011111111101111111111110, sa_flags=SA_RESTART|SA_SIGINFO
SIGUSR1: SIG_DFL, sa_mask[0]=00000000000000000000000000000000, sa_flags=none
SIGUSR2: [libjvm.so+0x9297f0], sa_mask[0]=00100000000000000000000000000000, sa_flags=SA_RESTART|SA_SIGINFO
SIGHUP: [libjvm.so+0x92abf0], sa_mask[0]=11111111011111111101111111111110, sa_flags=SA_RESTART|SA_SIGINFO
SIGINT: [libjvm.so+0x92abf0], sa_mask[0]=11111111011111111101111111111110, sa_flags=SA_RESTART|SA_SIGINFO
SIGTERM: [libjvm.so+0x92abf0], sa_mask[0]=11111111011111111101111111111110, sa_flags=SA_RESTART|SA_SIGINFO
SIGQUIT: [libjvm.so+0x92abf0], sa_mask[0]=11111111011111111101111111111110, sa_flags=SA_RESTART|SA_SIGINFO


---------------  S Y S T E M  ---------------

OS:DISTRIB_ID=Ubuntu
DISTRIB_RELEASE=17.10
DISTRIB_CODENAME=artful
DISTRIB_DESCRIPTION="Ubuntu 17.10"

uname:Linux 4.13.0-32-generic #35-Ubuntu SMP Thu Jan 25 09:13:46 UTC 2018 x86_64
libc:glibc 2.26 NPTL 2.26 
rlimit: STACK 8192k, CORE 0k, NPROC 15568, NOFILE 4096, AS infinity
load average:3.05 2.75 2.34

/proc/meminfo:
MemTotal:        4039636 kB
MemFree:          108480 kB
MemAvailable:      14332 kB
Buffers:            1652 kB
Cached:            70964 kB
SwapCached:        22552 kB
Active:          3095120 kB
Inactive:         630396 kB
Active(anon):    3089096 kB
Inactive(anon):   624468 kB
Active(file):       6024 kB
Inactive(file):     5928 kB
Unevictable:          32 kB
Mlocked:              32 kB
SwapTotal:       1459804 kB
SwapFree:              0 kB
Dirty:               128 kB
Writeback:             0 kB
AnonPages:       3630532 kB
Mapped:            70240 kB
Shmem:             60664 kB
Slab:              94888 kB
SReclaimable:      37036 kB
SUnreclaim:        57852 kB
KernelStack:       13680 kB
PageTables:        58892 kB
NFS_Unstable:          0 kB
Bounce:                0 kB
WritebackTmp:          0 kB
CommitLimit:     3479620 kB
Committed_AS:   11138964 kB
VmallocTotal:   34359738367 kB
VmallocUsed:           0 kB
VmallocChunk:          0 kB
HardwareCorrupted:     0 kB
AnonHugePages:         0 kB
ShmemHugePages:        0 kB
ShmemPmdMapped:        0 kB
CmaTotal:              0 kB
CmaFree:               0 kB
HugePages_Total:       0
HugePages_Free:        0
HugePages_Rsvd:        0
HugePages_Surp:        0
Hugepagesize:       2048 kB
DirectMap4k:      163776 kB
DirectMap2M:     4030464 kB


CPU:total 3 (initial active 3) (3 cores per cpu, 1 threads per core) family 6 model 70 stepping 1, cmov, cx8, fxsr, mmx, sse, sse2, sse3, ssse3, sse4.1, sse4.2, popcnt, avx, aes, clmul, lzcnt, tsc, tscinvbit

/proc/cpuinfo:
processor	: 0
vendor_id	: GenuineIntel
cpu family	: 6
model		: 70
model name	: Intel(R) Core(TM) i7-4870HQ CPU @ 2.50GHz
stepping	: 1
cpu MHz		: 2494.226
cache size	: 6144 KB
physical id	: 0
siblings	: 3
core id		: 0
cpu cores	: 3
apicid		: 0
initial apicid	: 0
fpu		: yes
fpu_exception	: yes
cpuid level	: 13
wp		: yes
flags		: fpu vme de pse tsc msr pae mce cx8 apic sep mtrr pge mca cmov pat pse36 clflush mmx fxsr sse sse2 ht syscall nx rdtscp lm constant_tsc rep_good nopl xtopology nonstop_tsc cpuid pni pclmulqdq ssse3 cx16 sse4_1 sse4_2 x2apic movbe popcnt aes xsave avx rdrand hypervisor lahf_lm abm pti
bugs		: cpu_meltdown spectre_v1 spectre_v2
bogomips	: 4988.45
clflush size	: 64
cache_alignment	: 64
address sizes	: 39 bits physical, 48 bits virtual
power management:

processor	: 1
vendor_id	: GenuineIntel
cpu family	: 6
model		: 70
model name	: Intel(R) Core(TM) i7-4870HQ CPU @ 2.50GHz
stepping	: 1
cpu MHz		: 2494.226
cache size	: 6144 KB
physical id	: 0
siblings	: 3
core id		: 1
cpu cores	: 3
apicid		: 1
initial apicid	: 1
fpu		: yes
fpu_exception	: yes
cpuid level	: 13
wp		: yes
flags		: fpu vme de pse tsc msr pae mce cx8 apic sep mtrr pge mca cmov pat pse36 clflush mmx fxsr sse sse2 ht syscall nx rdtscp lm constant_tsc rep_good nopl xtopology nonstop_tsc cpuid pni pclmulqdq ssse3 cx16 sse4_1 sse4_2 x2apic movbe popcnt aes xsave avx rdrand hypervisor lahf_lm abm pti
bugs		: cpu_meltdown spectre_v1 spectre_v2
bogomips	: 4988.45
clflush size	: 64
cache_alignment	: 64
address sizes	: 39 bits physical, 48 bits virtual
power management:

processor	: 2
vendor_id	: GenuineIntel
cpu family	: 6
model		: 70
model name	: Intel(R) Core(TM) i7-4870HQ CPU @ 2.50GHz
stepping	: 1
cpu MHz		: 2494.226
cache size	: 6144 KB
physical id	: 0
siblings	: 3
core id		: 2
cpu cores	: 3
apicid		: 2
initial apicid	: 2
fpu		: yes
fpu_exception	: yes
cpuid level	: 13
wp		: yes
flags		: fpu vme de pse tsc msr pae mce cx8 apic sep mtrr pge mca cmov pat pse36 clflush mmx fxsr sse sse2 ht syscall nx rdtscp lm constant_tsc rep_good nopl xtopology nonstop_tsc cpuid pni pclmulqdq ssse3 cx16 sse4_1 sse4_2 x2apic movbe popcnt aes xsave avx rdrand hypervisor lahf_lm abm pti
bugs		: cpu_meltdown spectre_v1 spectre_v2
bogomips	: 4988.45
clflush size	: 64
cache_alignment	: 64
address sizes	: 39 bits physical, 48 bits virtual
power management:



Memory: 4k page, physical 4039636k(108480k free), swap 1459804k(0k free)

vm_info: Java HotSpot(TM) 64-Bit Server VM (25.161-b12) for linux-amd64 JRE (1.8.0_161-b12), built on Dec 19 2017 16:12:43 by "java_re" with gcc 4.3.0 20080428 (Red Hat 4.3.0-8)

time: Wed Feb  7 20:46:53 2018
elapsed time: 37 seconds (0d 0h 0m 37s)

